2023-09-22 12:58:09 startup archives install
2023-09-22 12:58:09 install base-passwd:amd64 <none> 3.5.46
2023-09-22 12:58:09 status half-installed base-passwd:amd64 3.5.46
2023-09-22 12:58:09 status unpacked base-passwd:amd64 3.5.46
2023-09-22 12:58:09 configure base-passwd:amd64 3.5.46 3.5.46
2023-09-22 12:58:09 status half-configured base-passwd:amd64 3.5.46
2023-09-22 12:58:10 status installed base-passwd:amd64 3.5.46
2023-09-22 12:58:10 startup archives install
2023-09-22 12:58:10 install base-files:amd64 <none> 10.3+deb10u13
2023-09-22 12:58:10 status half-installed base-files:amd64 10.3+deb10u13
2023-09-22 12:58:10 status unpacked base-files:amd64 10.3+deb10u13
2023-09-22 12:58:10 configure base-files:amd64 10.3+deb10u13 10.3+deb10u13
2023-09-22 12:58:10 status half-configured base-files:amd64 10.3+deb10u13
2023-09-22 12:58:11 status installed base-files:amd64 10.3+deb10u13
2023-09-22 12:58:11 startup archives install
2023-09-22 12:58:11 upgrade dpkg 1.19.8 1.19.8
2023-09-22 12:58:11 status half-configured dpkg 1.19.8
2023-09-22 12:58:11 status unpacked dpkg 1.19.8
2023-09-22 12:58:11 status half-installed dpkg 1.19.8
2023-09-22 12:58:11 status unpacked dpkg:amd64 1.19.8
2023-09-22 12:58:11 configure dpkg:amd64 1.19.8 1.19.8
2023-09-22 12:58:11 status half-configured dpkg:amd64 1.19.8
2023-09-22 12:58:11 status installed dpkg:amd64 1.19.8
2023-09-22 12:58:11 startup archives install
2023-09-22 12:58:11 install libc6:amd64 <none> 2.28-10+deb10u1
2023-09-22 12:58:11 status half-installed libc6:amd64 2.28-10+deb10u1
2023-09-22 12:58:13 status unpacked libc6:amd64 2.28-10+deb10u1
2023-09-22 12:58:13 configure libc6:amd64 2.28-10+deb10u1 2.28-10+deb10u1
2023-09-22 12:58:13 status half-configured libc6:amd64 2.28-10+deb10u1
2023-09-22 12:58:13 status installed libc6:amd64 2.28-10+deb10u1
2023-09-22 12:58:13 startup archives install
2023-09-22 12:58:13 install perl-base:amd64 <none> 5.28.1-6+deb10u1
2023-09-22 12:58:13 status half-installed perl-base:amd64 5.28.1-6+deb10u1
2023-09-22 12:58:14 status unpacked perl-base:amd64 5.28.1-6+deb10u1
2023-09-22 12:58:14 configure perl-base:amd64 5.28.1-6+deb10u1 5.28.1-6+deb10u1
2023-09-22 12:58:14 status half-configured perl-base:amd64 5.28.1-6+deb10u1
2023-09-22 12:58:14 status installed perl-base:amd64 5.28.1-6+deb10u1
2023-09-22 12:58:14 startup archives install
2023-09-22 12:58:14 install mawk:amd64 <none> 1.3.3-17+b3
2023-09-22 12:58:14 status half-installed mawk:amd64 1.3.3-17+b3
2023-09-22 12:58:14 status unpacked mawk:amd64 1.3.3-17+b3
2023-09-22 12:58:14 configure mawk:amd64 1.3.3-17+b3 1.3.3-17+b3
2023-09-22 12:58:14 status half-configured mawk:amd64 1.3.3-17+b3
2023-09-22 12:58:14 status installed mawk:amd64 1.3.3-17+b3
2023-09-22 12:58:14 startup archives install
2023-09-22 12:58:14 install debconf:all <none> 1.5.71+deb10u1
2023-09-22 12:58:14 status half-installed debconf:all 1.5.71+deb10u1
2023-09-22 12:58:14 status unpacked debconf:all 1.5.71+deb10u1
2023-09-22 12:58:14 configure debconf:all 1.5.71+deb10u1 1.5.71+deb10u1
2023-09-22 12:58:14 status half-configured debconf:all 1.5.71+deb10u1
2023-09-22 12:58:15 status installed debconf:all 1.5.71+deb10u1
2023-09-22 12:58:15 startup archives unpack
2023-09-22 12:58:15 install libacl1:amd64 <none> 2.2.53-4
2023-09-22 12:58:15 status half-installed libacl1:amd64 2.2.53-4
2023-09-22 12:58:15 status unpacked libacl1:amd64 2.2.53-4
2023-09-22 12:58:15 install adduser:all <none> 3.118
2023-09-22 12:58:15 status half-installed adduser:all 3.118
2023-09-22 12:58:15 status unpacked adduser:all 3.118
2023-09-22 12:58:15 install apt:amd64 <none> 1.8.2.3
2023-09-22 12:58:15 status half-installed apt:amd64 1.8.2.3
2023-09-22 12:58:16 status unpacked apt:amd64 1.8.2.3
2023-09-22 12:58:16 install libapt-pkg5.0:amd64 <none> 1.8.2.3
2023-09-22 12:58:16 status half-installed libapt-pkg5.0:amd64 1.8.2.3
2023-09-22 12:58:16 status unpacked libapt-pkg5.0:amd64 1.8.2.3
2023-09-22 12:58:16 install libattr1:amd64 <none> 1:2.4.48-4
2023-09-22 12:58:16 status half-installed libattr1:amd64 1:2.4.48-4
2023-09-22 12:58:16 status unpacked libattr1:amd64 1:2.4.48-4
2023-09-22 12:58:16 install libaudit-common:all <none> 1:2.8.4-3
2023-09-22 12:58:16 status half-installed libaudit-common:all 1:2.8.4-3
2023-09-22 12:58:16 status unpacked libaudit-common:all 1:2.8.4-3
2023-09-22 12:58:16 install libaudit1:amd64 <none> 1:2.8.4-3
2023-09-22 12:58:16 status half-installed libaudit1:amd64 1:2.8.4-3
2023-09-22 12:58:16 status unpacked libaudit1:amd64 1:2.8.4-3
2023-09-22 12:58:17 upgrade base-files:amd64 10.3+deb10u13 10.3+deb10u13
2023-09-22 12:58:17 status half-configured base-files:amd64 10.3+deb10u13
2023-09-22 12:58:17 status unpacked base-files:amd64 10.3+deb10u13
2023-09-22 12:58:17 status half-installed base-files:amd64 10.3+deb10u13
2023-09-22 12:58:17 status unpacked base-files:amd64 10.3+deb10u13
2023-09-22 12:58:17 upgrade base-passwd:amd64 3.5.46 3.5.46
2023-09-22 12:58:17 status half-configured base-passwd:amd64 3.5.46
2023-09-22 12:58:17 status unpacked base-passwd:amd64 3.5.46
2023-09-22 12:58:17 status half-installed base-passwd:amd64 3.5.46
2023-09-22 12:58:17 status unpacked base-passwd:amd64 3.5.46
2023-09-22 12:58:17 install bash:amd64 <none> 5.0-4
2023-09-22 12:58:17 status half-installed bash:amd64 5.0-4
2023-09-22 12:58:17 status unpacked bash:amd64 5.0-4
2023-09-22 12:58:17 install libbz2-1.0:amd64 <none> 1.0.6-9.2~deb10u1
2023-09-22 12:58:17 status half-installed libbz2-1.0:amd64 1.0.6-9.2~deb10u1
2023-09-22 12:58:17 status unpacked libbz2-1.0:amd64 1.0.6-9.2~deb10u1
2023-09-22 12:58:17 install libdebconfclient0:amd64 <none> 0.249
2023-09-22 12:58:17 status half-installed libdebconfclient0:amd64 0.249
2023-09-22 12:58:17 status unpacked libdebconfclient0:amd64 0.249
2023-09-22 12:58:18 install coreutils:amd64 <none> 8.30-3
2023-09-22 12:58:18 status half-installed coreutils:amd64 8.30-3
2023-09-22 12:58:18 status unpacked coreutils:amd64 8.30-3
2023-09-22 12:58:18 install dash:amd64 <none> 0.5.10.2-5
2023-09-22 12:58:18 status half-installed dash:amd64 0.5.10.2-5
2023-09-22 12:58:18 status unpacked dash:amd64 0.5.10.2-5
2023-09-22 12:58:18 install libdb5.3:amd64 <none> 5.3.28+dfsg1-0.5
2023-09-22 12:58:18 status half-installed libdb5.3:amd64 5.3.28+dfsg1-0.5
2023-09-22 12:58:19 status unpacked libdb5.3:amd64 5.3.28+dfsg1-0.5
2023-09-22 12:58:19 upgrade debconf:all 1.5.71+deb10u1 1.5.71+deb10u1
2023-09-22 12:58:19 status half-configured debconf:all 1.5.71+deb10u1
2023-09-22 12:58:19 status unpacked debconf:all 1.5.71+deb10u1
2023-09-22 12:58:19 status half-installed debconf:all 1.5.71+deb10u1
2023-09-22 12:58:19 status unpacked debconf:all 1.5.71+deb10u1
2023-09-22 12:58:19 install debian-archive-keyring:all <none> 2019.1+deb10u1
2023-09-22 12:58:19 status half-installed debian-archive-keyring:all 2019.1+deb10u1
2023-09-22 12:58:19 status unpacked debian-archive-keyring:all 2019.1+deb10u1
2023-09-22 12:58:20 install debianutils:amd64 <none> 4.8.6.1
2023-09-22 12:58:20 status half-installed debianutils:amd64 4.8.6.1
2023-09-22 12:58:20 status unpacked debianutils:amd64 4.8.6.1
2023-09-22 12:58:20 install diffutils:amd64 <none> 1:3.7-3
2023-09-22 12:58:20 status half-installed diffutils:amd64 1:3.7-3
2023-09-22 12:58:20 status unpacked diffutils:amd64 1:3.7-3
2023-09-22 12:58:20 upgrade dpkg:amd64 1.19.8 1.19.8
2023-09-22 12:58:20 status half-configured dpkg:amd64 1.19.8
2023-09-22 12:58:20 status unpacked dpkg:amd64 1.19.8
2023-09-22 12:58:20 status half-installed dpkg:amd64 1.19.8
2023-09-22 12:58:20 status unpacked dpkg:amd64 1.19.8
2023-09-22 12:58:20 install e2fsprogs:amd64 <none> 1.44.5-1+deb10u3
2023-09-22 12:58:20 status half-installed e2fsprogs:amd64 1.44.5-1+deb10u3
2023-09-22 12:58:20 status unpacked e2fsprogs:amd64 1.44.5-1+deb10u3
2023-09-22 12:58:21 install libcom-err2:amd64 <none> 1.44.5-1+deb10u3
2023-09-22 12:58:21 status half-installed libcom-err2:amd64 1.44.5-1+deb10u3
2023-09-22 12:58:21 status unpacked libcom-err2:amd64 1.44.5-1+deb10u3
2023-09-22 12:58:21 install libext2fs2:amd64 <none> 1.44.5-1+deb10u3
2023-09-22 12:58:21 status half-installed libext2fs2:amd64 1.44.5-1+deb10u3
2023-09-22 12:58:21 status unpacked libext2fs2:amd64 1.44.5-1+deb10u3
2023-09-22 12:58:21 install libss2:amd64 <none> 1.44.5-1+deb10u3
2023-09-22 12:58:21 status half-installed libss2:amd64 1.44.5-1+deb10u3
2023-09-22 12:58:21 status unpacked libss2:amd64 1.44.5-1+deb10u3
2023-09-22 12:58:21 install findutils:amd64 <none> 4.6.0+git+20190209-2
2023-09-22 12:58:21 status half-installed findutils:amd64 4.6.0+git+20190209-2
2023-09-22 12:58:21 status unpacked findutils:amd64 4.6.0+git+20190209-2
2023-09-22 12:58:21 install gcc-8-base:amd64 <none> 8.3.0-6
2023-09-22 12:58:21 status half-installed gcc-8-base:amd64 8.3.0-6
2023-09-22 12:58:21 status unpacked gcc-8-base:amd64 8.3.0-6
2023-09-22 12:58:21 install libgcc1:amd64 <none> 1:8.3.0-6
2023-09-22 12:58:21 status half-installed libgcc1:amd64 1:8.3.0-6
2023-09-22 12:58:21 status unpacked libgcc1:amd64 1:8.3.0-6
2023-09-22 12:58:21 install libstdc++6:amd64 <none> 8.3.0-6
2023-09-22 12:58:21 status half-installed libstdc++6:amd64 8.3.0-6
2023-09-22 12:58:22 status unpacked libstdc++6:amd64 8.3.0-6
2023-09-22 12:58:22 install libc-bin:amd64 <none> 2.28-10+deb10u1
2023-09-22 12:58:22 status half-installed libc-bin:amd64 2.28-10+deb10u1
2023-09-22 12:58:22 status unpacked libc-bin:amd64 2.28-10+deb10u1
2023-09-22 12:58:22 upgrade libc6:amd64 2.28-10+deb10u1 2.28-10+deb10u1
2023-09-22 12:58:22 status half-configured libc6:amd64 2.28-10+deb10u1
2023-09-22 12:58:22 status unpacked libc6:amd64 2.28-10+deb10u1
2023-09-22 12:58:22 status half-installed libc6:amd64 2.28-10+deb10u1
2023-09-22 12:58:24 status unpacked libc6:amd64 2.28-10+deb10u1
2023-09-22 12:58:24 install libgmp10:amd64 <none> 2:6.1.2+dfsg-4+deb10u1
2023-09-22 12:58:24 status half-installed libgmp10:amd64 2:6.1.2+dfsg-4+deb10u1
2023-09-22 12:58:24 status unpacked libgmp10:amd64 2:6.1.2+dfsg-4+deb10u1
2023-09-22 12:58:24 install gpgv:amd64 <none> 2.2.12-1+deb10u2
2023-09-22 12:58:24 status half-installed gpgv:amd64 2.2.12-1+deb10u2
2023-09-22 12:58:24 status unpacked gpgv:amd64 2.2.12-1+deb10u2
2023-09-22 12:58:24 install libgnutls30:amd64 <none> 3.6.7-4+deb10u8
2023-09-22 12:58:24 status half-installed libgnutls30:amd64 3.6.7-4+deb10u8
2023-09-22 12:58:25 status unpacked libgnutls30:amd64 3.6.7-4+deb10u8
2023-09-22 12:58:25 install grep:amd64 <none> 3.3-1
2023-09-22 12:58:25 status half-installed grep:amd64 3.3-1
2023-09-22 12:58:25 status unpacked grep:amd64 3.3-1
2023-09-22 12:58:25 install gzip:amd64 <none> 1.9-3+deb10u1
2023-09-22 12:58:25 status half-installed gzip:amd64 1.9-3+deb10u1
2023-09-22 12:58:25 status unpacked gzip:amd64 1.9-3+deb10u1
2023-09-22 12:58:25 install hostname:amd64 <none> 3.21
2023-09-22 12:58:25 status half-installed hostname:amd64 3.21
2023-09-22 12:58:25 status unpacked hostname:amd64 3.21
2023-09-22 12:58:25 install init-system-helpers:all <none> 1.56+nmu1
2023-09-22 12:58:25 status half-installed init-system-helpers:all 1.56+nmu1
2023-09-22 12:58:25 status unpacked init-system-helpers:all 1.56+nmu1
2023-09-22 12:58:25 install libcap-ng0:amd64 <none> 0.7.9-2
2023-09-22 12:58:25 status half-installed libcap-ng0:amd64 0.7.9-2
2023-09-22 12:58:25 status unpacked libcap-ng0:amd64 0.7.9-2
2023-09-22 12:58:25 install libffi6:amd64 <none> 3.2.1-9
2023-09-22 12:58:25 status half-installed libffi6:amd64 3.2.1-9
2023-09-22 12:58:25 status unpacked libffi6:amd64 3.2.1-9
2023-09-22 12:58:25 install libgcrypt20:amd64 <none> 1.8.4-5+deb10u1
2023-09-22 12:58:25 status half-installed libgcrypt20:amd64 1.8.4-5+deb10u1
2023-09-22 12:58:26 status unpacked libgcrypt20:amd64 1.8.4-5+deb10u1
2023-09-22 12:58:26 install libgpg-error0:amd64 <none> 1.35-1
2023-09-22 12:58:26 status half-installed libgpg-error0:amd64 1.35-1
2023-09-22 12:58:26 status unpacked libgpg-error0:amd64 1.35-1
2023-09-22 12:58:26 install libidn2-0:amd64 <none> 2.0.5-1+deb10u1
2023-09-22 12:58:26 status half-installed libidn2-0:amd64 2.0.5-1+deb10u1
2023-09-22 12:58:26 status unpacked libidn2-0:amd64 2.0.5-1+deb10u1
2023-09-22 12:58:26 install libseccomp2:amd64 <none> 2.3.3-4
2023-09-22 12:58:26 status half-installed libseccomp2:amd64 2.3.3-4
2023-09-22 12:58:26 status unpacked libseccomp2:amd64 2.3.3-4
2023-09-22 12:58:26 install libselinux1:amd64 <none> 2.8-1+b1
2023-09-22 12:58:26 status half-installed libselinux1:amd64 2.8-1+b1
2023-09-22 12:58:26 status unpacked libselinux1:amd64 2.8-1+b1
2023-09-22 12:58:26 install libsemanage-common:all <none> 2.8-2
2023-09-22 12:58:26 status half-installed libsemanage-common:all 2.8-2
2023-09-22 12:58:26 status unpacked libsemanage-common:all 2.8-2
2023-09-22 12:58:26 install libsemanage1:amd64 <none> 2.8-2
2023-09-22 12:58:26 status half-installed libsemanage1:amd64 2.8-2
2023-09-22 12:58:26 status unpacked libsemanage1:amd64 2.8-2
2023-09-22 12:58:26 install libsepol1:amd64 <none> 2.8-1
2023-09-22 12:58:26 status half-installed libsepol1:amd64 2.8-1
2023-09-22 12:58:27 status unpacked libsepol1:amd64 2.8-1
2023-09-22 12:58:27 install libtasn1-6:amd64 <none> 4.13-3
2023-09-22 12:58:27 status half-installed libtasn1-6:amd64 4.13-3
2023-09-22 12:58:27 status unpacked libtasn1-6:amd64 4.13-3
2023-09-22 12:58:27 install libunistring2:amd64 <none> 0.9.10-1
2023-09-22 12:58:27 status half-installed libunistring2:amd64 0.9.10-1
2023-09-22 12:58:27 status unpacked libunistring2:amd64 0.9.10-1
2023-09-22 12:58:27 install libzstd1:amd64 <none> 1.3.8+dfsg-3+deb10u2
2023-09-22 12:58:27 status half-installed libzstd1:amd64 1.3.8+dfsg-3+deb10u2
2023-09-22 12:58:27 status unpacked libzstd1:amd64 1.3.8+dfsg-3+deb10u2
2023-09-22 12:58:27 install liblz4-1:amd64 <none> 1.8.3-1+deb10u1
2023-09-22 12:58:27 status half-installed liblz4-1:amd64 1.8.3-1+deb10u1
2023-09-22 12:58:27 status unpacked liblz4-1:amd64 1.8.3-1+deb10u1
2023-09-22 12:58:27 upgrade mawk:amd64 1.3.3-17+b3 1.3.3-17+b3
2023-09-22 12:58:27 status half-configured mawk:amd64 1.3.3-17+b3
2023-09-22 12:58:27 status unpacked mawk:amd64 1.3.3-17+b3
2023-09-22 12:58:27 status half-installed mawk:amd64 1.3.3-17+b3
2023-09-22 12:58:27 status unpacked mawk:amd64 1.3.3-17+b3
2023-09-22 12:58:27 install libncursesw6:amd64 <none> 6.1+20181013-2+deb10u2
2023-09-22 12:58:27 status half-installed libncursesw6:amd64 6.1+20181013-2+deb10u2
2023-09-22 12:58:27 status unpacked libncursesw6:amd64 6.1+20181013-2+deb10u2
2023-09-22 12:58:28 install libtinfo6:amd64 <none> 6.1+20181013-2+deb10u2
2023-09-22 12:58:28 status half-installed libtinfo6:amd64 6.1+20181013-2+deb10u2
2023-09-22 12:58:28 status unpacked libtinfo6:amd64 6.1+20181013-2+deb10u2
2023-09-22 12:58:28 install ncurses-base:all <none> 6.1+20181013-2+deb10u2
2023-09-22 12:58:28 status half-installed ncurses-base:all 6.1+20181013-2+deb10u2
2023-09-22 12:58:28 status unpacked ncurses-base:all 6.1+20181013-2+deb10u2
2023-09-22 12:58:28 install ncurses-bin:amd64 <none> 6.1+20181013-2+deb10u2
2023-09-22 12:58:28 status half-installed ncurses-bin:amd64 6.1+20181013-2+deb10u2
2023-09-22 12:58:28 status unpacked ncurses-bin:amd64 6.1+20181013-2+deb10u2
2023-09-22 12:58:28 install libhogweed4:amd64 <none> 3.4.1-1+deb10u1
2023-09-22 12:58:28 status half-installed libhogweed4:amd64 3.4.1-1+deb10u1
2023-09-22 12:58:28 status unpacked libhogweed4:amd64 3.4.1-1+deb10u1
2023-09-22 12:58:28 install libnettle6:amd64 <none> 3.4.1-1+deb10u1
2023-09-22 12:58:28 status half-installed libnettle6:amd64 3.4.1-1+deb10u1
2023-09-22 12:58:28 status unpacked libnettle6:amd64 3.4.1-1+deb10u1
2023-09-22 12:58:28 install libp11-kit0:amd64 <none> 0.23.15-2+deb10u1
2023-09-22 12:58:28 status half-installed libp11-kit0:amd64 0.23.15-2+deb10u1
2023-09-22 12:58:28 status unpacked libp11-kit0:amd64 0.23.15-2+deb10u1
2023-09-22 12:58:28 install libpam-modules:amd64 <none> 1.3.1-5
2023-09-22 12:58:28 status half-installed libpam-modules:amd64 1.3.1-5
2023-09-22 12:58:29 status unpacked libpam-modules:amd64 1.3.1-5
2023-09-22 12:58:29 install libpam-modules-bin:amd64 <none> 1.3.1-5
2023-09-22 12:58:29 status half-installed libpam-modules-bin:amd64 1.3.1-5
2023-09-22 12:58:29 status unpacked libpam-modules-bin:amd64 1.3.1-5
2023-09-22 12:58:29 install libpam-runtime:all <none> 1.3.1-5
2023-09-22 12:58:29 status half-installed libpam-runtime:all 1.3.1-5
2023-09-22 12:58:29 status unpacked libpam-runtime:all 1.3.1-5
2023-09-22 12:58:29 install libpam0g:amd64 <none> 1.3.1-5
2023-09-22 12:58:29 status half-installed libpam0g:amd64 1.3.1-5
2023-09-22 12:58:29 status unpacked libpam0g:amd64 1.3.1-5
2023-09-22 12:58:29 install libpcre3:amd64 <none> 2:8.39-12
2023-09-22 12:58:29 status half-installed libpcre3:amd64 2:8.39-12
2023-09-22 12:58:30 status unpacked libpcre3:amd64 2:8.39-12
2023-09-22 12:58:30 upgrade perl-base:amd64 5.28.1-6+deb10u1 5.28.1-6+deb10u1
2023-09-22 12:58:30 status half-configured perl-base:amd64 5.28.1-6+deb10u1
2023-09-22 12:58:30 status unpacked perl-base:amd64 5.28.1-6+deb10u1
2023-09-22 12:58:30 status half-installed perl-base:amd64 5.28.1-6+deb10u1
2023-09-22 12:58:30 status unpacked perl-base:amd64 5.28.1-6+deb10u1
2023-09-22 12:58:30 install sed:amd64 <none> 4.7-1
2023-09-22 12:58:30 status half-installed sed:amd64 4.7-1
2023-09-22 12:58:30 status unpacked sed:amd64 4.7-1
2023-09-22 12:58:30 install login:amd64 <none> 1:4.5-1.1
2023-09-22 12:58:30 status half-installed login:amd64 1:4.5-1.1
2023-09-22 12:58:31 status unpacked login:amd64 1:4.5-1.1
2023-09-22 12:58:31 install passwd:amd64 <none> 1:4.5-1.1
2023-09-22 12:58:31 status half-installed passwd:amd64 1:4.5-1.1
2023-09-22 12:58:31 status unpacked passwd:amd64 1:4.5-1.1
2023-09-22 12:58:31 install libsystemd0:amd64 <none> 241-7~deb10u8
2023-09-22 12:58:31 status half-installed libsystemd0:amd64 241-7~deb10u8
2023-09-22 12:58:31 status unpacked libsystemd0:amd64 241-7~deb10u8
2023-09-22 12:58:31 install libudev1:amd64 <none> 241-7~deb10u8
2023-09-22 12:58:31 status half-installed libudev1:amd64 241-7~deb10u8
2023-09-22 12:58:31 status unpacked libudev1:amd64 241-7~deb10u8
2023-09-22 12:58:31 install sysvinit-utils:amd64 <none> 2.93-8
2023-09-22 12:58:31 status half-installed sysvinit-utils:amd64 2.93-8
2023-09-22 12:58:31 status unpacked sysvinit-utils:amd64 2.93-8
2023-09-22 12:58:32 install tar:amd64 <none> 1.30+dfsg-6
2023-09-22 12:58:32 status half-installed tar:amd64 1.30+dfsg-6
2023-09-22 12:58:32 status unpacked tar:amd64 1.30+dfsg-6
2023-09-22 12:58:32 install tzdata:all <none> 2021a-0+deb10u6
2023-09-22 12:58:32 status half-installed tzdata:all 2021a-0+deb10u6
2023-09-22 12:58:32 status unpacked tzdata:all 2021a-0+deb10u6
2023-09-22 12:58:32 install bsdutils:amd64 <none> 1:2.33.1-0.1
2023-09-22 12:58:32 status half-installed bsdutils:amd64 1:2.33.1-0.1
2023-09-22 12:58:32 status unpacked bsdutils:amd64 1:2.33.1-0.1
2023-09-22 12:58:32 install fdisk:amd64 <none> 2.33.1-0.1
2023-09-22 12:58:32 status half-installed fdisk:amd64 2.33.1-0.1
2023-09-22 12:58:32 status unpacked fdisk:amd64 2.33.1-0.1
2023-09-22 12:58:33 install libblkid1:amd64 <none> 2.33.1-0.1
2023-09-22 12:58:33 status half-installed libblkid1:amd64 2.33.1-0.1
2023-09-22 12:58:33 status unpacked libblkid1:amd64 2.33.1-0.1
2023-09-22 12:58:33 install libfdisk1:amd64 <none> 2.33.1-0.1
2023-09-22 12:58:33 status half-installed libfdisk1:amd64 2.33.1-0.1
2023-09-22 12:58:33 status unpacked libfdisk1:amd64 2.33.1-0.1
2023-09-22 12:58:33 install libmount1:amd64 <none> 2.33.1-0.1
2023-09-22 12:58:33 status half-installed libmount1:amd64 2.33.1-0.1
2023-09-22 12:58:33 status unpacked libmount1:amd64 2.33.1-0.1
2023-09-22 12:58:33 install libsmartcols1:amd64 <none> 2.33.1-0.1
2023-09-22 12:58:33 status half-installed libsmartcols1:amd64 2.33.1-0.1
2023-09-22 12:58:33 status unpacked libsmartcols1:amd64 2.33.1-0.1
2023-09-22 12:58:33 install libuuid1:amd64 <none> 2.33.1-0.1
2023-09-22 12:58:33 status half-installed libuuid1:amd64 2.33.1-0.1
2023-09-22 12:58:33 status unpacked libuuid1:amd64 2.33.1-0.1
2023-09-22 12:58:33 install mount:amd64 <none> 2.33.1-0.1
2023-09-22 12:58:33 status half-installed mount:amd64 2.33.1-0.1
2023-09-22 12:58:33 status unpacked mount:amd64 2.33.1-0.1
2023-09-22 12:58:33 install util-linux:amd64 <none> 2.33.1-0.1
2023-09-22 12:58:33 status half-installed util-linux:amd64 2.33.1-0.1
2023-09-22 12:58:34 status unpacked util-linux:amd64 2.33.1-0.1
2023-09-22 12:58:34 install liblzma5:amd64 <none> 5.2.4-1+deb10u1
2023-09-22 12:58:34 status half-installed liblzma5:amd64 5.2.4-1+deb10u1
2023-09-22 12:58:34 status unpacked liblzma5:amd64 5.2.4-1+deb10u1
2023-09-22 12:58:34 install zlib1g:amd64 <none> 1:1.2.11.dfsg-1+deb10u1
2023-09-22 12:58:34 status half-installed zlib1g:amd64 1:1.2.11.dfsg-1+deb10u1
2023-09-22 12:58:34 status unpacked zlib1g:amd64 1:1.2.11.dfsg-1+deb10u1
2023-09-22 12:58:34 startup packages configure
2023-09-22 12:58:34 configure debian-archive-keyring:all 2019.1+deb10u1 <none>
2023-09-22 12:58:34 status unpacked debian-archive-keyring:all 2019.1+deb10u1
2023-09-22 12:58:34 status half-configured debian-archive-keyring:all 2019.1+deb10u1
2023-09-22 12:58:34 status installed debian-archive-keyring:all 2019.1+deb10u1
2023-09-22 12:58:34 configure libaudit-common:all 1:2.8.4-3 <none>
2023-09-22 12:58:34 status unpacked libaudit-common:all 1:2.8.4-3
2023-09-22 12:58:34 status half-configured libaudit-common:all 1:2.8.4-3
2023-09-22 12:58:34 status installed libaudit-common:all 1:2.8.4-3
2023-09-22 12:58:34 configure libsemanage-common:all 2.8-2 <none>
2023-09-22 12:58:34 status unpacked libsemanage-common:all 2.8-2
2023-09-22 12:58:34 status half-configured libsemanage-common:all 2.8-2
2023-09-22 12:58:34 status installed libsemanage-common:all 2.8-2
2023-09-22 12:58:34 configure ncurses-base:all 6.1+20181013-2+deb10u2 <none>
2023-09-22 12:58:34 status unpacked ncurses-base:all 6.1+20181013-2+deb10u2
2023-09-22 12:58:34 status half-configured ncurses-base:all 6.1+20181013-2+deb10u2
2023-09-22 12:58:34 status installed ncurses-base:all 6.1+20181013-2+deb10u2
2023-09-22 12:58:34 configure gcc-8-base:amd64 8.3.0-6 <none>
2023-09-22 12:58:34 status unpacked gcc-8-base:amd64 8.3.0-6
2023-09-22 12:58:34 status half-configured gcc-8-base:amd64 8.3.0-6
2023-09-22 12:58:34 status installed gcc-8-base:amd64 8.3.0-6
2023-09-22 12:58:34 configure libc6:amd64 2.28-10+deb10u1 <none>
2023-09-22 12:58:34 status unpacked libc6:amd64 2.28-10+deb10u1
2023-09-22 12:58:34 status half-configured libc6:amd64 2.28-10+deb10u1
2023-09-22 12:58:35 status installed libc6:amd64 2.28-10+deb10u1
2023-09-22 12:58:35 configure libudev1:amd64 241-7~deb10u8 <none>
2023-09-22 12:58:35 status unpacked libudev1:amd64 241-7~deb10u8
2023-09-22 12:58:35 status half-configured libudev1:amd64 241-7~deb10u8
2023-09-22 12:58:35 status installed libudev1:amd64 241-7~deb10u8
2023-09-22 12:58:35 configure libsepol1:amd64 2.8-1 <none>
2023-09-22 12:58:35 status unpacked libsepol1:amd64 2.8-1
2023-09-22 12:58:35 status half-configured libsepol1:amd64 2.8-1
2023-09-22 12:58:35 status installed libsepol1:amd64 2.8-1
2023-09-22 12:58:35 configure libattr1:amd64 1:2.4.48-4 <none>
2023-09-22 12:58:35 status unpacked libattr1:amd64 1:2.4.48-4
2023-09-22 12:58:35 status half-configured libattr1:amd64 1:2.4.48-4
2023-09-22 12:58:35 status installed libattr1:amd64 1:2.4.48-4
2023-09-22 12:58:35 configure libtasn1-6:amd64 4.13-3 <none>
2023-09-22 12:58:35 status unpacked libtasn1-6:amd64 4.13-3
2023-09-22 12:58:35 status half-configured libtasn1-6:amd64 4.13-3
2023-09-22 12:58:35 status installed libtasn1-6:amd64 4.13-3
2023-09-22 12:58:35 configure debianutils:amd64 4.8.6.1 <none>
2023-09-22 12:58:35 status unpacked debianutils:amd64 4.8.6.1
2023-09-22 12:58:35 status half-configured debianutils:amd64 4.8.6.1
2023-09-22 12:58:35 status installed debianutils:amd64 4.8.6.1
2023-09-22 12:58:35 configure mawk:amd64 1.3.3-17+b3 <none>
2023-09-22 12:58:35 status unpacked mawk:amd64 1.3.3-17+b3
2023-09-22 12:58:35 status half-configured mawk:amd64 1.3.3-17+b3
2023-09-22 12:58:35 status installed mawk:amd64 1.3.3-17+b3
2023-09-22 12:58:35 configure libdebconfclient0:amd64 0.249 <none>
2023-09-22 12:58:35 status unpacked libdebconfclient0:amd64 0.249
2023-09-22 12:58:35 status half-configured libdebconfclient0:amd64 0.249
2023-09-22 12:58:35 status installed libdebconfclient0:amd64 0.249
2023-09-22 12:58:35 configure base-files:amd64 10.3+deb10u13 <none>
2023-09-22 12:58:35 status unpacked base-files:amd64 10.3+deb10u13
2023-09-22 12:58:35 status half-configured base-files:amd64 10.3+deb10u13
2023-09-22 12:58:35 status installed base-files:amd64 10.3+deb10u13
2023-09-22 12:58:35 configure libbz2-1.0:amd64 1.0.6-9.2~deb10u1 <none>
2023-09-22 12:58:35 status unpacked libbz2-1.0:amd64 1.0.6-9.2~deb10u1
2023-09-22 12:58:35 status half-configured libbz2-1.0:amd64 1.0.6-9.2~deb10u1
2023-09-22 12:58:35 status installed libbz2-1.0:amd64 1.0.6-9.2~deb10u1
2023-09-22 12:58:35 configure base-passwd:amd64 3.5.46 <none>
2023-09-22 12:58:35 status unpacked base-passwd:amd64 3.5.46
2023-09-22 12:58:35 status half-configured base-passwd:amd64 3.5.46
2023-09-22 12:58:36 status installed base-passwd:amd64 3.5.46
2023-09-22 12:58:36 configure libdb5.3:amd64 5.3.28+dfsg1-0.5 <none>
2023-09-22 12:58:36 status unpacked libdb5.3:amd64 5.3.28+dfsg1-0.5
2023-09-22 12:58:36 status half-configured libdb5.3:amd64 5.3.28+dfsg1-0.5
2023-09-22 12:58:36 status installed libdb5.3:amd64 5.3.28+dfsg1-0.5
2023-09-22 12:58:36 configure libtinfo6:amd64 6.1+20181013-2+deb10u2 <none>
2023-09-22 12:58:36 status unpacked libtinfo6:amd64 6.1+20181013-2+deb10u2
2023-09-22 12:58:36 status half-configured libtinfo6:amd64 6.1+20181013-2+deb10u2
2023-09-22 12:58:36 status installed libtinfo6:amd64 6.1+20181013-2+deb10u2
2023-09-22 12:58:36 configure bash:amd64 5.0-4 <none>
2023-09-22 12:58:36 status unpacked bash:amd64 5.0-4
2023-09-22 12:58:36 status half-configured bash:amd64 5.0-4
2023-09-22 12:58:36 status installed bash:amd64 5.0-4
2023-09-22 12:58:36 configure libzstd1:amd64 1.3.8+dfsg-3+deb10u2 <none>
2023-09-22 12:58:36 status unpacked libzstd1:amd64 1.3.8+dfsg-3+deb10u2
2023-09-22 12:58:36 status half-configured libzstd1:amd64 1.3.8+dfsg-3+deb10u2
2023-09-22 12:58:36 status installed libzstd1:amd64 1.3.8+dfsg-3+deb10u2
2023-09-22 12:58:36 configure liblzma5:amd64 5.2.4-1+deb10u1 <none>
2023-09-22 12:58:36 status unpacked liblzma5:amd64 5.2.4-1+deb10u1
2023-09-22 12:58:36 status half-configured liblzma5:amd64 5.2.4-1+deb10u1
2023-09-22 12:58:36 status installed liblzma5:amd64 5.2.4-1+deb10u1
2023-09-22 12:58:36 configure libgpg-error0:amd64 1.35-1 <none>
2023-09-22 12:58:36 status unpacked libgpg-error0:amd64 1.35-1
2023-09-22 12:58:36 status half-configured libgpg-error0:amd64 1.35-1
2023-09-22 12:58:36 status installed libgpg-error0:amd64 1.35-1
2023-09-22 12:58:36 configure libgcc1:amd64 1:8.3.0-6 <none>
2023-09-22 12:58:36 status unpacked libgcc1:amd64 1:8.3.0-6
2023-09-22 12:58:36 status half-configured libgcc1:amd64 1:8.3.0-6
2023-09-22 12:58:36 status installed libgcc1:amd64 1:8.3.0-6
2023-09-22 12:58:36 configure liblz4-1:amd64 1.8.3-1+deb10u1 <none>
2023-09-22 12:58:36 status unpacked liblz4-1:amd64 1.8.3-1+deb10u1
2023-09-22 12:58:36 status half-configured liblz4-1:amd64 1.8.3-1+deb10u1
2023-09-22 12:58:36 status installed liblz4-1:amd64 1.8.3-1+deb10u1
2023-09-22 12:58:36 configure libc-bin:amd64 2.28-10+deb10u1 <none>
2023-09-22 12:58:36 status unpacked libc-bin:amd64 2.28-10+deb10u1
2023-09-22 12:58:36 status half-configured libc-bin:amd64 2.28-10+deb10u1
2023-09-22 12:58:36 status installed libc-bin:amd64 2.28-10+deb10u1
2023-09-22 12:58:36 configure ncurses-bin:amd64 6.1+20181013-2+deb10u2 <none>
2023-09-22 12:58:36 status unpacked ncurses-bin:amd64 6.1+20181013-2+deb10u2
2023-09-22 12:58:36 status half-configured ncurses-bin:amd64 6.1+20181013-2+deb10u2
2023-09-22 12:58:36 status installed ncurses-bin:amd64 6.1+20181013-2+deb10u2
2023-09-22 12:58:36 configure libacl1:amd64 2.2.53-4 <none>
2023-09-22 12:58:36 status triggers-pending libc-bin:amd64 2.28-10+deb10u1
2023-09-22 12:58:36 status unpacked libacl1:amd64 2.2.53-4
2023-09-22 12:58:36 status half-configured libacl1:amd64 2.2.53-4
2023-09-22 12:58:36 status installed libacl1:amd64 2.2.53-4
2023-09-22 12:58:36 configure libunistring2:amd64 0.9.10-1 <none>
2023-09-22 12:58:36 status unpacked libunistring2:amd64 0.9.10-1
2023-09-22 12:58:36 status half-configured libunistring2:amd64 0.9.10-1
2023-09-22 12:58:36 status installed libunistring2:amd64 0.9.10-1
2023-09-22 12:58:36 configure libsmartcols1:amd64 2.33.1-0.1 <none>
2023-09-22 12:58:36 status unpacked libsmartcols1:amd64 2.33.1-0.1
2023-09-22 12:58:36 status half-configured libsmartcols1:amd64 2.33.1-0.1
2023-09-22 12:58:36 status installed libsmartcols1:amd64 2.33.1-0.1
2023-09-22 12:58:36 configure libgcrypt20:amd64 1.8.4-5+deb10u1 <none>
2023-09-22 12:58:36 status unpacked libgcrypt20:amd64 1.8.4-5+deb10u1
2023-09-22 12:58:36 status half-configured libgcrypt20:amd64 1.8.4-5+deb10u1
2023-09-22 12:58:36 status installed libgcrypt20:amd64 1.8.4-5+deb10u1
2023-09-22 12:58:36 configure zlib1g:amd64 1:1.2.11.dfsg-1+deb10u1 <none>
2023-09-22 12:58:36 status unpacked zlib1g:amd64 1:1.2.11.dfsg-1+deb10u1
2023-09-22 12:58:36 status half-configured zlib1g:amd64 1:1.2.11.dfsg-1+deb10u1
2023-09-22 12:58:36 status installed zlib1g:amd64 1:1.2.11.dfsg-1+deb10u1
2023-09-22 12:58:36 configure libffi6:amd64 3.2.1-9 <none>
2023-09-22 12:58:36 status unpacked libffi6:amd64 3.2.1-9
2023-09-22 12:58:36 status half-configured libffi6:amd64 3.2.1-9
2023-09-22 12:58:36 status installed libffi6:amd64 3.2.1-9
2023-09-22 12:58:36 configure libidn2-0:amd64 2.0.5-1+deb10u1 <none>
2023-09-22 12:58:36 status unpacked libidn2-0:amd64 2.0.5-1+deb10u1
2023-09-22 12:58:36 status half-configured libidn2-0:amd64 2.0.5-1+deb10u1
2023-09-22 12:58:36 status installed libidn2-0:amd64 2.0.5-1+deb10u1
2023-09-22 12:58:36 configure libcom-err2:amd64 1.44.5-1+deb10u3 <none>
2023-09-22 12:58:36 status unpacked libcom-err2:amd64 1.44.5-1+deb10u3
2023-09-22 12:58:36 status half-configured libcom-err2:amd64 1.44.5-1+deb10u3
2023-09-22 12:58:36 status installed libcom-err2:amd64 1.44.5-1+deb10u3
2023-09-22 12:58:36 configure diffutils:amd64 1:3.7-3 <none>
2023-09-22 12:58:36 status unpacked diffutils:amd64 1:3.7-3
2023-09-22 12:58:36 status half-configured diffutils:amd64 1:3.7-3
2023-09-22 12:58:36 status installed diffutils:amd64 1:3.7-3
2023-09-22 12:58:36 configure libseccomp2:amd64 2.3.3-4 <none>
2023-09-22 12:58:36 status unpacked libseccomp2:amd64 2.3.3-4
2023-09-22 12:58:36 status half-configured libseccomp2:amd64 2.3.3-4
2023-09-22 12:58:36 status installed libseccomp2:amd64 2.3.3-4
2023-09-22 12:58:36 configure libsystemd0:amd64 241-7~deb10u8 <none>
2023-09-22 12:58:36 status unpacked libsystemd0:amd64 241-7~deb10u8
2023-09-22 12:58:36 status half-configured libsystemd0:amd64 241-7~deb10u8
2023-09-22 12:58:37 status installed libsystemd0:amd64 241-7~deb10u8
2023-09-22 12:58:37 configure hostname:amd64 3.21 <none>
2023-09-22 12:58:37 status unpacked hostname:amd64 3.21
2023-09-22 12:58:37 status half-configured hostname:amd64 3.21
2023-09-22 12:58:37 status installed hostname:amd64 3.21
2023-09-22 12:58:37 configure libpcre3:amd64 2:8.39-12 <none>
2023-09-22 12:58:37 status unpacked libpcre3:amd64 2:8.39-12
2023-09-22 12:58:37 status half-configured libpcre3:amd64 2:8.39-12
2023-09-22 12:58:37 status installed libpcre3:amd64 2:8.39-12
2023-09-22 12:58:37 configure libcap-ng0:amd64 0.7.9-2 <none>
2023-09-22 12:58:37 status unpacked libcap-ng0:amd64 0.7.9-2
2023-09-22 12:58:37 status half-configured libcap-ng0:amd64 0.7.9-2
2023-09-22 12:58:37 status installed libcap-ng0:amd64 0.7.9-2
2023-09-22 12:58:37 configure libext2fs2:amd64 1.44.5-1+deb10u3 <none>
2023-09-22 12:58:37 status unpacked libext2fs2:amd64 1.44.5-1+deb10u3
2023-09-22 12:58:37 status half-configured libext2fs2:amd64 1.44.5-1+deb10u3
2023-09-22 12:58:37 status installed libext2fs2:amd64 1.44.5-1+deb10u3
2023-09-22 12:58:37 configure libgmp10:amd64 2:6.1.2+dfsg-4+deb10u1 <none>
2023-09-22 12:58:37 status unpacked libgmp10:amd64 2:6.1.2+dfsg-4+deb10u1
2023-09-22 12:58:37 status half-configured libgmp10:amd64 2:6.1.2+dfsg-4+deb10u1
2023-09-22 12:58:37 status installed libgmp10:amd64 2:6.1.2+dfsg-4+deb10u1
2023-09-22 12:58:37 configure libp11-kit0:amd64 0.23.15-2+deb10u1 <none>
2023-09-22 12:58:37 status unpacked libp11-kit0:amd64 0.23.15-2+deb10u1
2023-09-22 12:58:37 status half-configured libp11-kit0:amd64 0.23.15-2+deb10u1
2023-09-22 12:58:37 status installed libp11-kit0:amd64 0.23.15-2+deb10u1
2023-09-22 12:58:37 configure libaudit1:amd64 1:2.8.4-3 <none>
2023-09-22 12:58:37 status unpacked libaudit1:amd64 1:2.8.4-3
2023-09-22 12:58:37 status half-configured libaudit1:amd64 1:2.8.4-3
2023-09-22 12:58:37 status installed libaudit1:amd64 1:2.8.4-3
2023-09-22 12:58:37 configure libuuid1:amd64 2.33.1-0.1 <none>
2023-09-22 12:58:37 status unpacked libuuid1:amd64 2.33.1-0.1
2023-09-22 12:58:37 status half-configured libuuid1:amd64 2.33.1-0.1
2023-09-22 12:58:37 status installed libuuid1:amd64 2.33.1-0.1
2023-09-22 12:58:37 configure libss2:amd64 1.44.5-1+deb10u3 <none>
2023-09-22 12:58:37 status unpacked libss2:amd64 1.44.5-1+deb10u3
2023-09-22 12:58:37 status half-configured libss2:amd64 1.44.5-1+deb10u3
2023-09-22 12:58:37 status installed libss2:amd64 1.44.5-1+deb10u3
2023-09-22 12:58:37 configure libncursesw6:amd64 6.1+20181013-2+deb10u2 <none>
2023-09-22 12:58:37 status unpacked libncursesw6:amd64 6.1+20181013-2+deb10u2
2023-09-22 12:58:37 status half-configured libncursesw6:amd64 6.1+20181013-2+deb10u2
2023-09-22 12:58:37 status installed libncursesw6:amd64 6.1+20181013-2+deb10u2
2023-09-22 12:58:37 configure libnettle6:amd64 3.4.1-1+deb10u1 <none>
2023-09-22 12:58:37 status unpacked libnettle6:amd64 3.4.1-1+deb10u1
2023-09-22 12:58:37 status half-configured libnettle6:amd64 3.4.1-1+deb10u1
2023-09-22 12:58:37 status installed libnettle6:amd64 3.4.1-1+deb10u1
2023-09-22 12:58:37 configure gpgv:amd64 2.2.12-1+deb10u2 <none>
2023-09-22 12:58:37 status unpacked gpgv:amd64 2.2.12-1+deb10u2
2023-09-22 12:58:37 status half-configured gpgv:amd64 2.2.12-1+deb10u2
2023-09-22 12:58:37 status installed gpgv:amd64 2.2.12-1+deb10u2
2023-09-22 12:58:37 configure libblkid1:amd64 2.33.1-0.1 <none>
2023-09-22 12:58:37 status unpacked libblkid1:amd64 2.33.1-0.1
2023-09-22 12:58:37 status half-configured libblkid1:amd64 2.33.1-0.1
2023-09-22 12:58:37 status installed libblkid1:amd64 2.33.1-0.1
2023-09-22 12:58:37 configure libstdc++6:amd64 8.3.0-6 <none>
2023-09-22 12:58:37 status unpacked libstdc++6:amd64 8.3.0-6
2023-09-22 12:58:37 status half-configured libstdc++6:amd64 8.3.0-6
2023-09-22 12:58:37 status installed libstdc++6:amd64 8.3.0-6
2023-09-22 12:58:37 configure bsdutils:amd64 1:2.33.1-0.1 <none>
2023-09-22 12:58:37 status unpacked bsdutils:amd64 1:2.33.1-0.1
2023-09-22 12:58:37 status half-configured bsdutils:amd64 1:2.33.1-0.1
2023-09-22 12:58:37 status installed bsdutils:amd64 1:2.33.1-0.1
2023-09-22 12:58:37 configure libhogweed4:amd64 3.4.1-1+deb10u1 <none>
2023-09-22 12:58:37 status unpacked libhogweed4:amd64 3.4.1-1+deb10u1
2023-09-22 12:58:37 status half-configured libhogweed4:amd64 3.4.1-1+deb10u1
2023-09-22 12:58:37 status installed libhogweed4:amd64 3.4.1-1+deb10u1
2023-09-22 12:58:37 configure e2fsprogs:amd64 1.44.5-1+deb10u3 <none>
2023-09-22 12:58:37 status unpacked e2fsprogs:amd64 1.44.5-1+deb10u3
2023-09-22 12:58:37 status half-configured e2fsprogs:amd64 1.44.5-1+deb10u3
2023-09-22 12:58:37 status installed e2fsprogs:amd64 1.44.5-1+deb10u3
2023-09-22 12:58:37 configure libselinux1:amd64 2.8-1+b1 <none>
2023-09-22 12:58:37 status unpacked libselinux1:amd64 2.8-1+b1
2023-09-22 12:58:37 status half-configured libselinux1:amd64 2.8-1+b1
2023-09-22 12:58:37 status installed libselinux1:amd64 2.8-1+b1
2023-09-22 12:58:37 configure libgnutls30:amd64 3.6.7-4+deb10u8 <none>
2023-09-22 12:58:37 status unpacked libgnutls30:amd64 3.6.7-4+deb10u8
2023-09-22 12:58:37 status half-configured libgnutls30:amd64 3.6.7-4+deb10u8
2023-09-22 12:58:37 status installed libgnutls30:amd64 3.6.7-4+deb10u8
2023-09-22 12:58:37 configure sed:amd64 4.7-1 <none>
2023-09-22 12:58:37 status unpacked sed:amd64 4.7-1
2023-09-22 12:58:37 status half-configured sed:amd64 4.7-1
2023-09-22 12:58:37 status installed sed:amd64 4.7-1
2023-09-22 12:58:37 configure libfdisk1:amd64 2.33.1-0.1 <none>
2023-09-22 12:58:37 status unpacked libfdisk1:amd64 2.33.1-0.1
2023-09-22 12:58:37 status half-configured libfdisk1:amd64 2.33.1-0.1
2023-09-22 12:58:37 status installed libfdisk1:amd64 2.33.1-0.1
2023-09-22 12:58:37 configure findutils:amd64 4.6.0+git+20190209-2 <none>
2023-09-22 12:58:37 status unpacked findutils:amd64 4.6.0+git+20190209-2
2023-09-22 12:58:37 status half-configured findutils:amd64 4.6.0+git+20190209-2
2023-09-22 12:58:37 status installed findutils:amd64 4.6.0+git+20190209-2
2023-09-22 12:58:37 configure libmount1:amd64 2.33.1-0.1 <none>
2023-09-22 12:58:37 status unpacked libmount1:amd64 2.33.1-0.1
2023-09-22 12:58:37 status half-configured libmount1:amd64 2.33.1-0.1
2023-09-22 12:58:37 status installed libmount1:amd64 2.33.1-0.1
2023-09-22 12:58:37 configure libapt-pkg5.0:amd64 1.8.2.3 <none>
2023-09-22 12:58:37 status unpacked libapt-pkg5.0:amd64 1.8.2.3
2023-09-22 12:58:37 status half-configured libapt-pkg5.0:amd64 1.8.2.3
2023-09-22 12:58:37 status installed libapt-pkg5.0:amd64 1.8.2.3
2023-09-22 12:58:37 configure libsemanage1:amd64 2.8-2 <none>
2023-09-22 12:58:37 status unpacked libsemanage1:amd64 2.8-2
2023-09-22 12:58:37 status half-configured libsemanage1:amd64 2.8-2
2023-09-22 12:58:37 status installed libsemanage1:amd64 2.8-2
2023-09-22 12:58:37 configure tar:amd64 1.30+dfsg-6 <none>
2023-09-22 12:58:37 status unpacked tar:amd64 1.30+dfsg-6
2023-09-22 12:58:37 status half-configured tar:amd64 1.30+dfsg-6
2023-09-22 12:58:37 status installed tar:amd64 1.30+dfsg-6
2023-09-22 12:58:37 configure coreutils:amd64 8.30-3 <none>
2023-09-22 12:58:37 status unpacked coreutils:amd64 8.30-3
2023-09-22 12:58:37 status half-configured coreutils:amd64 8.30-3
2023-09-22 12:58:37 status installed coreutils:amd64 8.30-3
2023-09-22 12:58:37 configure fdisk:amd64 2.33.1-0.1 <none>
2023-09-22 12:58:37 status unpacked fdisk:amd64 2.33.1-0.1
2023-09-22 12:58:37 status half-configured fdisk:amd64 2.33.1-0.1
2023-09-22 12:58:37 status installed fdisk:amd64 2.33.1-0.1
2023-09-22 12:58:37 configure dpkg:amd64 1.19.8 <none>
2023-09-22 12:58:37 status unpacked dpkg:amd64 1.19.8
2023-09-22 12:58:37 status half-configured dpkg:amd64 1.19.8
2023-09-22 12:58:37 status installed dpkg:amd64 1.19.8
2023-09-22 12:58:37 configure grep:amd64 3.3-1 <none>
2023-09-22 12:58:37 status unpacked grep:amd64 3.3-1
2023-09-22 12:58:37 status half-configured grep:amd64 3.3-1
2023-09-22 12:58:37 status installed grep:amd64 3.3-1
2023-09-22 12:58:37 configure perl-base:amd64 5.28.1-6+deb10u1 <none>
2023-09-22 12:58:37 status unpacked perl-base:amd64 5.28.1-6+deb10u1
2023-09-22 12:58:37 status half-configured perl-base:amd64 5.28.1-6+deb10u1
2023-09-22 12:58:37 status installed perl-base:amd64 5.28.1-6+deb10u1
2023-09-22 12:58:37 configure init-system-helpers:all 1.56+nmu1 <none>
2023-09-22 12:58:37 status unpacked init-system-helpers:all 1.56+nmu1
2023-09-22 12:58:37 status half-configured init-system-helpers:all 1.56+nmu1
2023-09-22 12:58:37 status installed init-system-helpers:all 1.56+nmu1
2023-09-22 12:58:37 configure gzip:amd64 1.9-3+deb10u1 <none>
2023-09-22 12:58:37 status unpacked gzip:amd64 1.9-3+deb10u1
2023-09-22 12:58:37 status half-configured gzip:amd64 1.9-3+deb10u1
2023-09-22 12:58:37 status installed gzip:amd64 1.9-3+deb10u1
2023-09-22 12:58:37 configure debconf:all 1.5.71+deb10u1 <none>
2023-09-22 12:58:37 status unpacked debconf:all 1.5.71+deb10u1
2023-09-22 12:58:37 status half-configured debconf:all 1.5.71+deb10u1
2023-09-22 12:58:37 status installed debconf:all 1.5.71+deb10u1
2023-09-22 12:58:37 configure tzdata:all 2021a-0+deb10u6 <none>
2023-09-22 12:58:37 status unpacked tzdata:all 2021a-0+deb10u6
2023-09-22 12:58:37 status half-configured tzdata:all 2021a-0+deb10u6
2023-09-22 12:58:38 status installed tzdata:all 2021a-0+deb10u6
2023-09-22 12:58:38 configure libpam0g:amd64 1.3.1-5 <none>
2023-09-22 12:58:38 status unpacked libpam0g:amd64 1.3.1-5
2023-09-22 12:58:38 status half-configured libpam0g:amd64 1.3.1-5
2023-09-22 12:58:38 status installed libpam0g:amd64 1.3.1-5
2023-09-22 12:58:38 configure dash:amd64 0.5.10.2-5 <none>
2023-09-22 12:58:38 status unpacked dash:amd64 0.5.10.2-5
2023-09-22 12:58:38 status half-configured dash:amd64 0.5.10.2-5
2023-09-22 12:58:39 status installed dash:amd64 0.5.10.2-5
2023-09-22 12:58:39 configure libpam-modules-bin:amd64 1.3.1-5 <none>
2023-09-22 12:58:39 status unpacked libpam-modules-bin:amd64 1.3.1-5
2023-09-22 12:58:39 status half-configured libpam-modules-bin:amd64 1.3.1-5
2023-09-22 12:58:39 status installed libpam-modules-bin:amd64 1.3.1-5
2023-09-22 12:58:39 configure libpam-modules:amd64 1.3.1-5 <none>
2023-09-22 12:58:39 status unpacked libpam-modules:amd64 1.3.1-5
2023-09-22 12:58:39 status half-configured libpam-modules:amd64 1.3.1-5
2023-09-22 12:58:39 status installed libpam-modules:amd64 1.3.1-5
2023-09-22 12:58:39 configure passwd:amd64 1:4.5-1.1 <none>
2023-09-22 12:58:39 status unpacked passwd:amd64 1:4.5-1.1
2023-09-22 12:58:39 status half-configured passwd:amd64 1:4.5-1.1
2023-09-22 12:58:40 status installed passwd:amd64 1:4.5-1.1
2023-09-22 12:58:40 configure libpam-runtime:all 1.3.1-5 <none>
2023-09-22 12:58:40 status unpacked libpam-runtime:all 1.3.1-5
2023-09-22 12:58:40 status half-configured libpam-runtime:all 1.3.1-5
2023-09-22 12:58:40 status installed libpam-runtime:all 1.3.1-5
2023-09-22 12:58:40 configure login:amd64 1:4.5-1.1 <none>
2023-09-22 12:58:40 status unpacked login:amd64 1:4.5-1.1
2023-09-22 12:58:40 status half-configured login:amd64 1:4.5-1.1
2023-09-22 12:58:40 status installed login:amd64 1:4.5-1.1
2023-09-22 12:58:40 configure adduser:all 3.118 <none>
2023-09-22 12:58:40 status unpacked adduser:all 3.118
2023-09-22 12:58:40 status half-configured adduser:all 3.118
2023-09-22 12:58:41 status installed adduser:all 3.118
2023-09-22 12:58:41 configure apt:amd64 1.8.2.3 <none>
2023-09-22 12:58:41 status unpacked apt:amd64 1.8.2.3
2023-09-22 12:58:41 status half-configured apt:amd64 1.8.2.3
2023-09-22 12:58:43 status installed apt:amd64 1.8.2.3
2023-09-22 12:58:43 configure util-linux:amd64 2.33.1-0.1 <none>
2023-09-22 12:58:43 status unpacked util-linux:amd64 2.33.1-0.1
2023-09-22 12:58:43 status half-configured util-linux:amd64 2.33.1-0.1
2023-09-22 12:58:44 status installed util-linux:amd64 2.33.1-0.1
2023-09-22 12:58:44 configure mount:amd64 2.33.1-0.1 <none>
2023-09-22 12:58:44 status unpacked mount:amd64 2.33.1-0.1
2023-09-22 12:58:44 status half-configured mount:amd64 2.33.1-0.1
2023-09-22 12:58:44 status installed mount:amd64 2.33.1-0.1
2023-09-22 12:58:44 configure sysvinit-utils:amd64 2.93-8 <none>
2023-09-22 12:58:44 status unpacked sysvinit-utils:amd64 2.93-8
2023-09-22 12:58:44 status half-configured sysvinit-utils:amd64 2.93-8
2023-09-22 12:58:44 status installed sysvinit-utils:amd64 2.93-8
2023-09-22 12:58:44 trigproc libc-bin:amd64 2.28-10+deb10u1 <none>
2023-09-22 12:58:44 status half-configured libc-bin:amd64 2.28-10+deb10u1
2023-09-22 12:58:44 status installed libc-bin:amd64 2.28-10+deb10u1
2023-09-22 12:58:46 startup archives install
2023-09-22 12:58:47 install libapparmor1:amd64 <none> 2.13.2-10
2023-09-22 12:58:47 status triggers-pending libc-bin:amd64 2.28-10+deb10u1
2023-09-22 12:58:47 status half-installed libapparmor1:amd64 2.13.2-10
2023-09-22 12:58:47 status unpacked libapparmor1:amd64 2.13.2-10
2023-09-22 12:58:47 install libargon2-1:amd64 <none> 0~20171227-0.2
2023-09-22 12:58:47 status half-installed libargon2-1:amd64 0~20171227-0.2
2023-09-22 12:58:47 status unpacked libargon2-1:amd64 0~20171227-0.2
2023-09-22 12:58:47 install libcryptsetup12:amd64 <none> 2:2.1.0-5+deb10u2
2023-09-22 12:58:47 status half-installed libcryptsetup12:amd64 2:2.1.0-5+deb10u2
2023-09-22 12:58:47 status unpacked libcryptsetup12:amd64 2:2.1.0-5+deb10u2
2023-09-22 12:58:47 install libip4tc0:amd64 <none> 1.8.2-4
2023-09-22 12:58:47 status half-installed libip4tc0:amd64 1.8.2-4
2023-09-22 12:58:47 status unpacked libip4tc0:amd64 1.8.2-4
2023-09-22 12:58:47 install libjson-c3:amd64 <none> 0.12.1+ds-2+deb10u1
2023-09-22 12:58:47 status half-installed libjson-c3:amd64 0.12.1+ds-2+deb10u1
2023-09-22 12:58:47 status unpacked libjson-c3:amd64 0.12.1+ds-2+deb10u1
2023-09-22 12:58:47 install libkmod2:amd64 <none> 26-1
2023-09-22 12:58:47 status half-installed libkmod2:amd64 26-1
2023-09-22 12:58:47 status unpacked libkmod2:amd64 26-1
2023-09-22 12:58:47 install libcap2:amd64 <none> 1:2.25-2
2023-09-22 12:58:47 status half-installed libcap2:amd64 1:2.25-2
2023-09-22 12:58:47 status unpacked libcap2:amd64 1:2.25-2
2023-09-22 12:58:47 install libidn11:amd64 <none> 1.33-2.2
2023-09-22 12:58:47 status half-installed libidn11:amd64 1.33-2.2
2023-09-22 12:58:47 status unpacked libidn11:amd64 1.33-2.2
2023-09-22 12:58:48 install dmsetup:amd64 <none> 2:1.02.155-3
2023-09-22 12:58:48 status half-installed dmsetup:amd64 2:1.02.155-3
2023-09-22 12:58:48 status unpacked dmsetup:amd64 2:1.02.155-3
2023-09-22 12:58:48 install libdevmapper1.02.1:amd64 <none> 2:1.02.155-3
2023-09-22 12:58:48 status half-installed libdevmapper1.02.1:amd64 2:1.02.155-3
2023-09-22 12:58:48 status unpacked libdevmapper1.02.1:amd64 2:1.02.155-3
2023-09-22 12:58:48 install libssl1.1:amd64 <none> 1.1.1n-0+deb10u3
2023-09-22 12:58:48 status half-installed libssl1.1:amd64 1.1.1n-0+deb10u3
2023-09-22 12:58:48 status unpacked libssl1.1:amd64 1.1.1n-0+deb10u3
2023-09-22 12:58:48 install systemd:amd64 <none> 241-7~deb10u8
2023-09-22 12:58:48 status half-installed systemd:amd64 241-7~deb10u8
2023-09-22 12:58:50 status unpacked systemd:amd64 241-7~deb10u8
2023-09-22 12:58:50 configure libapparmor1:amd64 2.13.2-10 2.13.2-10
2023-09-22 12:58:50 status half-configured libapparmor1:amd64 2.13.2-10
2023-09-22 12:58:50 status installed libapparmor1:amd64 2.13.2-10
2023-09-22 12:58:50 configure libargon2-1:amd64 0~20171227-0.2 0~20171227-0.2
2023-09-22 12:58:50 status half-configured libargon2-1:amd64 0~20171227-0.2
2023-09-22 12:58:50 status installed libargon2-1:amd64 0~20171227-0.2
2023-09-22 12:58:50 configure libip4tc0:amd64 1.8.2-4 1.8.2-4
2023-09-22 12:58:50 status half-configured libip4tc0:amd64 1.8.2-4
2023-09-22 12:58:50 status installed libip4tc0:amd64 1.8.2-4
2023-09-22 12:58:50 configure libjson-c3:amd64 0.12.1+ds-2+deb10u1 0.12.1+ds-2+deb10u1
2023-09-22 12:58:50 status half-configured libjson-c3:amd64 0.12.1+ds-2+deb10u1
2023-09-22 12:58:50 status installed libjson-c3:amd64 0.12.1+ds-2+deb10u1
2023-09-22 12:58:50 configure libcap2:amd64 1:2.25-2 1:2.25-2
2023-09-22 12:58:50 status half-configured libcap2:amd64 1:2.25-2
2023-09-22 12:58:50 status installed libcap2:amd64 1:2.25-2
2023-09-22 12:58:50 configure libidn11:amd64 1.33-2.2 1.33-2.2
2023-09-22 12:58:50 status half-configured libidn11:amd64 1.33-2.2
2023-09-22 12:58:50 status installed libidn11:amd64 1.33-2.2
2023-09-22 12:58:50 configure libssl1.1:amd64 1.1.1n-0+deb10u3 1.1.1n-0+deb10u3
2023-09-22 12:58:50 status half-configured libssl1.1:amd64 1.1.1n-0+deb10u3
2023-09-22 12:58:50 status installed libssl1.1:amd64 1.1.1n-0+deb10u3
2023-09-22 12:58:50 configure libkmod2:amd64 26-1 26-1
2023-09-22 12:58:50 status half-configured libkmod2:amd64 26-1
2023-09-22 12:58:50 status installed libkmod2:amd64 26-1
2023-09-22 12:58:50 configure libdevmapper1.02.1:amd64 2:1.02.155-3 2:1.02.155-3
2023-09-22 12:58:50 status half-configured libdevmapper1.02.1:amd64 2:1.02.155-3
2023-09-22 12:58:50 status installed libdevmapper1.02.1:amd64 2:1.02.155-3
2023-09-22 12:58:50 configure libcryptsetup12:amd64 2:2.1.0-5+deb10u2 2:2.1.0-5+deb10u2
2023-09-22 12:58:50 status half-configured libcryptsetup12:amd64 2:2.1.0-5+deb10u2
2023-09-22 12:58:50 status installed libcryptsetup12:amd64 2:2.1.0-5+deb10u2
2023-09-22 12:58:50 configure dmsetup:amd64 2:1.02.155-3 2:1.02.155-3
2023-09-22 12:58:50 status half-configured dmsetup:amd64 2:1.02.155-3
2023-09-22 12:58:50 status installed dmsetup:amd64 2:1.02.155-3
2023-09-22 12:58:50 configure systemd:amd64 241-7~deb10u8 241-7~deb10u8
2023-09-22 12:58:50 status half-configured systemd:amd64 241-7~deb10u8
2023-09-22 12:58:52 status installed systemd:amd64 241-7~deb10u8
2023-09-22 12:58:52 trigproc libc-bin:amd64 2.28-10+deb10u1 <none>
2023-09-22 12:58:52 status half-configured libc-bin:amd64 2.28-10+deb10u1
2023-09-22 12:58:52 status installed libc-bin:amd64 2.28-10+deb10u1
2023-09-22 12:58:55 startup archives install
2023-09-22 12:58:55 install systemd-sysv:amd64 <none> 241-7~deb10u8
2023-09-22 12:58:55 status half-installed systemd-sysv:amd64 241-7~deb10u8
2023-09-22 12:58:56 status unpacked systemd-sysv:amd64 241-7~deb10u8
2023-09-22 12:58:56 configure systemd-sysv:amd64 241-7~deb10u8 241-7~deb10u8
2023-09-22 12:58:56 status half-configured systemd-sysv:amd64 241-7~deb10u8
2023-09-22 12:58:56 status installed systemd-sysv:amd64 241-7~deb10u8
2023-09-22 12:58:56 startup archives unpack
2023-09-22 12:58:56 install apt-utils:amd64 <none> 1.8.2.3
2023-09-22 12:58:56 status half-installed apt-utils:amd64 1.8.2.3
2023-09-22 12:58:56 status unpacked apt-utils:amd64 1.8.2.3
2023-09-22 12:58:56 install libapt-inst2.0:amd64 <none> 1.8.2.3
2023-09-22 12:58:56 status triggers-pending libc-bin:amd64 2.28-10+deb10u1
2023-09-22 12:58:56 status half-installed libapt-inst2.0:amd64 1.8.2.3
2023-09-22 12:58:56 status unpacked libapt-inst2.0:amd64 1.8.2.3
2023-09-22 12:58:56 install libdns-export1104:amd64 <none> 1:9.11.5.P4+dfsg-5.1+deb10u7
2023-09-22 12:58:56 status half-installed libdns-export1104:amd64 1:9.11.5.P4+dfsg-5.1+deb10u7
2023-09-22 12:58:56 status unpacked libdns-export1104:amd64 1:9.11.5.P4+dfsg-5.1+deb10u7
2023-09-22 12:58:56 install libisc-export1100:amd64 <none> 1:9.11.5.P4+dfsg-5.1+deb10u7
2023-09-22 12:58:56 status half-installed libisc-export1100:amd64 1:9.11.5.P4+dfsg-5.1+deb10u7
2023-09-22 12:58:56 status unpacked libisc-export1100:amd64 1:9.11.5.P4+dfsg-5.1+deb10u7
2023-09-22 12:58:56 install bsdmainutils:amd64 <none> 11.1.2+b1
2023-09-22 12:58:56 status half-installed bsdmainutils:amd64 11.1.2+b1
2023-09-22 12:58:57 status unpacked bsdmainutils:amd64 11.1.2+b1
2023-09-22 12:58:57 install ca-certificates:all <none> 20200601~deb10u2
2023-09-22 12:58:57 status half-installed ca-certificates:all 20200601~deb10u2
2023-09-22 12:58:57 status unpacked ca-certificates:all 20200601~deb10u2
2023-09-22 12:58:57 install cpio:amd64 <none> 2.12+dfsg-9
2023-09-22 12:58:57 status half-installed cpio:amd64 2.12+dfsg-9
2023-09-22 12:58:57 status unpacked cpio:amd64 2.12+dfsg-9
2023-09-22 12:58:57 install cron:amd64 <none> 3.0pl1-134+deb10u1
2023-09-22 12:58:57 status half-installed cron:amd64 3.0pl1-134+deb10u1
2023-09-22 12:58:57 status triggers-pending systemd:amd64 241-7~deb10u8
2023-09-22 12:58:57 status unpacked cron:amd64 3.0pl1-134+deb10u1
2023-09-22 12:58:57 install debconf-i18n:all <none> 1.5.71+deb10u1
2023-09-22 12:58:57 status half-installed debconf-i18n:all 1.5.71+deb10u1
2023-09-22 12:58:57 status unpacked debconf-i18n:all 1.5.71+deb10u1
2023-09-22 12:58:57 install dmidecode:amd64 <none> 3.2-1
2023-09-22 12:58:57 status half-installed dmidecode:amd64 3.2-1
2023-09-22 12:58:57 status unpacked dmidecode:amd64 3.2-1
2023-09-22 12:58:57 install libelf1:amd64 <none> 0.176-1.1
2023-09-22 12:58:57 status half-installed libelf1:amd64 0.176-1.1
2023-09-22 12:58:57 status unpacked libelf1:amd64 0.176-1.1
2023-09-22 12:58:58 install gdbm-l10n:all <none> 1.18.1-4
2023-09-22 12:58:58 status half-installed gdbm-l10n:all 1.18.1-4
2023-09-22 12:58:58 status unpacked gdbm-l10n:all 1.18.1-4
2023-09-22 12:58:58 install ifupdown:amd64 <none> 0.8.35
2023-09-22 12:58:58 status half-installed ifupdown:amd64 0.8.35
2023-09-22 12:58:58 status unpacked ifupdown:amd64 0.8.35
2023-09-22 12:58:58 install init:amd64 <none> 1.56+nmu1
2023-09-22 12:58:58 status half-installed init:amd64 1.56+nmu1
2023-09-22 12:58:58 status unpacked init:amd64 1.56+nmu1
2023-09-22 12:58:58 install iproute2:amd64 <none> 4.20.0-2+deb10u1
2023-09-22 12:58:58 status half-installed iproute2:amd64 4.20.0-2+deb10u1
2023-09-22 12:58:59 status unpacked iproute2:amd64 4.20.0-2+deb10u1
2023-09-22 12:58:59 install iptables:amd64 <none> 1.8.2-4
2023-09-22 12:58:59 status half-installed iptables:amd64 1.8.2-4
2023-09-22 12:58:59 status unpacked iptables:amd64 1.8.2-4
2023-09-22 12:58:59 install libip6tc0:amd64 <none> 1.8.2-4
2023-09-22 12:58:59 status half-installed libip6tc0:amd64 1.8.2-4
2023-09-22 12:58:59 status unpacked libip6tc0:amd64 1.8.2-4
2023-09-22 12:58:59 install libiptc0:amd64 <none> 1.8.2-4
2023-09-22 12:58:59 status half-installed libiptc0:amd64 1.8.2-4
2023-09-22 12:58:59 status unpacked libiptc0:amd64 1.8.2-4
2023-09-22 12:58:59 install libxtables12:amd64 <none> 1.8.2-4
2023-09-22 12:58:59 status half-installed libxtables12:amd64 1.8.2-4
2023-09-22 12:58:59 status unpacked libxtables12:amd64 1.8.2-4
2023-09-22 12:58:59 install iputils-ping:amd64 <none> 3:20180629-2+deb10u2
2023-09-22 12:58:59 status half-installed iputils-ping:amd64 3:20180629-2+deb10u2
2023-09-22 12:58:59 status unpacked iputils-ping:amd64 3:20180629-2+deb10u2
2023-09-22 12:58:59 install isc-dhcp-client:amd64 <none> 4.4.1-2+deb10u1
2023-09-22 12:58:59 status half-installed isc-dhcp-client:amd64 4.4.1-2+deb10u1
2023-09-22 12:58:59 status unpacked isc-dhcp-client:amd64 4.4.1-2+deb10u1
2023-09-22 12:59:00 install isc-dhcp-common:amd64 <none> 4.4.1-2+deb10u1
2023-09-22 12:59:00 status half-installed isc-dhcp-common:amd64 4.4.1-2+deb10u1
2023-09-22 12:59:00 status unpacked isc-dhcp-common:amd64 4.4.1-2+deb10u1
2023-09-22 12:59:00 install kmod:amd64 <none> 26-1
2023-09-22 12:59:00 status half-installed kmod:amd64 26-1
2023-09-22 12:59:00 status unpacked kmod:amd64 26-1
2023-09-22 12:59:00 install less:amd64 <none> 487-0.1+b1
2023-09-22 12:59:00 status half-installed less:amd64 487-0.1+b1
2023-09-22 12:59:00 status unpacked less:amd64 487-0.1+b1
2023-09-22 12:59:00 install libbsd0:amd64 <none> 0.9.1-2+deb10u1
2023-09-22 12:59:00 status half-installed libbsd0:amd64 0.9.1-2+deb10u1
2023-09-22 12:59:00 status unpacked libbsd0:amd64 0.9.1-2+deb10u1
2023-09-22 12:59:00 install libcap2-bin:amd64 <none> 1:2.25-2
2023-09-22 12:59:00 status half-installed libcap2-bin:amd64 1:2.25-2
2023-09-22 12:59:00 status unpacked libcap2-bin:amd64 1:2.25-2
2023-09-22 12:59:00 install libestr0:amd64 <none> 0.1.10-2.1
2023-09-22 12:59:00 status half-installed libestr0:amd64 0.1.10-2.1
2023-09-22 12:59:00 status unpacked libestr0:amd64 0.1.10-2.1
2023-09-22 12:59:00 install libfastjson4:amd64 <none> 0.99.8-2
2023-09-22 12:59:00 status half-installed libfastjson4:amd64 0.99.8-2
2023-09-22 12:59:00 status unpacked libfastjson4:amd64 0.99.8-2
2023-09-22 12:59:00 install liblocale-gettext-perl:amd64 <none> 1.07-3+b4
2023-09-22 12:59:00 status half-installed liblocale-gettext-perl:amd64 1.07-3+b4
2023-09-22 12:59:00 status unpacked liblocale-gettext-perl:amd64 1.07-3+b4
2023-09-22 12:59:00 install liblognorm5:amd64 <none> 2.0.5-1
2023-09-22 12:59:00 status half-installed liblognorm5:amd64 2.0.5-1
2023-09-22 12:59:01 status unpacked liblognorm5:amd64 2.0.5-1
2023-09-22 12:59:01 install libmnl0:amd64 <none> 1.0.4-2
2023-09-22 12:59:01 status half-installed libmnl0:amd64 1.0.4-2
2023-09-22 12:59:01 status unpacked libmnl0:amd64 1.0.4-2
2023-09-22 12:59:01 install libnetfilter-conntrack3:amd64 <none> 1.0.7-1
2023-09-22 12:59:01 status half-installed libnetfilter-conntrack3:amd64 1.0.7-1
2023-09-22 12:59:01 status unpacked libnetfilter-conntrack3:amd64 1.0.7-1
2023-09-22 12:59:01 install libnfnetlink0:amd64 <none> 1.0.1-3+b1
2023-09-22 12:59:01 status half-installed libnfnetlink0:amd64 1.0.1-3+b1
2023-09-22 12:59:01 status unpacked libnfnetlink0:amd64 1.0.1-3+b1
2023-09-22 12:59:01 install libnftnl11:amd64 <none> 1.1.2-2
2023-09-22 12:59:01 status half-installed libnftnl11:amd64 1.1.2-2
2023-09-22 12:59:01 status unpacked libnftnl11:amd64 1.1.2-2
2023-09-22 12:59:01 install libtext-charwidth-perl:amd64 <none> 0.04-7.1+b1
2023-09-22 12:59:01 status half-installed libtext-charwidth-perl:amd64 0.04-7.1+b1
2023-09-22 12:59:01 status unpacked libtext-charwidth-perl:amd64 0.04-7.1+b1
2023-09-22 12:59:01 install libtext-iconv-perl:amd64 <none> 1.7-5+b7
2023-09-22 12:59:01 status half-installed libtext-iconv-perl:amd64 1.7-5+b7
2023-09-22 12:59:01 status unpacked libtext-iconv-perl:amd64 1.7-5+b7
2023-09-22 12:59:01 install libtext-wrapi18n-perl:all <none> 0.06-7.1
2023-09-22 12:59:01 status half-installed libtext-wrapi18n-perl:all 0.06-7.1
2023-09-22 12:59:01 status unpacked libtext-wrapi18n-perl:all 0.06-7.1
2023-09-22 12:59:01 install logrotate:amd64 <none> 3.14.0-4
2023-09-22 12:59:01 status half-installed logrotate:amd64 3.14.0-4
2023-09-22 12:59:01 status unpacked logrotate:amd64 3.14.0-4
2023-09-22 12:59:01 install lsb-base:all <none> 10.2019051400
2023-09-22 12:59:01 status half-installed lsb-base:all 10.2019051400
2023-09-22 12:59:02 status unpacked lsb-base:all 10.2019051400
2023-09-22 12:59:02 install nano:amd64 <none> 3.2-3
2023-09-22 12:59:02 status half-installed nano:amd64 3.2-3
2023-09-22 12:59:02 status unpacked nano:amd64 3.2-3
2023-09-22 12:59:02 install libncurses6:amd64 <none> 6.1+20181013-2+deb10u2
2023-09-22 12:59:02 status half-installed libncurses6:amd64 6.1+20181013-2+deb10u2
2023-09-22 12:59:02 status unpacked libncurses6:amd64 6.1+20181013-2+deb10u2
2023-09-22 12:59:02 install netbase:all <none> 5.6
2023-09-22 12:59:02 status half-installed netbase:all 5.6
2023-09-22 12:59:02 status unpacked netbase:all 5.6
2023-09-22 12:59:02 install libnewt0.52:amd64 <none> 0.52.20-8
2023-09-22 12:59:02 status half-installed libnewt0.52:amd64 0.52.20-8
2023-09-22 12:59:02 status unpacked libnewt0.52:amd64 0.52.20-8
2023-09-22 12:59:02 install whiptail:amd64 <none> 0.52.20-8
2023-09-22 12:59:02 status half-installed whiptail:amd64 0.52.20-8
2023-09-22 12:59:02 status unpacked whiptail:amd64 0.52.20-8
2023-09-22 12:59:02 install openssl:amd64 <none> 1.1.1n-0+deb10u3
2023-09-22 12:59:02 status half-installed openssl:amd64 1.1.1n-0+deb10u3
2023-09-22 12:59:03 status unpacked openssl:amd64 1.1.1n-0+deb10u3
2023-09-22 12:59:03 install libpopt0:amd64 <none> 1.16-12
2023-09-22 12:59:03 status half-installed libpopt0:amd64 1.16-12
2023-09-22 12:59:03 status unpacked libpopt0:amd64 1.16-12
2023-09-22 12:59:03 install libprocps7:amd64 <none> 2:3.3.15-2
2023-09-22 12:59:03 status half-installed libprocps7:amd64 2:3.3.15-2
2023-09-22 12:59:03 status unpacked libprocps7:amd64 2:3.3.15-2
2023-09-22 12:59:03 install procps:amd64 <none> 2:3.3.15-2
2023-09-22 12:59:03 status half-installed procps:amd64 2:3.3.15-2
2023-09-22 12:59:03 status unpacked procps:amd64 2:3.3.15-2
2023-09-22 12:59:03 install readline-common:all <none> 7.0-5
2023-09-22 12:59:03 status half-installed readline-common:all 7.0-5
2023-09-22 12:59:03 status unpacked readline-common:all 7.0-5
2023-09-22 12:59:03 install rsyslog:amd64 <none> 8.1901.0-1+deb10u2
2023-09-22 12:59:03 status half-installed rsyslog:amd64 8.1901.0-1+deb10u2
2023-09-22 12:59:03 status unpacked rsyslog:amd64 8.1901.0-1+deb10u2
2023-09-22 12:59:03 install sensible-utils:all <none> 0.0.12
2023-09-22 12:59:03 status half-installed sensible-utils:all 0.0.12
2023-09-22 12:59:03 status unpacked sensible-utils:all 0.0.12
2023-09-22 12:59:04 install libslang2:amd64 <none> 2.3.2-2
2023-09-22 12:59:04 status half-installed libslang2:amd64 2.3.2-2
2023-09-22 12:59:04 status unpacked libslang2:amd64 2.3.2-2
2023-09-22 12:59:04 install udev:amd64 <none> 241-7~deb10u8
2023-09-22 12:59:04 status half-installed udev:amd64 241-7~deb10u8
2023-09-22 12:59:05 status unpacked udev:amd64 241-7~deb10u8
2023-09-22 12:59:05 install tasksel:all <none> 3.53
2023-09-22 12:59:05 status half-installed tasksel:all 3.53
2023-09-22 12:59:05 status unpacked tasksel:all 3.53
2023-09-22 12:59:05 install tasksel-data:all <none> 3.53
2023-09-22 12:59:05 status half-installed tasksel-data:all 3.53
2023-09-22 12:59:05 status unpacked tasksel-data:all 3.53
2023-09-22 12:59:05 install vim-common:all <none> 2:8.1.0875-5+deb10u2
2023-09-22 12:59:05 status half-installed vim-common:all 2:8.1.0875-5+deb10u2
2023-09-22 12:59:05 status unpacked vim-common:all 2:8.1.0875-5+deb10u2
2023-09-22 12:59:05 install vim-tiny:amd64 <none> 2:8.1.0875-5+deb10u2
2023-09-22 12:59:05 status half-installed vim-tiny:amd64 2:8.1.0875-5+deb10u2
2023-09-22 12:59:05 status unpacked vim-tiny:amd64 2:8.1.0875-5+deb10u2
2023-09-22 12:59:05 install xxd:amd64 <none> 2:8.1.0875-5+deb10u2
2023-09-22 12:59:05 status half-installed xxd:amd64 2:8.1.0875-5+deb10u2
2023-09-22 12:59:05 status unpacked xxd:amd64 2:8.1.0875-5+deb10u2
2023-09-22 12:59:05 trigproc libc-bin:amd64 2.28-10+deb10u1 <none>
2023-09-22 12:59:05 status half-configured libc-bin:amd64 2.28-10+deb10u1
2023-09-22 12:59:06 status installed libc-bin:amd64 2.28-10+deb10u1
2023-09-22 12:59:06 trigproc systemd:amd64 241-7~deb10u8 <none>
2023-09-22 12:59:06 status half-configured systemd:amd64 241-7~deb10u8
2023-09-22 12:59:06 status installed systemd:amd64 241-7~deb10u8
2023-09-22 12:59:06 startup packages configure
2023-09-22 12:59:06 configure cpio:amd64 2.12+dfsg-9 <none>
2023-09-22 12:59:06 status unpacked cpio:amd64 2.12+dfsg-9
2023-09-22 12:59:06 status half-configured cpio:amd64 2.12+dfsg-9
2023-09-22 12:59:06 status installed cpio:amd64 2.12+dfsg-9
2023-09-22 12:59:06 configure libtext-iconv-perl:amd64 1.7-5+b7 <none>
2023-09-22 12:59:06 status unpacked libtext-iconv-perl:amd64 1.7-5+b7
2023-09-22 12:59:06 status half-configured libtext-iconv-perl:amd64 1.7-5+b7
2023-09-22 12:59:06 status installed libtext-iconv-perl:amd64 1.7-5+b7
2023-09-22 12:59:06 configure libtext-charwidth-perl:amd64 0.04-7.1+b1 <none>
2023-09-22 12:59:06 status unpacked libtext-charwidth-perl:amd64 0.04-7.1+b1
2023-09-22 12:59:06 status half-configured libtext-charwidth-perl:amd64 0.04-7.1+b1
2023-09-22 12:59:06 status installed libtext-charwidth-perl:amd64 0.04-7.1+b1
2023-09-22 12:59:06 configure lsb-base:all 10.2019051400 <none>
2023-09-22 12:59:06 status unpacked lsb-base:all 10.2019051400
2023-09-22 12:59:06 status half-configured lsb-base:all 10.2019051400
2023-09-22 12:59:06 status installed lsb-base:all 10.2019051400
2023-09-22 12:59:06 configure libip6tc0:amd64 1.8.2-4 <none>
2023-09-22 12:59:06 status triggers-pending libc-bin:amd64 2.28-10+deb10u1
2023-09-22 12:59:06 status unpacked libip6tc0:amd64 1.8.2-4
2023-09-22 12:59:06 status half-configured libip6tc0:amd64 1.8.2-4
2023-09-22 12:59:06 status installed libip6tc0:amd64 1.8.2-4
2023-09-22 12:59:06 configure init:amd64 1.56+nmu1 <none>
2023-09-22 12:59:06 status unpacked init:amd64 1.56+nmu1
2023-09-22 12:59:06 status half-configured init:amd64 1.56+nmu1
2023-09-22 12:59:06 status installed init:amd64 1.56+nmu1
2023-09-22 12:59:06 configure libestr0:amd64 0.1.10-2.1 <none>
2023-09-22 12:59:06 status unpacked libestr0:amd64 0.1.10-2.1
2023-09-22 12:59:06 status half-configured libestr0:amd64 0.1.10-2.1
2023-09-22 12:59:06 status installed libestr0:amd64 0.1.10-2.1
2023-09-22 12:59:06 configure libfastjson4:amd64 0.99.8-2 <none>
2023-09-22 12:59:06 status unpacked libfastjson4:amd64 0.99.8-2
2023-09-22 12:59:06 status half-configured libfastjson4:amd64 0.99.8-2
2023-09-22 12:59:06 status installed libfastjson4:amd64 0.99.8-2
2023-09-22 12:59:06 configure libprocps7:amd64 2:3.3.15-2 <none>
2023-09-22 12:59:06 status unpacked libprocps7:amd64 2:3.3.15-2
2023-09-22 12:59:06 status half-configured libprocps7:amd64 2:3.3.15-2
2023-09-22 12:59:06 status installed libprocps7:amd64 2:3.3.15-2
2023-09-22 12:59:06 configure less:amd64 487-0.1+b1 <none>
2023-09-22 12:59:06 status unpacked less:amd64 487-0.1+b1
2023-09-22 12:59:06 status half-configured less:amd64 487-0.1+b1
2023-09-22 12:59:06 status installed less:amd64 487-0.1+b1
2023-09-22 12:59:06 configure kmod:amd64 26-1 <none>
2023-09-22 12:59:06 status unpacked kmod:amd64 26-1
2023-09-22 12:59:06 status triggers-pending systemd:amd64 241-7~deb10u8
2023-09-22 12:59:06 status half-configured kmod:amd64 26-1
2023-09-22 12:59:06 status installed kmod:amd64 26-1
2023-09-22 12:59:06 configure libapt-inst2.0:amd64 1.8.2.3 <none>
2023-09-22 12:59:06 status unpacked libapt-inst2.0:amd64 1.8.2.3
2023-09-22 12:59:06 status half-configured libapt-inst2.0:amd64 1.8.2.3
2023-09-22 12:59:06 status installed libapt-inst2.0:amd64 1.8.2.3
2023-09-22 12:59:06 configure libtext-wrapi18n-perl:all 0.06-7.1 <none>
2023-09-22 12:59:06 status unpacked libtext-wrapi18n-perl:all 0.06-7.1
2023-09-22 12:59:06 status half-configured libtext-wrapi18n-perl:all 0.06-7.1
2023-09-22 12:59:06 status installed libtext-wrapi18n-perl:all 0.06-7.1
2023-09-22 12:59:06 configure xxd:amd64 2:8.1.0875-5+deb10u2 <none>
2023-09-22 12:59:06 status unpacked xxd:amd64 2:8.1.0875-5+deb10u2
2023-09-22 12:59:06 status half-configured xxd:amd64 2:8.1.0875-5+deb10u2
2023-09-22 12:59:06 status installed xxd:amd64 2:8.1.0875-5+deb10u2
2023-09-22 12:59:06 configure libcap2-bin:amd64 1:2.25-2 <none>
2023-09-22 12:59:06 status unpacked libcap2-bin:amd64 1:2.25-2
2023-09-22 12:59:06 status half-configured libcap2-bin:amd64 1:2.25-2
2023-09-22 12:59:06 status installed libcap2-bin:amd64 1:2.25-2
2023-09-22 12:59:06 configure vim-common:all 2:8.1.0875-5+deb10u2 <none>
2023-09-22 12:59:06 status unpacked vim-common:all 2:8.1.0875-5+deb10u2
2023-09-22 12:59:06 status half-configured vim-common:all 2:8.1.0875-5+deb10u2
2023-09-22 12:59:06 status installed vim-common:all 2:8.1.0875-5+deb10u2
2023-09-22 12:59:06 configure libslang2:amd64 2.3.2-2 <none>
2023-09-22 12:59:06 status unpacked libslang2:amd64 2.3.2-2
2023-09-22 12:59:06 status half-configured libslang2:amd64 2.3.2-2
2023-09-22 12:59:06 status installed libslang2:amd64 2.3.2-2
2023-09-22 12:59:06 configure libiptc0:amd64 1.8.2-4 <none>
2023-09-22 12:59:06 status unpacked libiptc0:amd64 1.8.2-4
2023-09-22 12:59:06 status half-configured libiptc0:amd64 1.8.2-4
2023-09-22 12:59:06 status installed libiptc0:amd64 1.8.2-4
2023-09-22 12:59:06 configure libncurses6:amd64 6.1+20181013-2+deb10u2 <none>
2023-09-22 12:59:06 status unpacked libncurses6:amd64 6.1+20181013-2+deb10u2
2023-09-22 12:59:06 status half-configured libncurses6:amd64 6.1+20181013-2+deb10u2
2023-09-22 12:59:06 status installed libncurses6:amd64 6.1+20181013-2+deb10u2
2023-09-22 12:59:06 configure libmnl0:amd64 1.0.4-2 <none>
2023-09-22 12:59:06 status unpacked libmnl0:amd64 1.0.4-2
2023-09-22 12:59:06 status half-configured libmnl0:amd64 1.0.4-2
2023-09-22 12:59:06 status installed libmnl0:amd64 1.0.4-2
2023-09-22 12:59:06 configure udev:amd64 241-7~deb10u8 <none>
2023-09-22 12:59:06 status unpacked udev:amd64 241-7~deb10u8
2023-09-22 12:59:06 status half-configured udev:amd64 241-7~deb10u8
2023-09-22 12:59:09 status installed udev:amd64 241-7~deb10u8
2023-09-22 12:59:09 configure libxtables12:amd64 1.8.2-4 <none>
2023-09-22 12:59:09 status unpacked libxtables12:amd64 1.8.2-4
2023-09-22 12:59:09 status half-configured libxtables12:amd64 1.8.2-4
2023-09-22 12:59:09 status installed libxtables12:amd64 1.8.2-4
2023-09-22 12:59:09 configure gdbm-l10n:all 1.18.1-4 <none>
2023-09-22 12:59:09 status unpacked gdbm-l10n:all 1.18.1-4
2023-09-22 12:59:09 status half-configured gdbm-l10n:all 1.18.1-4
2023-09-22 12:59:09 status installed gdbm-l10n:all 1.18.1-4
2023-09-22 12:59:09 configure libisc-export1100:amd64 1:9.11.5.P4+dfsg-5.1+deb10u7 <none>
2023-09-22 12:59:09 status unpacked libisc-export1100:amd64 1:9.11.5.P4+dfsg-5.1+deb10u7
2023-09-22 12:59:09 status half-configured libisc-export1100:amd64 1:9.11.5.P4+dfsg-5.1+deb10u7
2023-09-22 12:59:09 status installed libisc-export1100:amd64 1:9.11.5.P4+dfsg-5.1+deb10u7
2023-09-22 12:59:09 configure liblognorm5:amd64 2.0.5-1 <none>
2023-09-22 12:59:09 status unpacked liblognorm5:amd64 2.0.5-1
2023-09-22 12:59:09 status half-configured liblognorm5:amd64 2.0.5-1
2023-09-22 12:59:09 status installed liblognorm5:amd64 2.0.5-1
2023-09-22 12:59:09 configure nano:amd64 3.2-3 <none>
2023-09-22 12:59:09 status unpacked nano:amd64 3.2-3
2023-09-22 12:59:09 status half-configured nano:amd64 3.2-3
2023-09-22 12:59:09 status installed nano:amd64 3.2-3
2023-09-22 12:59:09 configure sensible-utils:all 0.0.12 <none>
2023-09-22 12:59:09 status unpacked sensible-utils:all 0.0.12
2023-09-22 12:59:09 status half-configured sensible-utils:all 0.0.12
2023-09-22 12:59:09 status installed sensible-utils:all 0.0.12
2023-09-22 12:59:09 configure libnfnetlink0:amd64 1.0.1-3+b1 <none>
2023-09-22 12:59:09 status unpacked libnfnetlink0:amd64 1.0.1-3+b1
2023-09-22 12:59:09 status half-configured libnfnetlink0:amd64 1.0.1-3+b1
2023-09-22 12:59:09 status installed libnfnetlink0:amd64 1.0.1-3+b1
2023-09-22 12:59:09 configure procps:amd64 2:3.3.15-2 <none>
2023-09-22 12:59:09 status unpacked procps:amd64 2:3.3.15-2
2023-09-22 12:59:09 status half-configured procps:amd64 2:3.3.15-2
2023-09-22 12:59:09 status installed procps:amd64 2:3.3.15-2
2023-09-22 12:59:09 configure netbase:all 5.6 <none>
2023-09-22 12:59:09 status unpacked netbase:all 5.6
2023-09-22 12:59:09 status half-configured netbase:all 5.6
2023-09-22 12:59:09 status installed netbase:all 5.6
2023-09-22 12:59:09 configure isc-dhcp-common:amd64 4.4.1-2+deb10u1 <none>
2023-09-22 12:59:09 status unpacked isc-dhcp-common:amd64 4.4.1-2+deb10u1
2023-09-22 12:59:09 status half-configured isc-dhcp-common:amd64 4.4.1-2+deb10u1
2023-09-22 12:59:09 status installed isc-dhcp-common:amd64 4.4.1-2+deb10u1
2023-09-22 12:59:09 configure dmidecode:amd64 3.2-1 <none>
2023-09-22 12:59:09 status unpacked dmidecode:amd64 3.2-1
2023-09-22 12:59:09 status half-configured dmidecode:amd64 3.2-1
2023-09-22 12:59:09 status installed dmidecode:amd64 3.2-1
2023-09-22 12:59:09 configure openssl:amd64 1.1.1n-0+deb10u3 <none>
2023-09-22 12:59:09 status unpacked openssl:amd64 1.1.1n-0+deb10u3
2023-09-22 12:59:09 status half-configured openssl:amd64 1.1.1n-0+deb10u3
2023-09-22 12:59:09 status installed openssl:amd64 1.1.1n-0+deb10u3
2023-09-22 12:59:09 configure libbsd0:amd64 0.9.1-2+deb10u1 <none>
2023-09-22 12:59:09 status unpacked libbsd0:amd64 0.9.1-2+deb10u1
2023-09-22 12:59:09 status half-configured libbsd0:amd64 0.9.1-2+deb10u1
2023-09-22 12:59:09 status installed libbsd0:amd64 0.9.1-2+deb10u1
2023-09-22 12:59:09 configure libelf1:amd64 0.176-1.1 <none>
2023-09-22 12:59:09 status unpacked libelf1:amd64 0.176-1.1
2023-09-22 12:59:09 status half-configured libelf1:amd64 0.176-1.1
2023-09-22 12:59:09 status installed libelf1:amd64 0.176-1.1
2023-09-22 12:59:09 configure libdns-export1104:amd64 1:9.11.5.P4+dfsg-5.1+deb10u7 <none>
2023-09-22 12:59:09 status unpacked libdns-export1104:amd64 1:9.11.5.P4+dfsg-5.1+deb10u7
2023-09-22 12:59:09 status half-configured libdns-export1104:amd64 1:9.11.5.P4+dfsg-5.1+deb10u7
2023-09-22 12:59:09 status installed libdns-export1104:amd64 1:9.11.5.P4+dfsg-5.1+deb10u7
2023-09-22 12:59:09 configure iputils-ping:amd64 3:20180629-2+deb10u2 <none>
2023-09-22 12:59:09 status unpacked iputils-ping:amd64 3:20180629-2+deb10u2
2023-09-22 12:59:09 status half-configured iputils-ping:amd64 3:20180629-2+deb10u2
2023-09-22 12:59:09 status installed iputils-ping:amd64 3:20180629-2+deb10u2
2023-09-22 12:59:09 configure readline-common:all 7.0-5 <none>
2023-09-22 12:59:09 status unpacked readline-common:all 7.0-5
2023-09-22 12:59:09 status half-configured readline-common:all 7.0-5
2023-09-22 12:59:09 status installed readline-common:all 7.0-5
2023-09-22 12:59:09 configure liblocale-gettext-perl:amd64 1.07-3+b4 <none>
2023-09-22 12:59:09 status unpacked liblocale-gettext-perl:amd64 1.07-3+b4
2023-09-22 12:59:09 status half-configured liblocale-gettext-perl:amd64 1.07-3+b4
2023-09-22 12:59:09 status installed liblocale-gettext-perl:amd64 1.07-3+b4
2023-09-22 12:59:09 configure libpopt0:amd64 1.16-12 <none>
2023-09-22 12:59:09 status unpacked libpopt0:amd64 1.16-12
2023-09-22 12:59:09 status half-configured libpopt0:amd64 1.16-12
2023-09-22 12:59:09 status installed libpopt0:amd64 1.16-12
2023-09-22 12:59:09 configure logrotate:amd64 3.14.0-4 <none>
2023-09-22 12:59:09 status unpacked logrotate:amd64 3.14.0-4
2023-09-22 12:59:09 status half-configured logrotate:amd64 3.14.0-4
2023-09-22 12:59:10 status installed logrotate:amd64 3.14.0-4
2023-09-22 12:59:10 configure libnewt0.52:amd64 0.52.20-8 <none>
2023-09-22 12:59:10 status unpacked libnewt0.52:amd64 0.52.20-8
2023-09-22 12:59:10 status half-configured libnewt0.52:amd64 0.52.20-8
2023-09-22 12:59:10 status installed libnewt0.52:amd64 0.52.20-8
2023-09-22 12:59:10 configure apt-utils:amd64 1.8.2.3 <none>
2023-09-22 12:59:10 status unpacked apt-utils:amd64 1.8.2.3
2023-09-22 12:59:10 status half-configured apt-utils:amd64 1.8.2.3
2023-09-22 12:59:10 status installed apt-utils:amd64 1.8.2.3
2023-09-22 12:59:10 configure iproute2:amd64 4.20.0-2+deb10u1 <none>
2023-09-22 12:59:10 status unpacked iproute2:amd64 4.20.0-2+deb10u1
2023-09-22 12:59:10 status half-configured iproute2:amd64 4.20.0-2+deb10u1
2023-09-22 12:59:10 status installed iproute2:amd64 4.20.0-2+deb10u1
2023-09-22 12:59:10 configure cron:amd64 3.0pl1-134+deb10u1 <none>
2023-09-22 12:59:10 status unpacked cron:amd64 3.0pl1-134+deb10u1
2023-09-22 12:59:10 status half-configured cron:amd64 3.0pl1-134+deb10u1
2023-09-22 12:59:12 status installed cron:amd64 3.0pl1-134+deb10u1
2023-09-22 12:59:12 configure rsyslog:amd64 8.1901.0-1+deb10u2 <none>
2023-09-22 12:59:12 status unpacked rsyslog:amd64 8.1901.0-1+deb10u2
2023-09-22 12:59:12 status half-configured rsyslog:amd64 8.1901.0-1+deb10u2
2023-09-22 12:59:12 status installed rsyslog:amd64 8.1901.0-1+deb10u2
2023-09-22 12:59:12 configure isc-dhcp-client:amd64 4.4.1-2+deb10u1 <none>
2023-09-22 12:59:12 status unpacked isc-dhcp-client:amd64 4.4.1-2+deb10u1
2023-09-22 12:59:12 status half-configured isc-dhcp-client:amd64 4.4.1-2+deb10u1
2023-09-22 12:59:12 status installed isc-dhcp-client:amd64 4.4.1-2+deb10u1
2023-09-22 12:59:12 configure debconf-i18n:all 1.5.71+deb10u1 <none>
2023-09-22 12:59:12 status unpacked debconf-i18n:all 1.5.71+deb10u1
2023-09-22 12:59:12 status half-configured debconf-i18n:all 1.5.71+deb10u1
2023-09-22 12:59:12 status installed debconf-i18n:all 1.5.71+deb10u1
2023-09-22 12:59:12 configure libnftnl11:amd64 1.1.2-2 <none>
2023-09-22 12:59:12 status unpacked libnftnl11:amd64 1.1.2-2
2023-09-22 12:59:12 status half-configured libnftnl11:amd64 1.1.2-2
2023-09-22 12:59:12 status installed libnftnl11:amd64 1.1.2-2
2023-09-22 12:59:12 configure vim-tiny:amd64 2:8.1.0875-5+deb10u2 <none>
2023-09-22 12:59:12 status unpacked vim-tiny:amd64 2:8.1.0875-5+deb10u2
2023-09-22 12:59:12 status half-configured vim-tiny:amd64 2:8.1.0875-5+deb10u2
2023-09-22 12:59:13 status installed vim-tiny:amd64 2:8.1.0875-5+deb10u2
2023-09-22 12:59:13 configure ca-certificates:all 20200601~deb10u2 <none>
2023-09-22 12:59:13 status unpacked ca-certificates:all 20200601~deb10u2
2023-09-22 12:59:13 status half-configured ca-certificates:all 20200601~deb10u2
2023-09-22 12:59:27 status installed ca-certificates:all 20200601~deb10u2
2023-09-22 12:59:27 status triggers-pending ca-certificates:all 20200601~deb10u2
2023-09-22 12:59:27 configure ifupdown:amd64 0.8.35 <none>
2023-09-22 12:59:27 status unpacked ifupdown:amd64 0.8.35
2023-09-22 12:59:27 status half-configured ifupdown:amd64 0.8.35
2023-09-22 12:59:29 status installed ifupdown:amd64 0.8.35
2023-09-22 12:59:29 configure bsdmainutils:amd64 11.1.2+b1 <none>
2023-09-22 12:59:29 status unpacked bsdmainutils:amd64 11.1.2+b1
2023-09-22 12:59:29 status half-configured bsdmainutils:amd64 11.1.2+b1
2023-09-22 12:59:29 status installed bsdmainutils:amd64 11.1.2+b1
2023-09-22 12:59:29 configure whiptail:amd64 0.52.20-8 <none>
2023-09-22 12:59:29 status unpacked whiptail:amd64 0.52.20-8
2023-09-22 12:59:29 status half-configured whiptail:amd64 0.52.20-8
2023-09-22 12:59:29 status installed whiptail:amd64 0.52.20-8
2023-09-22 12:59:29 configure libnetfilter-conntrack3:amd64 1.0.7-1 <none>
2023-09-22 12:59:29 status unpacked libnetfilter-conntrack3:amd64 1.0.7-1
2023-09-22 12:59:29 status half-configured libnetfilter-conntrack3:amd64 1.0.7-1
2023-09-22 12:59:29 status installed libnetfilter-conntrack3:amd64 1.0.7-1
2023-09-22 12:59:29 configure iptables:amd64 1.8.2-4 <none>
2023-09-22 12:59:29 status unpacked iptables:amd64 1.8.2-4
2023-09-22 12:59:29 status half-configured iptables:amd64 1.8.2-4
2023-09-22 12:59:29 status installed iptables:amd64 1.8.2-4
2023-09-22 12:59:29 configure tasksel-data:all 3.53 <none>
2023-09-22 12:59:29 status unpacked tasksel-data:all 3.53
2023-09-22 12:59:29 status half-configured tasksel-data:all 3.53
2023-09-22 12:59:29 status installed tasksel-data:all 3.53
2023-09-22 12:59:29 configure tasksel:all 3.53 <none>
2023-09-22 12:59:29 status unpacked tasksel:all 3.53
2023-09-22 12:59:29 status half-configured tasksel:all 3.53
2023-09-22 12:59:30 status installed tasksel:all 3.53
2023-09-22 12:59:30 trigproc libc-bin:amd64 2.28-10+deb10u1 <none>
2023-09-22 12:59:30 status half-configured libc-bin:amd64 2.28-10+deb10u1
2023-09-22 12:59:30 status installed libc-bin:amd64 2.28-10+deb10u1
2023-09-22 12:59:30 trigproc systemd:amd64 241-7~deb10u8 <none>
2023-09-22 12:59:30 status half-configured systemd:amd64 241-7~deb10u8
2023-09-22 12:59:30 status installed systemd:amd64 241-7~deb10u8
2023-09-22 12:59:30 trigproc ca-certificates:all 20200601~deb10u2 <none>
2023-09-22 12:59:30 status half-configured ca-certificates:all 20200601~deb10u2
2023-09-22 12:59:37 status installed ca-certificates:all 20200601~deb10u2
