2023-10-03 14:29:26 startup archives install
2023-10-03 14:29:26 install base-passwd:arm64 <none> 3.5.51
2023-10-03 14:29:26 status half-installed base-passwd:arm64 3.5.51
2023-10-03 14:29:26 status unpacked base-passwd:arm64 3.5.51
2023-10-03 14:29:26 configure base-passwd:arm64 3.5.51 3.5.51
2023-10-03 14:29:26 status half-configured base-passwd:arm64 3.5.51
2023-10-03 14:29:26 status installed base-passwd:arm64 3.5.51
2023-10-03 14:29:26 startup archives install
2023-10-03 14:29:26 install base-files:arm64 <none> 11.1+deb11u7
2023-10-03 14:29:26 status half-installed base-files:arm64 11.1+deb11u7
2023-10-03 14:29:26 status unpacked base-files:arm64 11.1+deb11u7
2023-10-03 14:29:26 configure base-files:arm64 11.1+deb11u7 11.1+deb11u7
2023-10-03 14:29:26 status half-configured base-files:arm64 11.1+deb11u7
2023-10-03 14:29:26 status installed base-files:arm64 11.1+deb11u7
2023-10-03 14:29:26 startup archives install
2023-10-03 14:29:26 upgrade dpkg 1.20.12 1.20.12
2023-10-03 14:29:26 status half-configured dpkg 1.20.12
2023-10-03 14:29:26 status unpacked dpkg 1.20.12
2023-10-03 14:29:26 status half-installed dpkg 1.20.12
2023-10-03 14:29:26 status unpacked dpkg:arm64 1.20.12
2023-10-03 14:29:26 configure dpkg:arm64 1.20.12 1.20.12
2023-10-03 14:29:26 status half-configured dpkg:arm64 1.20.12
2023-10-03 14:29:26 status installed dpkg:arm64 1.20.12
2023-10-03 14:29:26 startup archives install
2023-10-03 14:29:26 install libc6:arm64 <none> 2.31-13+deb11u6
2023-10-03 14:29:26 status half-installed libc6:arm64 2.31-13+deb11u6
2023-10-03 14:29:26 status unpacked libc6:arm64 2.31-13+deb11u6
2023-10-03 14:29:26 configure libc6:arm64 2.31-13+deb11u6 2.31-13+deb11u6
2023-10-03 14:29:26 status half-configured libc6:arm64 2.31-13+deb11u6
2023-10-03 14:29:26 status installed libc6:arm64 2.31-13+deb11u6
2023-10-03 14:29:26 startup archives install
2023-10-03 14:29:26 install perl-base:arm64 <none> 5.32.1-4+deb11u2
2023-10-03 14:29:26 status half-installed perl-base:arm64 5.32.1-4+deb11u2
2023-10-03 14:29:27 status unpacked perl-base:arm64 5.32.1-4+deb11u2
2023-10-03 14:29:27 configure perl-base:arm64 5.32.1-4+deb11u2 5.32.1-4+deb11u2
2023-10-03 14:29:27 status half-configured perl-base:arm64 5.32.1-4+deb11u2
2023-10-03 14:29:27 status installed perl-base:arm64 5.32.1-4+deb11u2
2023-10-03 14:29:27 startup archives install
2023-10-03 14:29:27 install mawk:arm64 <none> 1.3.4.20200120-2
2023-10-03 14:29:27 status half-installed mawk:arm64 1.3.4.20200120-2
2023-10-03 14:29:27 status unpacked mawk:arm64 1.3.4.20200120-2
2023-10-03 14:29:27 configure mawk:arm64 1.3.4.20200120-2 1.3.4.20200120-2
2023-10-03 14:29:27 status half-configured mawk:arm64 1.3.4.20200120-2
2023-10-03 14:29:27 status installed mawk:arm64 1.3.4.20200120-2
2023-10-03 14:29:27 startup archives install
2023-10-03 14:29:27 install debconf:all <none> 1.5.77
2023-10-03 14:29:27 status half-installed debconf:all 1.5.77
2023-10-03 14:29:27 status unpacked debconf:all 1.5.77
2023-10-03 14:29:27 configure debconf:all 1.5.77 1.5.77
2023-10-03 14:29:27 status half-configured debconf:all 1.5.77
2023-10-03 14:29:27 status installed debconf:all 1.5.77
2023-10-03 14:29:27 startup archives unpack
2023-10-03 14:29:27 install libacl1:arm64 <none> 2.2.53-10
2023-10-03 14:29:27 status half-installed libacl1:arm64 2.2.53-10
2023-10-03 14:29:27 status unpacked libacl1:arm64 2.2.53-10
2023-10-03 14:29:27 install adduser:all <none> 3.118
2023-10-03 14:29:27 status half-installed adduser:all 3.118
2023-10-03 14:29:27 status unpacked adduser:all 3.118
2023-10-03 14:29:27 install apt:arm64 <none> 2.2.4
2023-10-03 14:29:27 status half-installed apt:arm64 2.2.4
2023-10-03 14:29:27 status unpacked apt:arm64 2.2.4
2023-10-03 14:29:27 install libapt-pkg6.0:arm64 <none> 2.2.4
2023-10-03 14:29:27 status half-installed libapt-pkg6.0:arm64 2.2.4
2023-10-03 14:29:27 status unpacked libapt-pkg6.0:arm64 2.2.4
2023-10-03 14:29:27 install libattr1:arm64 <none> 1:2.4.48-6
2023-10-03 14:29:27 status half-installed libattr1:arm64 1:2.4.48-6
2023-10-03 14:29:27 status unpacked libattr1:arm64 1:2.4.48-6
2023-10-03 14:29:27 install libaudit-common:all <none> 1:3.0-2
2023-10-03 14:29:27 status half-installed libaudit-common:all 1:3.0-2
2023-10-03 14:29:27 status unpacked libaudit-common:all 1:3.0-2
2023-10-03 14:29:27 install libaudit1:arm64 <none> 1:3.0-2
2023-10-03 14:29:27 status half-installed libaudit1:arm64 1:3.0-2
2023-10-03 14:29:27 status unpacked libaudit1:arm64 1:3.0-2
2023-10-03 14:29:27 upgrade base-files:arm64 11.1+deb11u7 11.1+deb11u7
2023-10-03 14:29:27 status half-configured base-files:arm64 11.1+deb11u7
2023-10-03 14:29:27 status unpacked base-files:arm64 11.1+deb11u7
2023-10-03 14:29:27 status half-installed base-files:arm64 11.1+deb11u7
2023-10-03 14:29:27 status unpacked base-files:arm64 11.1+deb11u7
2023-10-03 14:29:27 upgrade base-passwd:arm64 3.5.51 3.5.51
2023-10-03 14:29:27 status half-configured base-passwd:arm64 3.5.51
2023-10-03 14:29:27 status unpacked base-passwd:arm64 3.5.51
2023-10-03 14:29:27 status half-installed base-passwd:arm64 3.5.51
2023-10-03 14:29:27 status unpacked base-passwd:arm64 3.5.51
2023-10-03 14:29:27 install bash:arm64 <none> 5.1-2+deb11u1
2023-10-03 14:29:27 status half-installed bash:arm64 5.1-2+deb11u1
2023-10-03 14:29:27 status unpacked bash:arm64 5.1-2+deb11u1
2023-10-03 14:29:27 install libbz2-1.0:arm64 <none> 1.0.8-4
2023-10-03 14:29:27 status half-installed libbz2-1.0:arm64 1.0.8-4
2023-10-03 14:29:27 status unpacked libbz2-1.0:arm64 1.0.8-4
2023-10-03 14:29:27 install libdebconfclient0:arm64 <none> 0.260
2023-10-03 14:29:27 status half-installed libdebconfclient0:arm64 0.260
2023-10-03 14:29:27 status unpacked libdebconfclient0:arm64 0.260
2023-10-03 14:29:27 install coreutils:arm64 <none> 8.32-4
2023-10-03 14:29:27 status half-installed coreutils:arm64 8.32-4
2023-10-03 14:29:28 status unpacked coreutils:arm64 8.32-4
2023-10-03 14:29:28 install dash:arm64 <none> 0.5.11+git20200708+dd9ef66-5
2023-10-03 14:29:28 status half-installed dash:arm64 0.5.11+git20200708+dd9ef66-5
2023-10-03 14:29:28 status unpacked dash:arm64 0.5.11+git20200708+dd9ef66-5
2023-10-03 14:29:28 install libdb5.3:arm64 <none> 5.3.28+dfsg1-0.8
2023-10-03 14:29:28 status half-installed libdb5.3:arm64 5.3.28+dfsg1-0.8
2023-10-03 14:29:28 status unpacked libdb5.3:arm64 5.3.28+dfsg1-0.8
2023-10-03 14:29:28 upgrade debconf:all 1.5.77 1.5.77
2023-10-03 14:29:28 status half-configured debconf:all 1.5.77
2023-10-03 14:29:28 status unpacked debconf:all 1.5.77
2023-10-03 14:29:28 status half-installed debconf:all 1.5.77
2023-10-03 14:29:28 status unpacked debconf:all 1.5.77
2023-10-03 14:29:28 install debian-archive-keyring:all <none> 2021.1.1+deb11u1
2023-10-03 14:29:28 status half-installed debian-archive-keyring:all 2021.1.1+deb11u1
2023-10-03 14:29:28 status unpacked debian-archive-keyring:all 2021.1.1+deb11u1
2023-10-03 14:29:28 install debianutils:arm64 <none> 4.11.2
2023-10-03 14:29:28 status half-installed debianutils:arm64 4.11.2
2023-10-03 14:29:28 status unpacked debianutils:arm64 4.11.2
2023-10-03 14:29:28 install diffutils:arm64 <none> 1:3.7-5
2023-10-03 14:29:28 status half-installed diffutils:arm64 1:3.7-5
2023-10-03 14:29:28 status unpacked diffutils:arm64 1:3.7-5
2023-10-03 14:29:28 upgrade dpkg:arm64 1.20.12 1.20.12
2023-10-03 14:29:28 status half-configured dpkg:arm64 1.20.12
2023-10-03 14:29:28 status unpacked dpkg:arm64 1.20.12
2023-10-03 14:29:28 status half-installed dpkg:arm64 1.20.12
2023-10-03 14:29:28 status unpacked dpkg:arm64 1.20.12
2023-10-03 14:29:28 install e2fsprogs:arm64 <none> 1.46.2-2
2023-10-03 14:29:28 status half-installed e2fsprogs:arm64 1.46.2-2
2023-10-03 14:29:28 status unpacked e2fsprogs:arm64 1.46.2-2
2023-10-03 14:29:28 install libcom-err2:arm64 <none> 1.46.2-2
2023-10-03 14:29:28 status half-installed libcom-err2:arm64 1.46.2-2
2023-10-03 14:29:28 status unpacked libcom-err2:arm64 1.46.2-2
2023-10-03 14:29:28 install libext2fs2:arm64 <none> 1.46.2-2
2023-10-03 14:29:28 status half-installed libext2fs2:arm64 1.46.2-2
2023-10-03 14:29:28 status unpacked libext2fs2:arm64 1.46.2-2
2023-10-03 14:29:28 install libss2:arm64 <none> 1.46.2-2
2023-10-03 14:29:28 status half-installed libss2:arm64 1.46.2-2
2023-10-03 14:29:28 status unpacked libss2:arm64 1.46.2-2
2023-10-03 14:29:28 install logsave:arm64 <none> 1.46.2-2
2023-10-03 14:29:28 status half-installed logsave:arm64 1.46.2-2
2023-10-03 14:29:28 status unpacked logsave:arm64 1.46.2-2
2023-10-03 14:29:28 install findutils:arm64 <none> 4.8.0-1
2023-10-03 14:29:28 status half-installed findutils:arm64 4.8.0-1
2023-10-03 14:29:28 status unpacked findutils:arm64 4.8.0-1
2023-10-03 14:29:28 install gcc-10-base:arm64 <none> 10.2.1-6
2023-10-03 14:29:28 status half-installed gcc-10-base:arm64 10.2.1-6
2023-10-03 14:29:28 status unpacked gcc-10-base:arm64 10.2.1-6
2023-10-03 14:29:28 install libgcc-s1:arm64 <none> 10.2.1-6
2023-10-03 14:29:28 status half-installed libgcc-s1:arm64 10.2.1-6
2023-10-03 14:29:28 status unpacked libgcc-s1:arm64 10.2.1-6
2023-10-03 14:29:28 install libstdc++6:arm64 <none> 10.2.1-6
2023-10-03 14:29:28 status half-installed libstdc++6:arm64 10.2.1-6
2023-10-03 14:29:28 status unpacked libstdc++6:arm64 10.2.1-6
2023-10-03 14:29:28 install gcc-9-base:arm64 <none> 9.3.0-22
2023-10-03 14:29:28 status half-installed gcc-9-base:arm64 9.3.0-22
2023-10-03 14:29:28 status unpacked gcc-9-base:arm64 9.3.0-22
2023-10-03 14:29:28 install libc-bin:arm64 <none> 2.31-13+deb11u6
2023-10-03 14:29:28 status half-installed libc-bin:arm64 2.31-13+deb11u6
2023-10-03 14:29:28 status unpacked libc-bin:arm64 2.31-13+deb11u6
2023-10-03 14:29:28 upgrade libc6:arm64 2.31-13+deb11u6 2.31-13+deb11u6
2023-10-03 14:29:28 status half-configured libc6:arm64 2.31-13+deb11u6
2023-10-03 14:29:28 status unpacked libc6:arm64 2.31-13+deb11u6
2023-10-03 14:29:28 status half-installed libc6:arm64 2.31-13+deb11u6
2023-10-03 14:29:29 status unpacked libc6:arm64 2.31-13+deb11u6
2023-10-03 14:29:29 install libgmp10:arm64 <none> 2:6.2.1+dfsg-1+deb11u1
2023-10-03 14:29:29 status half-installed libgmp10:arm64 2:6.2.1+dfsg-1+deb11u1
2023-10-03 14:29:29 status unpacked libgmp10:arm64 2:6.2.1+dfsg-1+deb11u1
2023-10-03 14:29:29 install gpgv:arm64 <none> 2.2.27-2+deb11u2
2023-10-03 14:29:29 status half-installed gpgv:arm64 2.2.27-2+deb11u2
2023-10-03 14:29:29 status unpacked gpgv:arm64 2.2.27-2+deb11u2
2023-10-03 14:29:29 install libgnutls30:arm64 <none> 3.7.1-5+deb11u3
2023-10-03 14:29:29 status half-installed libgnutls30:arm64 3.7.1-5+deb11u3
2023-10-03 14:29:29 status unpacked libgnutls30:arm64 3.7.1-5+deb11u3
2023-10-03 14:29:29 install grep:arm64 <none> 3.6-1+deb11u1
2023-10-03 14:29:29 status half-installed grep:arm64 3.6-1+deb11u1
2023-10-03 14:29:29 status unpacked grep:arm64 3.6-1+deb11u1
2023-10-03 14:29:29 install gzip:arm64 <none> 1.10-4+deb11u1
2023-10-03 14:29:29 status half-installed gzip:arm64 1.10-4+deb11u1
2023-10-03 14:29:29 status unpacked gzip:arm64 1.10-4+deb11u1
2023-10-03 14:29:29 install hostname:arm64 <none> 3.23
2023-10-03 14:29:29 status half-installed hostname:arm64 3.23
2023-10-03 14:29:29 status unpacked hostname:arm64 3.23
2023-10-03 14:29:29 install init-system-helpers:all <none> 1.60
2023-10-03 14:29:29 status half-installed init-system-helpers:all 1.60
2023-10-03 14:29:29 status unpacked init-system-helpers:all 1.60
2023-10-03 14:29:29 install libkeyutils1:arm64 <none> 1.6.1-2
2023-10-03 14:29:29 status half-installed libkeyutils1:arm64 1.6.1-2
2023-10-03 14:29:29 status unpacked libkeyutils1:arm64 1.6.1-2
2023-10-03 14:29:29 install libgssapi-krb5-2:arm64 <none> 1.18.3-6+deb11u3
2023-10-03 14:29:29 status half-installed libgssapi-krb5-2:arm64 1.18.3-6+deb11u3
2023-10-03 14:29:29 status unpacked libgssapi-krb5-2:arm64 1.18.3-6+deb11u3
2023-10-03 14:29:29 install libk5crypto3:arm64 <none> 1.18.3-6+deb11u3
2023-10-03 14:29:29 status half-installed libk5crypto3:arm64 1.18.3-6+deb11u3
2023-10-03 14:29:29 status unpacked libk5crypto3:arm64 1.18.3-6+deb11u3
2023-10-03 14:29:29 install libkrb5-3:arm64 <none> 1.18.3-6+deb11u3
2023-10-03 14:29:29 status half-installed libkrb5-3:arm64 1.18.3-6+deb11u3
2023-10-03 14:29:29 status unpacked libkrb5-3:arm64 1.18.3-6+deb11u3
2023-10-03 14:29:29 install libkrb5support0:arm64 <none> 1.18.3-6+deb11u3
2023-10-03 14:29:29 status half-installed libkrb5support0:arm64 1.18.3-6+deb11u3
2023-10-03 14:29:29 status unpacked libkrb5support0:arm64 1.18.3-6+deb11u3
2023-10-03 14:29:29 install libcap-ng0:arm64 <none> 0.7.9-2.2+b1
2023-10-03 14:29:29 status half-installed libcap-ng0:arm64 0.7.9-2.2+b1
2023-10-03 14:29:29 status unpacked libcap-ng0:arm64 0.7.9-2.2+b1
2023-10-03 14:29:29 install libffi7:arm64 <none> 3.3-6
2023-10-03 14:29:29 status half-installed libffi7:arm64 3.3-6
2023-10-03 14:29:29 status unpacked libffi7:arm64 3.3-6
2023-10-03 14:29:29 install libgcrypt20:arm64 <none> 1.8.7-6
2023-10-03 14:29:29 status half-installed libgcrypt20:arm64 1.8.7-6
2023-10-03 14:29:29 status unpacked libgcrypt20:arm64 1.8.7-6
2023-10-03 14:29:29 install libgpg-error0:arm64 <none> 1.38-2
2023-10-03 14:29:29 status half-installed libgpg-error0:arm64 1.38-2
2023-10-03 14:29:29 status unpacked libgpg-error0:arm64 1.38-2
2023-10-03 14:29:29 install libidn2-0:arm64 <none> 2.3.0-5
2023-10-03 14:29:29 status half-installed libidn2-0:arm64 2.3.0-5
2023-10-03 14:29:29 status unpacked libidn2-0:arm64 2.3.0-5
2023-10-03 14:29:29 install libnsl2:arm64 <none> 1.3.0-2
2023-10-03 14:29:29 status half-installed libnsl2:arm64 1.3.0-2
2023-10-03 14:29:29 status unpacked libnsl2:arm64 1.3.0-2
2023-10-03 14:29:29 install libseccomp2:arm64 <none> 2.5.1-1+deb11u1
2023-10-03 14:29:29 status half-installed libseccomp2:arm64 2.5.1-1+deb11u1
2023-10-03 14:29:29 status unpacked libseccomp2:arm64 2.5.1-1+deb11u1
2023-10-03 14:29:29 install libselinux1:arm64 <none> 3.1-3
2023-10-03 14:29:29 status half-installed libselinux1:arm64 3.1-3
2023-10-03 14:29:29 status unpacked libselinux1:arm64 3.1-3
2023-10-03 14:29:29 install libsemanage-common:all <none> 3.1-1
2023-10-03 14:29:29 status half-installed libsemanage-common:all 3.1-1
2023-10-03 14:29:29 status unpacked libsemanage-common:all 3.1-1
2023-10-03 14:29:29 install libsemanage1:arm64 <none> 3.1-1+b2
2023-10-03 14:29:29 status half-installed libsemanage1:arm64 3.1-1+b2
2023-10-03 14:29:29 status unpacked libsemanage1:arm64 3.1-1+b2
2023-10-03 14:29:29 install libsepol1:arm64 <none> 3.1-1
2023-10-03 14:29:29 status half-installed libsepol1:arm64 3.1-1
2023-10-03 14:29:29 status unpacked libsepol1:arm64 3.1-1
2023-10-03 14:29:29 install libtasn1-6:arm64 <none> 4.16.0-2+deb11u1
2023-10-03 14:29:29 status half-installed libtasn1-6:arm64 4.16.0-2+deb11u1
2023-10-03 14:29:29 status unpacked libtasn1-6:arm64 4.16.0-2+deb11u1
2023-10-03 14:29:29 install libtirpc-common:all <none> 1.3.1-1+deb11u1
2023-10-03 14:29:29 status half-installed libtirpc-common:all 1.3.1-1+deb11u1
2023-10-03 14:29:29 status unpacked libtirpc-common:all 1.3.1-1+deb11u1
2023-10-03 14:29:29 install libtirpc3:arm64 <none> 1.3.1-1+deb11u1
2023-10-03 14:29:29 status half-installed libtirpc3:arm64 1.3.1-1+deb11u1
2023-10-03 14:29:29 status unpacked libtirpc3:arm64 1.3.1-1+deb11u1
2023-10-03 14:29:29 install libunistring2:arm64 <none> 0.9.10-4
2023-10-03 14:29:29 status half-installed libunistring2:arm64 0.9.10-4
2023-10-03 14:29:29 status unpacked libunistring2:arm64 0.9.10-4
2023-10-03 14:29:29 install libcrypt1:arm64 <none> 1:4.4.18-4
2023-10-03 14:29:29 status half-installed libcrypt1:arm64 1:4.4.18-4
2023-10-03 14:29:29 status unpacked libcrypt1:arm64 1:4.4.18-4
2023-10-03 14:29:29 install libzstd1:arm64 <none> 1.4.8+dfsg-2.1
2023-10-03 14:29:29 status half-installed libzstd1:arm64 1.4.8+dfsg-2.1
2023-10-03 14:29:29 status unpacked libzstd1:arm64 1.4.8+dfsg-2.1
2023-10-03 14:29:29 install lsb-base:all <none> 11.1.0
2023-10-03 14:29:29 status half-installed lsb-base:all 11.1.0
2023-10-03 14:29:29 status unpacked lsb-base:all 11.1.0
2023-10-03 14:29:29 install liblz4-1:arm64 <none> 1.9.3-2
2023-10-03 14:29:29 status half-installed liblz4-1:arm64 1.9.3-2
2023-10-03 14:29:29 status unpacked liblz4-1:arm64 1.9.3-2
2023-10-03 14:29:29 upgrade mawk:arm64 1.3.4.20200120-2 1.3.4.20200120-2
2023-10-03 14:29:29 status half-configured mawk:arm64 1.3.4.20200120-2
2023-10-03 14:29:29 status unpacked mawk:arm64 1.3.4.20200120-2
2023-10-03 14:29:29 status half-installed mawk:arm64 1.3.4.20200120-2
2023-10-03 14:29:29 status unpacked mawk:arm64 1.3.4.20200120-2
2023-10-03 14:29:29 install libtinfo6:arm64 <none> 6.2+20201114-2+deb11u1
2023-10-03 14:29:29 status half-installed libtinfo6:arm64 6.2+20201114-2+deb11u1
2023-10-03 14:29:29 status unpacked libtinfo6:arm64 6.2+20201114-2+deb11u1
2023-10-03 14:29:30 install ncurses-base:all <none> 6.2+20201114-2+deb11u1
2023-10-03 14:29:30 status half-installed ncurses-base:all 6.2+20201114-2+deb11u1
2023-10-03 14:29:30 status unpacked ncurses-base:all 6.2+20201114-2+deb11u1
2023-10-03 14:29:30 install ncurses-bin:arm64 <none> 6.2+20201114-2+deb11u1
2023-10-03 14:29:30 status half-installed ncurses-bin:arm64 6.2+20201114-2+deb11u1
2023-10-03 14:29:30 status unpacked ncurses-bin:arm64 6.2+20201114-2+deb11u1
2023-10-03 14:29:30 install libhogweed6:arm64 <none> 3.7.3-1
2023-10-03 14:29:30 status half-installed libhogweed6:arm64 3.7.3-1
2023-10-03 14:29:30 status unpacked libhogweed6:arm64 3.7.3-1
2023-10-03 14:29:30 install libnettle8:arm64 <none> 3.7.3-1
2023-10-03 14:29:30 status half-installed libnettle8:arm64 3.7.3-1
2023-10-03 14:29:30 status unpacked libnettle8:arm64 3.7.3-1
2023-10-03 14:29:30 install libssl1.1:arm64 <none> 1.1.1n-0+deb11u4
2023-10-03 14:29:30 status half-installed libssl1.1:arm64 1.1.1n-0+deb11u4
2023-10-03 14:29:30 status unpacked libssl1.1:arm64 1.1.1n-0+deb11u4
2023-10-03 14:29:30 install libp11-kit0:arm64 <none> 0.23.22-1
2023-10-03 14:29:30 status half-installed libp11-kit0:arm64 0.23.22-1
2023-10-03 14:29:30 status unpacked libp11-kit0:arm64 0.23.22-1
2023-10-03 14:29:30 install libpam-modules:arm64 <none> 1.4.0-9+deb11u1
2023-10-03 14:29:30 status half-installed libpam-modules:arm64 1.4.0-9+deb11u1
2023-10-03 14:29:30 status unpacked libpam-modules:arm64 1.4.0-9+deb11u1
2023-10-03 14:29:30 install libpam-modules-bin:arm64 <none> 1.4.0-9+deb11u1
2023-10-03 14:29:30 status half-installed libpam-modules-bin:arm64 1.4.0-9+deb11u1
2023-10-03 14:29:30 status unpacked libpam-modules-bin:arm64 1.4.0-9+deb11u1
2023-10-03 14:29:30 install libpam-runtime:all <none> 1.4.0-9+deb11u1
2023-10-03 14:29:30 status half-installed libpam-runtime:all 1.4.0-9+deb11u1
2023-10-03 14:29:30 status unpacked libpam-runtime:all 1.4.0-9+deb11u1
2023-10-03 14:29:30 install libpam0g:arm64 <none> 1.4.0-9+deb11u1
2023-10-03 14:29:30 status half-installed libpam0g:arm64 1.4.0-9+deb11u1
2023-10-03 14:29:30 status unpacked libpam0g:arm64 1.4.0-9+deb11u1
2023-10-03 14:29:30 install libpcre2-8-0:arm64 <none> 10.36-2+deb11u1
2023-10-03 14:29:30 status half-installed libpcre2-8-0:arm64 10.36-2+deb11u1
2023-10-03 14:29:30 status unpacked libpcre2-8-0:arm64 10.36-2+deb11u1
2023-10-03 14:29:30 install libpcre3:arm64 <none> 2:8.39-13
2023-10-03 14:29:30 status half-installed libpcre3:arm64 2:8.39-13
2023-10-03 14:29:30 status unpacked libpcre3:arm64 2:8.39-13
2023-10-03 14:29:30 upgrade perl-base:arm64 5.32.1-4+deb11u2 5.32.1-4+deb11u2
2023-10-03 14:29:30 status half-configured perl-base:arm64 5.32.1-4+deb11u2
2023-10-03 14:29:30 status unpacked perl-base:arm64 5.32.1-4+deb11u2
2023-10-03 14:29:30 status half-installed perl-base:arm64 5.32.1-4+deb11u2
2023-10-03 14:29:30 status unpacked perl-base:arm64 5.32.1-4+deb11u2
2023-10-03 14:29:30 install sed:arm64 <none> 4.7-1
2023-10-03 14:29:30 status half-installed sed:arm64 4.7-1
2023-10-03 14:29:30 status unpacked sed:arm64 4.7-1
2023-10-03 14:29:30 install login:arm64 <none> 1:4.8.1-1
2023-10-03 14:29:30 status half-installed login:arm64 1:4.8.1-1
2023-10-03 14:29:30 status unpacked login:arm64 1:4.8.1-1
2023-10-03 14:29:30 install passwd:arm64 <none> 1:4.8.1-1
2023-10-03 14:29:30 status half-installed passwd:arm64 1:4.8.1-1
2023-10-03 14:29:30 status unpacked passwd:arm64 1:4.8.1-1
2023-10-03 14:29:30 install libsystemd0:arm64 <none> 247.3-7+deb11u2
2023-10-03 14:29:30 status half-installed libsystemd0:arm64 247.3-7+deb11u2
2023-10-03 14:29:30 status unpacked libsystemd0:arm64 247.3-7+deb11u2
2023-10-03 14:29:31 install libudev1:arm64 <none> 247.3-7+deb11u2
2023-10-03 14:29:31 status half-installed libudev1:arm64 247.3-7+deb11u2
2023-10-03 14:29:31 status unpacked libudev1:arm64 247.3-7+deb11u2
2023-10-03 14:29:31 install sysvinit-utils:arm64 <none> 2.96-7+deb11u1
2023-10-03 14:29:31 status half-installed sysvinit-utils:arm64 2.96-7+deb11u1
2023-10-03 14:29:31 status unpacked sysvinit-utils:arm64 2.96-7+deb11u1
2023-10-03 14:29:31 install tar:arm64 <none> 1.34+dfsg-1
2023-10-03 14:29:31 status half-installed tar:arm64 1.34+dfsg-1
2023-10-03 14:29:31 status unpacked tar:arm64 1.34+dfsg-1
2023-10-03 14:29:31 install tzdata:all <none> 2021a-1+deb11u10
2023-10-03 14:29:31 status half-installed tzdata:all 2021a-1+deb11u10
2023-10-03 14:29:31 status unpacked tzdata:all 2021a-1+deb11u10
2023-10-03 14:29:31 install bsdutils:arm64 <none> 1:2.36.1-8+deb11u1
2023-10-03 14:29:31 status half-installed bsdutils:arm64 1:2.36.1-8+deb11u1
2023-10-03 14:29:31 status unpacked bsdutils:arm64 1:2.36.1-8+deb11u1
2023-10-03 14:29:31 install libblkid1:arm64 <none> 2.36.1-8+deb11u1
2023-10-03 14:29:31 status half-installed libblkid1:arm64 2.36.1-8+deb11u1
2023-10-03 14:29:31 status unpacked libblkid1:arm64 2.36.1-8+deb11u1
2023-10-03 14:29:31 install libmount1:arm64 <none> 2.36.1-8+deb11u1
2023-10-03 14:29:31 status half-installed libmount1:arm64 2.36.1-8+deb11u1
2023-10-03 14:29:31 status unpacked libmount1:arm64 2.36.1-8+deb11u1
2023-10-03 14:29:31 install libsmartcols1:arm64 <none> 2.36.1-8+deb11u1
2023-10-03 14:29:31 status half-installed libsmartcols1:arm64 2.36.1-8+deb11u1
2023-10-03 14:29:31 status unpacked libsmartcols1:arm64 2.36.1-8+deb11u1
2023-10-03 14:29:31 install libuuid1:arm64 <none> 2.36.1-8+deb11u1
2023-10-03 14:29:31 status half-installed libuuid1:arm64 2.36.1-8+deb11u1
2023-10-03 14:29:31 status unpacked libuuid1:arm64 2.36.1-8+deb11u1
2023-10-03 14:29:31 install mount:arm64 <none> 2.36.1-8+deb11u1
2023-10-03 14:29:31 status half-installed mount:arm64 2.36.1-8+deb11u1
2023-10-03 14:29:31 status unpacked mount:arm64 2.36.1-8+deb11u1
2023-10-03 14:29:31 install util-linux:arm64 <none> 2.36.1-8+deb11u1
2023-10-03 14:29:31 status half-installed util-linux:arm64 2.36.1-8+deb11u1
2023-10-03 14:29:31 status unpacked util-linux:arm64 2.36.1-8+deb11u1
2023-10-03 14:29:31 install libxxhash0:arm64 <none> 0.8.0-2
2023-10-03 14:29:31 status half-installed libxxhash0:arm64 0.8.0-2
2023-10-03 14:29:31 status unpacked libxxhash0:arm64 0.8.0-2
2023-10-03 14:29:31 install liblzma5:arm64 <none> 5.2.5-2.1~deb11u1
2023-10-03 14:29:31 status half-installed liblzma5:arm64 5.2.5-2.1~deb11u1
2023-10-03 14:29:31 status unpacked liblzma5:arm64 5.2.5-2.1~deb11u1
2023-10-03 14:29:31 install zlib1g:arm64 <none> 1:1.2.11.dfsg-2+deb11u2
2023-10-03 14:29:31 status half-installed zlib1g:arm64 1:1.2.11.dfsg-2+deb11u2
2023-10-03 14:29:31 status unpacked zlib1g:arm64 1:1.2.11.dfsg-2+deb11u2
2023-10-03 14:29:31 startup packages configure
2023-10-03 14:29:31 configure lsb-base:all 11.1.0 <none>
2023-10-03 14:29:31 status unpacked lsb-base:all 11.1.0
2023-10-03 14:29:31 status half-configured lsb-base:all 11.1.0
2023-10-03 14:29:31 status installed lsb-base:all 11.1.0
2023-10-03 14:29:31 configure libtirpc-common:all 1.3.1-1+deb11u1 <none>
2023-10-03 14:29:31 status unpacked libtirpc-common:all 1.3.1-1+deb11u1
2023-10-03 14:29:31 status half-configured libtirpc-common:all 1.3.1-1+deb11u1
2023-10-03 14:29:31 status installed libtirpc-common:all 1.3.1-1+deb11u1
2023-10-03 14:29:31 configure debian-archive-keyring:all 2021.1.1+deb11u1 <none>
2023-10-03 14:29:31 status unpacked debian-archive-keyring:all 2021.1.1+deb11u1
2023-10-03 14:29:31 status half-configured debian-archive-keyring:all 2021.1.1+deb11u1
2023-10-03 14:29:31 status installed debian-archive-keyring:all 2021.1.1+deb11u1
2023-10-03 14:29:31 configure libaudit-common:all 1:3.0-2 <none>
2023-10-03 14:29:31 status unpacked libaudit-common:all 1:3.0-2
2023-10-03 14:29:31 status half-configured libaudit-common:all 1:3.0-2
2023-10-03 14:29:31 status installed libaudit-common:all 1:3.0-2
2023-10-03 14:29:31 configure libsemanage-common:all 3.1-1 <none>
2023-10-03 14:29:31 status unpacked libsemanage-common:all 3.1-1
2023-10-03 14:29:31 status half-configured libsemanage-common:all 3.1-1
2023-10-03 14:29:31 status installed libsemanage-common:all 3.1-1
2023-10-03 14:29:31 configure gcc-10-base:arm64 10.2.1-6 <none>
2023-10-03 14:29:31 status unpacked gcc-10-base:arm64 10.2.1-6
2023-10-03 14:29:31 status half-configured gcc-10-base:arm64 10.2.1-6
2023-10-03 14:29:31 status installed gcc-10-base:arm64 10.2.1-6
2023-10-03 14:29:31 configure ncurses-base:all 6.2+20201114-2+deb11u1 <none>
2023-10-03 14:29:31 status unpacked ncurses-base:all 6.2+20201114-2+deb11u1
2023-10-03 14:29:31 status half-configured ncurses-base:all 6.2+20201114-2+deb11u1
2023-10-03 14:29:31 status installed ncurses-base:all 6.2+20201114-2+deb11u1
2023-10-03 14:29:31 configure gcc-9-base:arm64 9.3.0-22 <none>
2023-10-03 14:29:31 status unpacked gcc-9-base:arm64 9.3.0-22
2023-10-03 14:29:31 status half-configured gcc-9-base:arm64 9.3.0-22
2023-10-03 14:29:31 status installed gcc-9-base:arm64 9.3.0-22
2023-10-03 14:29:31 configure libcrypt1:arm64 1:4.4.18-4 <none>
2023-10-03 14:29:31 status unpacked libcrypt1:arm64 1:4.4.18-4
2023-10-03 14:29:31 status half-configured libcrypt1:arm64 1:4.4.18-4
2023-10-03 14:29:31 status installed libcrypt1:arm64 1:4.4.18-4
2023-10-03 14:29:31 configure libgcc-s1:arm64 10.2.1-6 <none>
2023-10-03 14:29:31 status unpacked libgcc-s1:arm64 10.2.1-6
2023-10-03 14:29:31 status half-configured libgcc-s1:arm64 10.2.1-6
2023-10-03 14:29:31 status installed libgcc-s1:arm64 10.2.1-6
2023-10-03 14:29:31 configure libc6:arm64 2.31-13+deb11u6 <none>
2023-10-03 14:29:31 status unpacked libc6:arm64 2.31-13+deb11u6
2023-10-03 14:29:31 status half-configured libc6:arm64 2.31-13+deb11u6
2023-10-03 14:29:31 status installed libc6:arm64 2.31-13+deb11u6
2023-10-03 14:29:31 configure libudev1:arm64 247.3-7+deb11u2 <none>
2023-10-03 14:29:31 status unpacked libudev1:arm64 247.3-7+deb11u2
2023-10-03 14:29:31 status half-configured libudev1:arm64 247.3-7+deb11u2
2023-10-03 14:29:31 status installed libudev1:arm64 247.3-7+deb11u2
2023-10-03 14:29:31 configure libsepol1:arm64 3.1-1 <none>
2023-10-03 14:29:31 status unpacked libsepol1:arm64 3.1-1
2023-10-03 14:29:31 status half-configured libsepol1:arm64 3.1-1
2023-10-03 14:29:31 status installed libsepol1:arm64 3.1-1
2023-10-03 14:29:31 configure libxxhash0:arm64 0.8.0-2 <none>
2023-10-03 14:29:31 status unpacked libxxhash0:arm64 0.8.0-2
2023-10-03 14:29:31 status half-configured libxxhash0:arm64 0.8.0-2
2023-10-03 14:29:31 status installed libxxhash0:arm64 0.8.0-2
2023-10-03 14:29:31 configure libattr1:arm64 1:2.4.48-6 <none>
2023-10-03 14:29:31 status unpacked libattr1:arm64 1:2.4.48-6
2023-10-03 14:29:31 status half-configured libattr1:arm64 1:2.4.48-6
2023-10-03 14:29:31 status installed libattr1:arm64 1:2.4.48-6
2023-10-03 14:29:31 configure sysvinit-utils:arm64 2.96-7+deb11u1 <none>
2023-10-03 14:29:31 status unpacked sysvinit-utils:arm64 2.96-7+deb11u1
2023-10-03 14:29:31 status half-configured sysvinit-utils:arm64 2.96-7+deb11u1
2023-10-03 14:29:31 status installed sysvinit-utils:arm64 2.96-7+deb11u1
2023-10-03 14:29:31 configure libtasn1-6:arm64 4.16.0-2+deb11u1 <none>
2023-10-03 14:29:31 status unpacked libtasn1-6:arm64 4.16.0-2+deb11u1
2023-10-03 14:29:31 status half-configured libtasn1-6:arm64 4.16.0-2+deb11u1
2023-10-03 14:29:31 status installed libtasn1-6:arm64 4.16.0-2+deb11u1
2023-10-03 14:29:31 configure debianutils:arm64 4.11.2 <none>
2023-10-03 14:29:31 status unpacked debianutils:arm64 4.11.2
2023-10-03 14:29:31 status half-configured debianutils:arm64 4.11.2
2023-10-03 14:29:31 status installed debianutils:arm64 4.11.2
2023-10-03 14:29:31 configure mawk:arm64 1.3.4.20200120-2 <none>
2023-10-03 14:29:31 status unpacked mawk:arm64 1.3.4.20200120-2
2023-10-03 14:29:31 status half-configured mawk:arm64 1.3.4.20200120-2
2023-10-03 14:29:31 status installed mawk:arm64 1.3.4.20200120-2
2023-10-03 14:29:32 configure libdebconfclient0:arm64 0.260 <none>
2023-10-03 14:29:32 status unpacked libdebconfclient0:arm64 0.260
2023-10-03 14:29:32 status half-configured libdebconfclient0:arm64 0.260
2023-10-03 14:29:32 status installed libdebconfclient0:arm64 0.260
2023-10-03 14:29:32 configure base-files:arm64 11.1+deb11u7 <none>
2023-10-03 14:29:32 status unpacked base-files:arm64 11.1+deb11u7
2023-10-03 14:29:32 status half-configured base-files:arm64 11.1+deb11u7
2023-10-03 14:29:32 status installed base-files:arm64 11.1+deb11u7
2023-10-03 14:29:32 configure libbz2-1.0:arm64 1.0.8-4 <none>
2023-10-03 14:29:32 status unpacked libbz2-1.0:arm64 1.0.8-4
2023-10-03 14:29:32 status half-configured libbz2-1.0:arm64 1.0.8-4
2023-10-03 14:29:32 status installed libbz2-1.0:arm64 1.0.8-4
2023-10-03 14:29:32 configure base-passwd:arm64 3.5.51 <none>
2023-10-03 14:29:32 status unpacked base-passwd:arm64 3.5.51
2023-10-03 14:29:32 status half-configured base-passwd:arm64 3.5.51
2023-10-03 14:29:32 status installed base-passwd:arm64 3.5.51
2023-10-03 14:29:32 configure libdb5.3:arm64 5.3.28+dfsg1-0.8 <none>
2023-10-03 14:29:32 status unpacked libdb5.3:arm64 5.3.28+dfsg1-0.8
2023-10-03 14:29:32 status half-configured libdb5.3:arm64 5.3.28+dfsg1-0.8
2023-10-03 14:29:32 status installed libdb5.3:arm64 5.3.28+dfsg1-0.8
2023-10-03 14:29:32 configure libblkid1:arm64 2.36.1-8+deb11u1 <none>
2023-10-03 14:29:32 status unpacked libblkid1:arm64 2.36.1-8+deb11u1
2023-10-03 14:29:32 status half-configured libblkid1:arm64 2.36.1-8+deb11u1
2023-10-03 14:29:32 status installed libblkid1:arm64 2.36.1-8+deb11u1
2023-10-03 14:29:32 configure libstdc++6:arm64 10.2.1-6 <none>
2023-10-03 14:29:32 status unpacked libstdc++6:arm64 10.2.1-6
2023-10-03 14:29:32 status half-configured libstdc++6:arm64 10.2.1-6
2023-10-03 14:29:32 status installed libstdc++6:arm64 10.2.1-6
2023-10-03 14:29:32 configure libtinfo6:arm64 6.2+20201114-2+deb11u1 <none>
2023-10-03 14:29:32 status unpacked libtinfo6:arm64 6.2+20201114-2+deb11u1
2023-10-03 14:29:32 status half-configured libtinfo6:arm64 6.2+20201114-2+deb11u1
2023-10-03 14:29:32 status installed libtinfo6:arm64 6.2+20201114-2+deb11u1
2023-10-03 14:29:32 configure bash:arm64 5.1-2+deb11u1 <none>
2023-10-03 14:29:32 status unpacked bash:arm64 5.1-2+deb11u1
2023-10-03 14:29:32 status half-configured bash:arm64 5.1-2+deb11u1
2023-10-03 14:29:32 status installed bash:arm64 5.1-2+deb11u1
2023-10-03 14:29:32 configure libzstd1:arm64 1.4.8+dfsg-2.1 <none>
2023-10-03 14:29:32 status unpacked libzstd1:arm64 1.4.8+dfsg-2.1
2023-10-03 14:29:32 status half-configured libzstd1:arm64 1.4.8+dfsg-2.1
2023-10-03 14:29:32 status installed libzstd1:arm64 1.4.8+dfsg-2.1
2023-10-03 14:29:32 configure libkeyutils1:arm64 1.6.1-2 <none>
2023-10-03 14:29:32 status unpacked libkeyutils1:arm64 1.6.1-2
2023-10-03 14:29:32 status half-configured libkeyutils1:arm64 1.6.1-2
2023-10-03 14:29:32 status installed libkeyutils1:arm64 1.6.1-2
2023-10-03 14:29:32 configure liblzma5:arm64 5.2.5-2.1~deb11u1 <none>
2023-10-03 14:29:32 status unpacked liblzma5:arm64 5.2.5-2.1~deb11u1
2023-10-03 14:29:32 status half-configured liblzma5:arm64 5.2.5-2.1~deb11u1
2023-10-03 14:29:32 status installed liblzma5:arm64 5.2.5-2.1~deb11u1
2023-10-03 14:29:32 configure libgpg-error0:arm64 1.38-2 <none>
2023-10-03 14:29:32 status unpacked libgpg-error0:arm64 1.38-2
2023-10-03 14:29:32 status half-configured libgpg-error0:arm64 1.38-2
2023-10-03 14:29:32 status installed libgpg-error0:arm64 1.38-2
2023-10-03 14:29:32 configure liblz4-1:arm64 1.9.3-2 <none>
2023-10-03 14:29:32 status unpacked liblz4-1:arm64 1.9.3-2
2023-10-03 14:29:32 status half-configured liblz4-1:arm64 1.9.3-2
2023-10-03 14:29:32 status installed liblz4-1:arm64 1.9.3-2
2023-10-03 14:29:32 configure libc-bin:arm64 2.31-13+deb11u6 <none>
2023-10-03 14:29:32 status unpacked libc-bin:arm64 2.31-13+deb11u6
2023-10-03 14:29:32 status half-configured libc-bin:arm64 2.31-13+deb11u6
2023-10-03 14:29:32 status installed libc-bin:arm64 2.31-13+deb11u6
2023-10-03 14:29:32 configure ncurses-bin:arm64 6.2+20201114-2+deb11u1 <none>
2023-10-03 14:29:32 status unpacked ncurses-bin:arm64 6.2+20201114-2+deb11u1
2023-10-03 14:29:32 status half-configured ncurses-bin:arm64 6.2+20201114-2+deb11u1
2023-10-03 14:29:32 status installed ncurses-bin:arm64 6.2+20201114-2+deb11u1
2023-10-03 14:29:32 configure libffi7:arm64 3.3-6 <none>
2023-10-03 14:29:32 status triggers-pending libc-bin:arm64 2.31-13+deb11u6
2023-10-03 14:29:32 status unpacked libffi7:arm64 3.3-6
2023-10-03 14:29:32 status half-configured libffi7:arm64 3.3-6
2023-10-03 14:29:32 status installed libffi7:arm64 3.3-6
2023-10-03 14:29:32 configure libacl1:arm64 2.2.53-10 <none>
2023-10-03 14:29:32 status unpacked libacl1:arm64 2.2.53-10
2023-10-03 14:29:32 status half-configured libacl1:arm64 2.2.53-10
2023-10-03 14:29:32 status installed libacl1:arm64 2.2.53-10
2023-10-03 14:29:32 configure libunistring2:arm64 0.9.10-4 <none>
2023-10-03 14:29:32 status unpacked libunistring2:arm64 0.9.10-4
2023-10-03 14:29:32 status half-configured libunistring2:arm64 0.9.10-4
2023-10-03 14:29:32 status installed libunistring2:arm64 0.9.10-4
2023-10-03 14:29:32 configure libsmartcols1:arm64 2.36.1-8+deb11u1 <none>
2023-10-03 14:29:32 status unpacked libsmartcols1:arm64 2.36.1-8+deb11u1
2023-10-03 14:29:32 status half-configured libsmartcols1:arm64 2.36.1-8+deb11u1
2023-10-03 14:29:32 status installed libsmartcols1:arm64 2.36.1-8+deb11u1
2023-10-03 14:29:32 configure libgcrypt20:arm64 1.8.7-6 <none>
2023-10-03 14:29:32 status unpacked libgcrypt20:arm64 1.8.7-6
2023-10-03 14:29:32 status half-configured libgcrypt20:arm64 1.8.7-6
2023-10-03 14:29:32 status installed libgcrypt20:arm64 1.8.7-6
2023-10-03 14:29:32 configure zlib1g:arm64 1:1.2.11.dfsg-2+deb11u2 <none>
2023-10-03 14:29:32 status unpacked zlib1g:arm64 1:1.2.11.dfsg-2+deb11u2
2023-10-03 14:29:32 status half-configured zlib1g:arm64 1:1.2.11.dfsg-2+deb11u2
2023-10-03 14:29:32 status installed zlib1g:arm64 1:1.2.11.dfsg-2+deb11u2
2023-10-03 14:29:32 configure libidn2-0:arm64 2.3.0-5 <none>
2023-10-03 14:29:32 status unpacked libidn2-0:arm64 2.3.0-5
2023-10-03 14:29:32 status half-configured libidn2-0:arm64 2.3.0-5
2023-10-03 14:29:32 status installed libidn2-0:arm64 2.3.0-5
2023-10-03 14:29:32 configure libcom-err2:arm64 1.46.2-2 <none>
2023-10-03 14:29:32 status unpacked libcom-err2:arm64 1.46.2-2
2023-10-03 14:29:32 status half-configured libcom-err2:arm64 1.46.2-2
2023-10-03 14:29:32 status installed libcom-err2:arm64 1.46.2-2
2023-10-03 14:29:32 configure diffutils:arm64 1:3.7-5 <none>
2023-10-03 14:29:32 status unpacked diffutils:arm64 1:3.7-5
2023-10-03 14:29:32 status half-configured diffutils:arm64 1:3.7-5
2023-10-03 14:29:32 status installed diffutils:arm64 1:3.7-5
2023-10-03 14:29:32 configure libseccomp2:arm64 2.5.1-1+deb11u1 <none>
2023-10-03 14:29:32 status unpacked libseccomp2:arm64 2.5.1-1+deb11u1
2023-10-03 14:29:32 status half-configured libseccomp2:arm64 2.5.1-1+deb11u1
2023-10-03 14:29:32 status installed libseccomp2:arm64 2.5.1-1+deb11u1
2023-10-03 14:29:32 configure libsystemd0:arm64 247.3-7+deb11u2 <none>
2023-10-03 14:29:32 status unpacked libsystemd0:arm64 247.3-7+deb11u2
2023-10-03 14:29:32 status half-configured libsystemd0:arm64 247.3-7+deb11u2
2023-10-03 14:29:32 status installed libsystemd0:arm64 247.3-7+deb11u2
2023-10-03 14:29:32 configure libkrb5support0:arm64 1.18.3-6+deb11u3 <none>
2023-10-03 14:29:32 status unpacked libkrb5support0:arm64 1.18.3-6+deb11u3
2023-10-03 14:29:32 status half-configured libkrb5support0:arm64 1.18.3-6+deb11u3
2023-10-03 14:29:32 status installed libkrb5support0:arm64 1.18.3-6+deb11u3
2023-10-03 14:29:32 configure hostname:arm64 3.23 <none>
2023-10-03 14:29:32 status unpacked hostname:arm64 3.23
2023-10-03 14:29:32 status half-configured hostname:arm64 3.23
2023-10-03 14:29:32 status installed hostname:arm64 3.23
2023-10-03 14:29:32 configure libpcre3:arm64 2:8.39-13 <none>
2023-10-03 14:29:32 status unpacked libpcre3:arm64 2:8.39-13
2023-10-03 14:29:32 status half-configured libpcre3:arm64 2:8.39-13
2023-10-03 14:29:32 status installed libpcre3:arm64 2:8.39-13
2023-10-03 14:29:32 configure libcap-ng0:arm64 0.7.9-2.2+b1 <none>
2023-10-03 14:29:32 status unpacked libcap-ng0:arm64 0.7.9-2.2+b1
2023-10-03 14:29:32 status half-configured libcap-ng0:arm64 0.7.9-2.2+b1
2023-10-03 14:29:32 status installed libcap-ng0:arm64 0.7.9-2.2+b1
2023-10-03 14:29:32 configure libext2fs2:arm64 1.46.2-2 <none>
2023-10-03 14:29:32 status unpacked libext2fs2:arm64 1.46.2-2
2023-10-03 14:29:32 status half-configured libext2fs2:arm64 1.46.2-2
2023-10-03 14:29:32 status installed libext2fs2:arm64 1.46.2-2
2023-10-03 14:29:32 configure libnettle8:arm64 3.7.3-1 <none>
2023-10-03 14:29:32 status unpacked libnettle8:arm64 3.7.3-1
2023-10-03 14:29:32 status half-configured libnettle8:arm64 3.7.3-1
2023-10-03 14:29:32 status installed libnettle8:arm64 3.7.3-1
2023-10-03 14:29:32 configure libapt-pkg6.0:arm64 2.2.4 <none>
2023-10-03 14:29:32 status unpacked libapt-pkg6.0:arm64 2.2.4
2023-10-03 14:29:32 status half-configured libapt-pkg6.0:arm64 2.2.4
2023-10-03 14:29:32 status installed libapt-pkg6.0:arm64 2.2.4
2023-10-03 14:29:32 configure libgmp10:arm64 2:6.2.1+dfsg-1+deb11u1 <none>
2023-10-03 14:29:32 status unpacked libgmp10:arm64 2:6.2.1+dfsg-1+deb11u1
2023-10-03 14:29:32 status half-configured libgmp10:arm64 2:6.2.1+dfsg-1+deb11u1
2023-10-03 14:29:32 status installed libgmp10:arm64 2:6.2.1+dfsg-1+deb11u1
2023-10-03 14:29:32 configure libp11-kit0:arm64 0.23.22-1 <none>
2023-10-03 14:29:32 status unpacked libp11-kit0:arm64 0.23.22-1
2023-10-03 14:29:32 status half-configured libp11-kit0:arm64 0.23.22-1
2023-10-03 14:29:32 status installed libp11-kit0:arm64 0.23.22-1
2023-10-03 14:29:32 configure libaudit1:arm64 1:3.0-2 <none>
2023-10-03 14:29:32 status unpacked libaudit1:arm64 1:3.0-2
2023-10-03 14:29:32 status half-configured libaudit1:arm64 1:3.0-2
2023-10-03 14:29:32 status installed libaudit1:arm64 1:3.0-2
2023-10-03 14:29:32 configure libuuid1:arm64 2.36.1-8+deb11u1 <none>
2023-10-03 14:29:32 status unpacked libuuid1:arm64 2.36.1-8+deb11u1
2023-10-03 14:29:32 status half-configured libuuid1:arm64 2.36.1-8+deb11u1
2023-10-03 14:29:32 status installed libuuid1:arm64 2.36.1-8+deb11u1
2023-10-03 14:29:32 configure libss2:arm64 1.46.2-2 <none>
2023-10-03 14:29:32 status unpacked libss2:arm64 1.46.2-2
2023-10-03 14:29:32 status half-configured libss2:arm64 1.46.2-2
2023-10-03 14:29:32 status installed libss2:arm64 1.46.2-2
2023-10-03 14:29:32 configure libpcre2-8-0:arm64 10.36-2+deb11u1 <none>
2023-10-03 14:29:32 status unpacked libpcre2-8-0:arm64 10.36-2+deb11u1
2023-10-03 14:29:32 status half-configured libpcre2-8-0:arm64 10.36-2+deb11u1
2023-10-03 14:29:32 status installed libpcre2-8-0:arm64 10.36-2+deb11u1
2023-10-03 14:29:32 configure libk5crypto3:arm64 1.18.3-6+deb11u3 <none>
2023-10-03 14:29:32 status unpacked libk5crypto3:arm64 1.18.3-6+deb11u3
2023-10-03 14:29:32 status half-configured libk5crypto3:arm64 1.18.3-6+deb11u3
2023-10-03 14:29:32 status installed libk5crypto3:arm64 1.18.3-6+deb11u3
2023-10-03 14:29:32 configure logsave:arm64 1.46.2-2 <none>
2023-10-03 14:29:32 status unpacked logsave:arm64 1.46.2-2
2023-10-03 14:29:32 status half-configured logsave:arm64 1.46.2-2
2023-10-03 14:29:32 status installed logsave:arm64 1.46.2-2
2023-10-03 14:29:32 configure gpgv:arm64 2.2.27-2+deb11u2 <none>
2023-10-03 14:29:32 status unpacked gpgv:arm64 2.2.27-2+deb11u2
2023-10-03 14:29:32 status half-configured gpgv:arm64 2.2.27-2+deb11u2
2023-10-03 14:29:32 status installed gpgv:arm64 2.2.27-2+deb11u2
2023-10-03 14:29:32 configure libhogweed6:arm64 3.7.3-1 <none>
2023-10-03 14:29:32 status unpacked libhogweed6:arm64 3.7.3-1
2023-10-03 14:29:32 status half-configured libhogweed6:arm64 3.7.3-1
2023-10-03 14:29:32 status installed libhogweed6:arm64 3.7.3-1
2023-10-03 14:29:32 configure bsdutils:arm64 1:2.36.1-8+deb11u1 <none>
2023-10-03 14:29:32 status unpacked bsdutils:arm64 1:2.36.1-8+deb11u1
2023-10-03 14:29:32 status half-configured bsdutils:arm64 1:2.36.1-8+deb11u1
2023-10-03 14:29:32 status installed bsdutils:arm64 1:2.36.1-8+deb11u1
2023-10-03 14:29:32 configure e2fsprogs:arm64 1.46.2-2 <none>
2023-10-03 14:29:32 status unpacked e2fsprogs:arm64 1.46.2-2
2023-10-03 14:29:32 status half-configured e2fsprogs:arm64 1.46.2-2
2023-10-03 14:29:32 status installed e2fsprogs:arm64 1.46.2-2
2023-10-03 14:29:32 configure libselinux1:arm64 3.1-3 <none>
2023-10-03 14:29:32 status unpacked libselinux1:arm64 3.1-3
2023-10-03 14:29:32 status half-configured libselinux1:arm64 3.1-3
2023-10-03 14:29:32 status installed libselinux1:arm64 3.1-3
2023-10-03 14:29:32 configure libgnutls30:arm64 3.7.1-5+deb11u3 <none>
2023-10-03 14:29:32 status unpacked libgnutls30:arm64 3.7.1-5+deb11u3
2023-10-03 14:29:32 status half-configured libgnutls30:arm64 3.7.1-5+deb11u3
2023-10-03 14:29:32 status installed libgnutls30:arm64 3.7.1-5+deb11u3
2023-10-03 14:29:32 configure sed:arm64 4.7-1 <none>
2023-10-03 14:29:32 status unpacked sed:arm64 4.7-1
2023-10-03 14:29:32 status half-configured sed:arm64 4.7-1
2023-10-03 14:29:32 status installed sed:arm64 4.7-1
2023-10-03 14:29:32 configure findutils:arm64 4.8.0-1 <none>
2023-10-03 14:29:32 status unpacked findutils:arm64 4.8.0-1
2023-10-03 14:29:32 status half-configured findutils:arm64 4.8.0-1
2023-10-03 14:29:32 status installed findutils:arm64 4.8.0-1
2023-10-03 14:29:32 configure libmount1:arm64 2.36.1-8+deb11u1 <none>
2023-10-03 14:29:32 status unpacked libmount1:arm64 2.36.1-8+deb11u1
2023-10-03 14:29:32 status half-configured libmount1:arm64 2.36.1-8+deb11u1
2023-10-03 14:29:32 status installed libmount1:arm64 2.36.1-8+deb11u1
2023-10-03 14:29:32 configure libsemanage1:arm64 3.1-1+b2 <none>
2023-10-03 14:29:32 status unpacked libsemanage1:arm64 3.1-1+b2
2023-10-03 14:29:32 status half-configured libsemanage1:arm64 3.1-1+b2
2023-10-03 14:29:32 status installed libsemanage1:arm64 3.1-1+b2
2023-10-03 14:29:32 configure tar:arm64 1.34+dfsg-1 <none>
2023-10-03 14:29:32 status unpacked tar:arm64 1.34+dfsg-1
2023-10-03 14:29:32 status half-configured tar:arm64 1.34+dfsg-1
2023-10-03 14:29:32 status installed tar:arm64 1.34+dfsg-1
2023-10-03 14:29:32 configure coreutils:arm64 8.32-4 <none>
2023-10-03 14:29:32 status unpacked coreutils:arm64 8.32-4
2023-10-03 14:29:32 status half-configured coreutils:arm64 8.32-4
2023-10-03 14:29:32 status installed coreutils:arm64 8.32-4
2023-10-03 14:29:32 configure dpkg:arm64 1.20.12 <none>
2023-10-03 14:29:32 status unpacked dpkg:arm64 1.20.12
2023-10-03 14:29:32 status half-configured dpkg:arm64 1.20.12
2023-10-03 14:29:32 status installed dpkg:arm64 1.20.12
2023-10-03 14:29:32 configure grep:arm64 3.6-1+deb11u1 <none>
2023-10-03 14:29:32 status unpacked grep:arm64 3.6-1+deb11u1
2023-10-03 14:29:32 status half-configured grep:arm64 3.6-1+deb11u1
2023-10-03 14:29:32 status installed grep:arm64 3.6-1+deb11u1
2023-10-03 14:29:32 configure perl-base:arm64 5.32.1-4+deb11u2 <none>
2023-10-03 14:29:32 status unpacked perl-base:arm64 5.32.1-4+deb11u2
2023-10-03 14:29:32 status half-configured perl-base:arm64 5.32.1-4+deb11u2
2023-10-03 14:29:32 status installed perl-base:arm64 5.32.1-4+deb11u2
2023-10-03 14:29:32 configure init-system-helpers:all 1.60 <none>
2023-10-03 14:29:32 status unpacked init-system-helpers:all 1.60
2023-10-03 14:29:32 status half-configured init-system-helpers:all 1.60
2023-10-03 14:29:32 status installed init-system-helpers:all 1.60
2023-10-03 14:29:32 configure gzip:arm64 1.10-4+deb11u1 <none>
2023-10-03 14:29:32 status unpacked gzip:arm64 1.10-4+deb11u1
2023-10-03 14:29:32 status half-configured gzip:arm64 1.10-4+deb11u1
2023-10-03 14:29:32 status installed gzip:arm64 1.10-4+deb11u1
2023-10-03 14:29:32 configure debconf:all 1.5.77 <none>
2023-10-03 14:29:32 status unpacked debconf:all 1.5.77
2023-10-03 14:29:32 status half-configured debconf:all 1.5.77
2023-10-03 14:29:32 status installed debconf:all 1.5.77
2023-10-03 14:29:32 configure tzdata:all 2021a-1+deb11u10 <none>
2023-10-03 14:29:32 status unpacked tzdata:all 2021a-1+deb11u10
2023-10-03 14:29:32 status half-configured tzdata:all 2021a-1+deb11u10
2023-10-03 14:29:32 status installed tzdata:all 2021a-1+deb11u10
2023-10-03 14:29:32 configure libpam0g:arm64 1.4.0-9+deb11u1 <none>
2023-10-03 14:29:32 status unpacked libpam0g:arm64 1.4.0-9+deb11u1
2023-10-03 14:29:32 status half-configured libpam0g:arm64 1.4.0-9+deb11u1
2023-10-03 14:29:32 status installed libpam0g:arm64 1.4.0-9+deb11u1
2023-10-03 14:29:32 configure dash:arm64 0.5.11+git20200708+dd9ef66-5 <none>
2023-10-03 14:29:32 status unpacked dash:arm64 0.5.11+git20200708+dd9ef66-5
2023-10-03 14:29:32 status half-configured dash:arm64 0.5.11+git20200708+dd9ef66-5
2023-10-03 14:29:32 status installed dash:arm64 0.5.11+git20200708+dd9ef66-5
2023-10-03 14:29:32 configure libssl1.1:arm64 1.1.1n-0+deb11u4 <none>
2023-10-03 14:29:32 status unpacked libssl1.1:arm64 1.1.1n-0+deb11u4
2023-10-03 14:29:32 status half-configured libssl1.1:arm64 1.1.1n-0+deb11u4
2023-10-03 14:29:32 status installed libssl1.1:arm64 1.1.1n-0+deb11u4
2023-10-03 14:29:32 configure libpam-modules-bin:arm64 1.4.0-9+deb11u1 <none>
2023-10-03 14:29:32 status unpacked libpam-modules-bin:arm64 1.4.0-9+deb11u1
2023-10-03 14:29:32 status half-configured libpam-modules-bin:arm64 1.4.0-9+deb11u1
2023-10-03 14:29:32 status installed libpam-modules-bin:arm64 1.4.0-9+deb11u1
2023-10-03 14:29:32 configure libkrb5-3:arm64 1.18.3-6+deb11u3 <none>
2023-10-03 14:29:32 status unpacked libkrb5-3:arm64 1.18.3-6+deb11u3
2023-10-03 14:29:32 status half-configured libkrb5-3:arm64 1.18.3-6+deb11u3
2023-10-03 14:29:32 status installed libkrb5-3:arm64 1.18.3-6+deb11u3
2023-10-03 14:29:32 configure libgssapi-krb5-2:arm64 1.18.3-6+deb11u3 <none>
2023-10-03 14:29:32 status unpacked libgssapi-krb5-2:arm64 1.18.3-6+deb11u3
2023-10-03 14:29:32 status half-configured libgssapi-krb5-2:arm64 1.18.3-6+deb11u3
2023-10-03 14:29:32 status installed libgssapi-krb5-2:arm64 1.18.3-6+deb11u3
2023-10-03 14:29:32 configure libtirpc3:arm64 1.3.1-1+deb11u1 <none>
2023-10-03 14:29:32 status unpacked libtirpc3:arm64 1.3.1-1+deb11u1
2023-10-03 14:29:32 status half-configured libtirpc3:arm64 1.3.1-1+deb11u1
2023-10-03 14:29:32 status installed libtirpc3:arm64 1.3.1-1+deb11u1
2023-10-03 14:29:32 configure libnsl2:arm64 1.3.0-2 <none>
2023-10-03 14:29:32 status unpacked libnsl2:arm64 1.3.0-2
2023-10-03 14:29:32 status half-configured libnsl2:arm64 1.3.0-2
2023-10-03 14:29:32 status installed libnsl2:arm64 1.3.0-2
2023-10-03 14:29:32 configure libpam-modules:arm64 1.4.0-9+deb11u1 <none>
2023-10-03 14:29:32 status unpacked libpam-modules:arm64 1.4.0-9+deb11u1
2023-10-03 14:29:32 status half-configured libpam-modules:arm64 1.4.0-9+deb11u1
2023-10-03 14:29:32 status installed libpam-modules:arm64 1.4.0-9+deb11u1
2023-10-03 14:29:32 configure passwd:arm64 1:4.8.1-1 <none>
2023-10-03 14:29:32 status unpacked passwd:arm64 1:4.8.1-1
2023-10-03 14:29:32 status half-configured passwd:arm64 1:4.8.1-1
2023-10-03 14:29:32 status installed passwd:arm64 1:4.8.1-1
2023-10-03 14:29:32 configure libpam-runtime:all 1.4.0-9+deb11u1 <none>
2023-10-03 14:29:32 status unpacked libpam-runtime:all 1.4.0-9+deb11u1
2023-10-03 14:29:32 status half-configured libpam-runtime:all 1.4.0-9+deb11u1
2023-10-03 14:29:32 status installed libpam-runtime:all 1.4.0-9+deb11u1
2023-10-03 14:29:32 configure login:arm64 1:4.8.1-1 <none>
2023-10-03 14:29:32 status unpacked login:arm64 1:4.8.1-1
2023-10-03 14:29:32 status half-configured login:arm64 1:4.8.1-1
2023-10-03 14:29:32 status installed login:arm64 1:4.8.1-1
2023-10-03 14:29:32 configure adduser:all 3.118 <none>
2023-10-03 14:29:32 status unpacked adduser:all 3.118
2023-10-03 14:29:32 status half-configured adduser:all 3.118
2023-10-03 14:29:32 status installed adduser:all 3.118
2023-10-03 14:29:32 configure apt:arm64 2.2.4 <none>
2023-10-03 14:29:32 status unpacked apt:arm64 2.2.4
2023-10-03 14:29:32 status half-configured apt:arm64 2.2.4
2023-10-03 14:29:33 status installed apt:arm64 2.2.4
2023-10-03 14:29:33 configure util-linux:arm64 2.36.1-8+deb11u1 <none>
2023-10-03 14:29:33 status unpacked util-linux:arm64 2.36.1-8+deb11u1
2023-10-03 14:29:33 status half-configured util-linux:arm64 2.36.1-8+deb11u1
2023-10-03 14:29:33 status installed util-linux:arm64 2.36.1-8+deb11u1
2023-10-03 14:29:33 configure mount:arm64 2.36.1-8+deb11u1 <none>
2023-10-03 14:29:33 status unpacked mount:arm64 2.36.1-8+deb11u1
2023-10-03 14:29:33 status half-configured mount:arm64 2.36.1-8+deb11u1
2023-10-03 14:29:33 status installed mount:arm64 2.36.1-8+deb11u1
2023-10-03 14:29:33 trigproc libc-bin:arm64 2.31-13+deb11u6 <none>
2023-10-03 14:29:33 status half-configured libc-bin:arm64 2.31-13+deb11u6
2023-10-03 14:29:33 status installed libc-bin:arm64 2.31-13+deb11u6
2023-10-03 14:29:36 startup archives install
2023-10-03 14:29:36 install libapparmor1:arm64 <none> 2.13.6-10
2023-10-03 14:29:36 status triggers-pending libc-bin:arm64 2.31-13+deb11u6
2023-10-03 14:29:36 status half-installed libapparmor1:arm64 2.13.6-10
2023-10-03 14:29:36 status unpacked libapparmor1:arm64 2.13.6-10
2023-10-03 14:29:36 install libargon2-1:arm64 <none> 0~20171227-0.2
2023-10-03 14:29:36 status half-installed libargon2-1:arm64 0~20171227-0.2
2023-10-03 14:29:36 status unpacked libargon2-1:arm64 0~20171227-0.2
2023-10-03 14:29:36 install libcryptsetup12:arm64 <none> 2:2.3.7-1+deb11u1
2023-10-03 14:29:36 status half-installed libcryptsetup12:arm64 2:2.3.7-1+deb11u1
2023-10-03 14:29:36 status unpacked libcryptsetup12:arm64 2:2.3.7-1+deb11u1
2023-10-03 14:29:36 install libip4tc2:arm64 <none> 1.8.7-1
2023-10-03 14:29:36 status half-installed libip4tc2:arm64 1.8.7-1
2023-10-03 14:29:36 status unpacked libip4tc2:arm64 1.8.7-1
2023-10-03 14:29:36 install libjson-c5:arm64 <none> 0.15-2
2023-10-03 14:29:36 status half-installed libjson-c5:arm64 0.15-2
2023-10-03 14:29:36 status unpacked libjson-c5:arm64 0.15-2
2023-10-03 14:29:36 install libkmod2:arm64 <none> 28-1
2023-10-03 14:29:36 status half-installed libkmod2:arm64 28-1
2023-10-03 14:29:36 status unpacked libkmod2:arm64 28-1
2023-10-03 14:29:36 install libcap2:arm64 <none> 1:2.44-1
2023-10-03 14:29:36 status half-installed libcap2:arm64 1:2.44-1
2023-10-03 14:29:36 status unpacked libcap2:arm64 1:2.44-1
2023-10-03 14:29:36 install dmsetup:arm64 <none> 2:1.02.175-2.1
2023-10-03 14:29:36 status half-installed dmsetup:arm64 2:1.02.175-2.1
2023-10-03 14:29:36 status unpacked dmsetup:arm64 2:1.02.175-2.1
2023-10-03 14:29:36 install libdevmapper1.02.1:arm64 <none> 2:1.02.175-2.1
2023-10-03 14:29:36 status half-installed libdevmapper1.02.1:arm64 2:1.02.175-2.1
2023-10-03 14:29:36 status unpacked libdevmapper1.02.1:arm64 2:1.02.175-2.1
2023-10-03 14:29:36 install systemd:arm64 <none> 247.3-7+deb11u2
2023-10-03 14:29:36 status half-installed systemd:arm64 247.3-7+deb11u2
2023-10-03 14:29:36 status unpacked systemd:arm64 247.3-7+deb11u2
2023-10-03 14:29:36 configure libapparmor1:arm64 2.13.6-10 2.13.6-10
2023-10-03 14:29:36 status half-configured libapparmor1:arm64 2.13.6-10
2023-10-03 14:29:36 status installed libapparmor1:arm64 2.13.6-10
2023-10-03 14:29:36 configure libargon2-1:arm64 0~20171227-0.2 0~20171227-0.2
2023-10-03 14:29:36 status half-configured libargon2-1:arm64 0~20171227-0.2
2023-10-03 14:29:36 status installed libargon2-1:arm64 0~20171227-0.2
2023-10-03 14:29:36 configure libip4tc2:arm64 1.8.7-1 1.8.7-1
2023-10-03 14:29:36 status half-configured libip4tc2:arm64 1.8.7-1
2023-10-03 14:29:36 status installed libip4tc2:arm64 1.8.7-1
2023-10-03 14:29:36 configure libjson-c5:arm64 0.15-2 0.15-2
2023-10-03 14:29:36 status half-configured libjson-c5:arm64 0.15-2
2023-10-03 14:29:36 status installed libjson-c5:arm64 0.15-2
2023-10-03 14:29:36 configure libkmod2:arm64 28-1 28-1
2023-10-03 14:29:36 status half-configured libkmod2:arm64 28-1
2023-10-03 14:29:36 status installed libkmod2:arm64 28-1
2023-10-03 14:29:36 configure libcap2:arm64 1:2.44-1 1:2.44-1
2023-10-03 14:29:36 status half-configured libcap2:arm64 1:2.44-1
2023-10-03 14:29:36 status installed libcap2:arm64 1:2.44-1
2023-10-03 14:29:36 configure libdevmapper1.02.1:arm64 2:1.02.175-2.1 2:1.02.175-2.1
2023-10-03 14:29:36 status half-configured libdevmapper1.02.1:arm64 2:1.02.175-2.1
2023-10-03 14:29:36 status installed libdevmapper1.02.1:arm64 2:1.02.175-2.1
2023-10-03 14:29:36 configure libcryptsetup12:arm64 2:2.3.7-1+deb11u1 2:2.3.7-1+deb11u1
2023-10-03 14:29:36 status half-configured libcryptsetup12:arm64 2:2.3.7-1+deb11u1
2023-10-03 14:29:36 status installed libcryptsetup12:arm64 2:2.3.7-1+deb11u1
2023-10-03 14:29:36 configure dmsetup:arm64 2:1.02.175-2.1 2:1.02.175-2.1
2023-10-03 14:29:36 status half-configured dmsetup:arm64 2:1.02.175-2.1
2023-10-03 14:29:36 status installed dmsetup:arm64 2:1.02.175-2.1
2023-10-03 14:29:36 configure systemd:arm64 247.3-7+deb11u2 247.3-7+deb11u2
2023-10-03 14:29:37 status half-configured systemd:arm64 247.3-7+deb11u2
2023-10-03 14:29:37 status installed systemd:arm64 247.3-7+deb11u2
2023-10-03 14:29:37 trigproc libc-bin:arm64 2.31-13+deb11u6 <none>
2023-10-03 14:29:37 status half-configured libc-bin:arm64 2.31-13+deb11u6
2023-10-03 14:29:37 status installed libc-bin:arm64 2.31-13+deb11u6
2023-10-03 14:29:40 startup archives install
2023-10-03 14:29:40 install systemd-sysv:arm64 <none> 247.3-7+deb11u2
2023-10-03 14:29:40 status half-installed systemd-sysv:arm64 247.3-7+deb11u2
2023-10-03 14:29:40 status unpacked systemd-sysv:arm64 247.3-7+deb11u2
2023-10-03 14:29:40 configure systemd-sysv:arm64 247.3-7+deb11u2 247.3-7+deb11u2
2023-10-03 14:29:40 status half-configured systemd-sysv:arm64 247.3-7+deb11u2
2023-10-03 14:29:40 status installed systemd-sysv:arm64 247.3-7+deb11u2
2023-10-03 14:29:40 startup archives unpack
2023-10-03 14:29:40 install apt-utils:arm64 <none> 2.2.4
2023-10-03 14:29:40 status half-installed apt-utils:arm64 2.2.4
2023-10-03 14:29:40 status unpacked apt-utils:arm64 2.2.4
2023-10-03 14:29:40 install libdns-export1110:arm64 <none> 1:9.11.19+dfsg-2.1
2023-10-03 14:29:40 status triggers-pending libc-bin:arm64 2.31-13+deb11u6
2023-10-03 14:29:40 status half-installed libdns-export1110:arm64 1:9.11.19+dfsg-2.1
2023-10-03 14:29:40 status unpacked libdns-export1110:arm64 1:9.11.19+dfsg-2.1
2023-10-03 14:29:40 install libisc-export1105:arm64 <none> 1:9.11.19+dfsg-2.1
2023-10-03 14:29:40 status half-installed libisc-export1105:arm64 1:9.11.19+dfsg-2.1
2023-10-03 14:29:40 status unpacked libisc-export1105:arm64 1:9.11.19+dfsg-2.1
2023-10-03 14:29:40 install ca-certificates:all <none> 20210119
2023-10-03 14:29:40 status half-installed ca-certificates:all 20210119
2023-10-03 14:29:40 status unpacked ca-certificates:all 20210119
2023-10-03 14:29:40 install cpio:arm64 <none> 2.13+dfsg-4
2023-10-03 14:29:40 status half-installed cpio:arm64 2.13+dfsg-4
2023-10-03 14:29:40 status unpacked cpio:arm64 2.13+dfsg-4
2023-10-03 14:29:40 install cron:arm64 <none> 3.0pl1-137
2023-10-03 14:29:40 status half-installed cron:arm64 3.0pl1-137
2023-10-03 14:29:40 status unpacked cron:arm64 3.0pl1-137
2023-10-03 14:29:40 install debconf-i18n:all <none> 1.5.77
2023-10-03 14:29:40 status half-installed debconf-i18n:all 1.5.77
2023-10-03 14:29:40 status unpacked debconf-i18n:all 1.5.77
2023-10-03 14:29:40 install dmidecode:arm64 <none> 3.3-2
2023-10-03 14:29:40 status half-installed dmidecode:arm64 3.3-2
2023-10-03 14:29:40 status unpacked dmidecode:arm64 3.3-2
2023-10-03 14:29:40 install libelf1:arm64 <none> 0.183-1
2023-10-03 14:29:40 status half-installed libelf1:arm64 0.183-1
2023-10-03 14:29:40 status unpacked libelf1:arm64 0.183-1
2023-10-03 14:29:40 install ifupdown:arm64 <none> 0.8.36
2023-10-03 14:29:40 status half-installed ifupdown:arm64 0.8.36
2023-10-03 14:29:40 status unpacked ifupdown:arm64 0.8.36
2023-10-03 14:29:40 install init:arm64 <none> 1.60
2023-10-03 14:29:40 status half-installed init:arm64 1.60
2023-10-03 14:29:40 status unpacked init:arm64 1.60
2023-10-03 14:29:40 install iproute2:arm64 <none> 5.10.0-4
2023-10-03 14:29:40 status half-installed iproute2:arm64 5.10.0-4
2023-10-03 14:29:41 status unpacked iproute2:arm64 5.10.0-4
2023-10-03 14:29:41 install libxtables12:arm64 <none> 1.8.7-1
2023-10-03 14:29:41 status half-installed libxtables12:arm64 1.8.7-1
2023-10-03 14:29:41 status unpacked libxtables12:arm64 1.8.7-1
2023-10-03 14:29:41 install iputils-ping:arm64 <none> 3:20210202-1
2023-10-03 14:29:41 status half-installed iputils-ping:arm64 3:20210202-1
2023-10-03 14:29:41 status unpacked iputils-ping:arm64 3:20210202-1
2023-10-03 14:29:41 install isc-dhcp-client:arm64 <none> 4.4.1-2.3+deb11u2
2023-10-03 14:29:41 status half-installed isc-dhcp-client:arm64 4.4.1-2.3+deb11u2
2023-10-03 14:29:41 status unpacked isc-dhcp-client:arm64 4.4.1-2.3+deb11u2
2023-10-03 14:29:41 install isc-dhcp-common:arm64 <none> 4.4.1-2.3+deb11u2
2023-10-03 14:29:41 status half-installed isc-dhcp-common:arm64 4.4.1-2.3+deb11u2
2023-10-03 14:29:41 status unpacked isc-dhcp-common:arm64 4.4.1-2.3+deb11u2
2023-10-03 14:29:41 install libjansson4:arm64 <none> 2.13.1-1.1
2023-10-03 14:29:41 status half-installed libjansson4:arm64 2.13.1-1.1
2023-10-03 14:29:41 status unpacked libjansson4:arm64 2.13.1-1.1
2023-10-03 14:29:41 install kmod:arm64 <none> 28-1
2023-10-03 14:29:41 status half-installed kmod:arm64 28-1
2023-10-03 14:29:41 status unpacked kmod:arm64 28-1
2023-10-03 14:29:41 install less:arm64 <none> 551-2
2023-10-03 14:29:41 status half-installed less:arm64 551-2
2023-10-03 14:29:41 status unpacked less:arm64 551-2
2023-10-03 14:29:41 install libbpf0:arm64 <none> 1:0.3-2
2023-10-03 14:29:41 status half-installed libbpf0:arm64 1:0.3-2
2023-10-03 14:29:41 status unpacked libbpf0:arm64 1:0.3-2
2023-10-03 14:29:41 install libbsd0:arm64 <none> 0.11.3-1
2023-10-03 14:29:41 status half-installed libbsd0:arm64 0.11.3-1
2023-10-03 14:29:41 status unpacked libbsd0:arm64 0.11.3-1
2023-10-03 14:29:41 install libcap2-bin:arm64 <none> 1:2.44-1
2023-10-03 14:29:41 status half-installed libcap2-bin:arm64 1:2.44-1
2023-10-03 14:29:41 status unpacked libcap2-bin:arm64 1:2.44-1
2023-10-03 14:29:41 install libedit2:arm64 <none> 3.1-20191231-2+b1
2023-10-03 14:29:41 status half-installed libedit2:arm64 3.1-20191231-2+b1
2023-10-03 14:29:41 status unpacked libedit2:arm64 3.1-20191231-2+b1
2023-10-03 14:29:41 install libestr0:arm64 <none> 0.1.10-2.1+b1
2023-10-03 14:29:41 status half-installed libestr0:arm64 0.1.10-2.1+b1
2023-10-03 14:29:41 status unpacked libestr0:arm64 0.1.10-2.1+b1
2023-10-03 14:29:41 install libfastjson4:arm64 <none> 0.99.9-1
2023-10-03 14:29:41 status half-installed libfastjson4:arm64 0.99.9-1
2023-10-03 14:29:41 status unpacked libfastjson4:arm64 0.99.9-1
2023-10-03 14:29:41 install liblocale-gettext-perl:arm64 <none> 1.07-4+b1
2023-10-03 14:29:41 status half-installed liblocale-gettext-perl:arm64 1.07-4+b1
2023-10-03 14:29:41 status unpacked liblocale-gettext-perl:arm64 1.07-4+b1
2023-10-03 14:29:41 install liblognorm5:arm64 <none> 2.0.5-1.1
2023-10-03 14:29:41 status half-installed liblognorm5:arm64 2.0.5-1.1
2023-10-03 14:29:41 status unpacked liblognorm5:arm64 2.0.5-1.1
2023-10-03 14:29:41 install libmd0:arm64 <none> 1.0.3-3
2023-10-03 14:29:41 status half-installed libmd0:arm64 1.0.3-3
2023-10-03 14:29:41 status unpacked libmd0:arm64 1.0.3-3
2023-10-03 14:29:41 install libmnl0:arm64 <none> 1.0.4-3
2023-10-03 14:29:41 status half-installed libmnl0:arm64 1.0.4-3
2023-10-03 14:29:41 status unpacked libmnl0:arm64 1.0.4-3
2023-10-03 14:29:41 install libnftnl11:arm64 <none> 1.1.9-1
2023-10-03 14:29:41 status half-installed libnftnl11:arm64 1.1.9-1
2023-10-03 14:29:41 status unpacked libnftnl11:arm64 1.1.9-1
2023-10-03 14:29:41 install libtext-charwidth-perl:arm64 <none> 0.04-10+b1
2023-10-03 14:29:41 status half-installed libtext-charwidth-perl:arm64 0.04-10+b1
2023-10-03 14:29:41 status unpacked libtext-charwidth-perl:arm64 0.04-10+b1
2023-10-03 14:29:41 install libtext-iconv-perl:arm64 <none> 1.7-7+b1
2023-10-03 14:29:41 status half-installed libtext-iconv-perl:arm64 1.7-7+b1
2023-10-03 14:29:41 status unpacked libtext-iconv-perl:arm64 1.7-7+b1
2023-10-03 14:29:41 install libtext-wrapi18n-perl:all <none> 0.06-9
2023-10-03 14:29:41 status half-installed libtext-wrapi18n-perl:all 0.06-9
2023-10-03 14:29:41 status unpacked libtext-wrapi18n-perl:all 0.06-9
2023-10-03 14:29:41 install logrotate:arm64 <none> 3.18.0-2+deb11u1
2023-10-03 14:29:41 status half-installed logrotate:arm64 3.18.0-2+deb11u1
2023-10-03 14:29:41 status unpacked logrotate:arm64 3.18.0-2+deb11u1
2023-10-03 14:29:41 install nano:arm64 <none> 5.4-2+deb11u2
2023-10-03 14:29:41 status half-installed nano:arm64 5.4-2+deb11u2
2023-10-03 14:29:41 status unpacked nano:arm64 5.4-2+deb11u2
2023-10-03 14:29:41 install libncurses6:arm64 <none> 6.2+20201114-2+deb11u1
2023-10-03 14:29:41 status half-installed libncurses6:arm64 6.2+20201114-2+deb11u1
2023-10-03 14:29:41 status unpacked libncurses6:arm64 6.2+20201114-2+deb11u1
2023-10-03 14:29:41 install libncursesw6:arm64 <none> 6.2+20201114-2+deb11u1
2023-10-03 14:29:41 status half-installed libncursesw6:arm64 6.2+20201114-2+deb11u1
2023-10-03 14:29:41 status unpacked libncursesw6:arm64 6.2+20201114-2+deb11u1
2023-10-03 14:29:41 install netbase:all <none> 6.3
2023-10-03 14:29:41 status half-installed netbase:all 6.3
2023-10-03 14:29:41 status unpacked netbase:all 6.3
2023-10-03 14:29:41 install libnewt0.52:arm64 <none> 0.52.21-4+b3
2023-10-03 14:29:41 status half-installed libnewt0.52:arm64 0.52.21-4+b3
2023-10-03 14:29:41 status unpacked libnewt0.52:arm64 0.52.21-4+b3
2023-10-03 14:29:41 install whiptail:arm64 <none> 0.52.21-4+b3
2023-10-03 14:29:41 status half-installed whiptail:arm64 0.52.21-4+b3
2023-10-03 14:29:41 status unpacked whiptail:arm64 0.52.21-4+b3
2023-10-03 14:29:41 install libnftables1:arm64 <none> 0.9.8-3.1+deb11u1
2023-10-03 14:29:41 status half-installed libnftables1:arm64 0.9.8-3.1+deb11u1
2023-10-03 14:29:41 status unpacked libnftables1:arm64 0.9.8-3.1+deb11u1
2023-10-03 14:29:41 install nftables:arm64 <none> 0.9.8-3.1+deb11u1
2023-10-03 14:29:41 status half-installed nftables:arm64 0.9.8-3.1+deb11u1
2023-10-03 14:29:41 status unpacked nftables:arm64 0.9.8-3.1+deb11u1
2023-10-03 14:29:41 install openssl:arm64 <none> 1.1.1n-0+deb11u4
2023-10-03 14:29:41 status half-installed openssl:arm64 1.1.1n-0+deb11u4
2023-10-03 14:29:41 status unpacked openssl:arm64 1.1.1n-0+deb11u4
2023-10-03 14:29:41 install libpopt0:arm64 <none> 1.18-2
2023-10-03 14:29:41 status half-installed libpopt0:arm64 1.18-2
2023-10-03 14:29:41 status unpacked libpopt0:arm64 1.18-2
2023-10-03 14:29:41 install libprocps8:arm64 <none> 2:3.3.17-5
2023-10-03 14:29:41 status half-installed libprocps8:arm64 2:3.3.17-5
2023-10-03 14:29:41 status unpacked libprocps8:arm64 2:3.3.17-5
2023-10-03 14:29:41 install procps:arm64 <none> 2:3.3.17-5
2023-10-03 14:29:41 status half-installed procps:arm64 2:3.3.17-5
2023-10-03 14:29:41 status unpacked procps:arm64 2:3.3.17-5
2023-10-03 14:29:41 install libreadline8:arm64 <none> 8.1-1
2023-10-03 14:29:41 status half-installed libreadline8:arm64 8.1-1
2023-10-03 14:29:41 status unpacked libreadline8:arm64 8.1-1
2023-10-03 14:29:41 install readline-common:all <none> 8.1-1
2023-10-03 14:29:41 status half-installed readline-common:all 8.1-1
2023-10-03 14:29:42 status unpacked readline-common:all 8.1-1
2023-10-03 14:29:42 install rsyslog:arm64 <none> 8.2102.0-2+deb11u1
2023-10-03 14:29:42 status half-installed rsyslog:arm64 8.2102.0-2+deb11u1
2023-10-03 14:29:42 status unpacked rsyslog:arm64 8.2102.0-2+deb11u1
2023-10-03 14:29:42 install sensible-utils:all <none> 0.0.14
2023-10-03 14:29:42 status half-installed sensible-utils:all 0.0.14
2023-10-03 14:29:42 status unpacked sensible-utils:all 0.0.14
2023-10-03 14:29:42 install libslang2:arm64 <none> 2.3.2-5
2023-10-03 14:29:42 status half-installed libslang2:arm64 2.3.2-5
2023-10-03 14:29:42 status unpacked libslang2:arm64 2.3.2-5
2023-10-03 14:29:42 install udev:arm64 <none> 247.3-7+deb11u2
2023-10-03 14:29:42 status half-installed udev:arm64 247.3-7+deb11u2
2023-10-03 14:29:42 status unpacked udev:arm64 247.3-7+deb11u2
2023-10-03 14:29:42 install tasksel:all <none> 3.68+deb11u1
2023-10-03 14:29:42 status half-installed tasksel:all 3.68+deb11u1
2023-10-03 14:29:42 status unpacked tasksel:all 3.68+deb11u1
2023-10-03 14:29:42 install tasksel-data:all <none> 3.68+deb11u1
2023-10-03 14:29:42 status half-installed tasksel-data:all 3.68+deb11u1
2023-10-03 14:29:42 status unpacked tasksel-data:all 3.68+deb11u1
2023-10-03 14:29:42 install fdisk:arm64 <none> 2.36.1-8+deb11u1
2023-10-03 14:29:42 status half-installed fdisk:arm64 2.36.1-8+deb11u1
2023-10-03 14:29:42 status unpacked fdisk:arm64 2.36.1-8+deb11u1
2023-10-03 14:29:42 install libfdisk1:arm64 <none> 2.36.1-8+deb11u1
2023-10-03 14:29:42 status half-installed libfdisk1:arm64 2.36.1-8+deb11u1
2023-10-03 14:29:42 status unpacked libfdisk1:arm64 2.36.1-8+deb11u1
2023-10-03 14:29:42 install vim-common:all <none> 2:8.2.2434-3+deb11u1
2023-10-03 14:29:42 status half-installed vim-common:all 2:8.2.2434-3+deb11u1
2023-10-03 14:29:42 status unpacked vim-common:all 2:8.2.2434-3+deb11u1
2023-10-03 14:29:42 install vim-tiny:arm64 <none> 2:8.2.2434-3+deb11u1
2023-10-03 14:29:42 status half-installed vim-tiny:arm64 2:8.2.2434-3+deb11u1
2023-10-03 14:29:42 status unpacked vim-tiny:arm64 2:8.2.2434-3+deb11u1
2023-10-03 14:29:42 install xxd:arm64 <none> 2:8.2.2434-3+deb11u1
2023-10-03 14:29:42 status half-installed xxd:arm64 2:8.2.2434-3+deb11u1
2023-10-03 14:29:42 status unpacked xxd:arm64 2:8.2.2434-3+deb11u1
2023-10-03 14:29:42 trigproc libc-bin:arm64 2.31-13+deb11u6 <none>
2023-10-03 14:29:42 status half-configured libc-bin:arm64 2.31-13+deb11u6
2023-10-03 14:29:42 status installed libc-bin:arm64 2.31-13+deb11u6
2023-10-03 14:29:42 startup packages configure
2023-10-03 14:29:42 configure cpio:arm64 2.13+dfsg-4 <none>
2023-10-03 14:29:42 status unpacked cpio:arm64 2.13+dfsg-4
2023-10-03 14:29:42 status half-configured cpio:arm64 2.13+dfsg-4
2023-10-03 14:29:42 status installed cpio:arm64 2.13+dfsg-4
2023-10-03 14:29:42 configure libtext-iconv-perl:arm64 1.7-7+b1 <none>
2023-10-03 14:29:42 status unpacked libtext-iconv-perl:arm64 1.7-7+b1
2023-10-03 14:29:42 status half-configured libtext-iconv-perl:arm64 1.7-7+b1
2023-10-03 14:29:42 status installed libtext-iconv-perl:arm64 1.7-7+b1
2023-10-03 14:29:42 configure libtext-charwidth-perl:arm64 0.04-10+b1 <none>
2023-10-03 14:29:42 status unpacked libtext-charwidth-perl:arm64 0.04-10+b1
2023-10-03 14:29:42 status half-configured libtext-charwidth-perl:arm64 0.04-10+b1
2023-10-03 14:29:42 status installed libtext-charwidth-perl:arm64 0.04-10+b1
2023-10-03 14:29:42 configure apt-utils:arm64 2.2.4 <none>
2023-10-03 14:29:42 status unpacked apt-utils:arm64 2.2.4
2023-10-03 14:29:42 status half-configured apt-utils:arm64 2.2.4
2023-10-03 14:29:42 status installed apt-utils:arm64 2.2.4
2023-10-03 14:29:42 configure init:arm64 1.60 <none>
2023-10-03 14:29:42 status unpacked init:arm64 1.60
2023-10-03 14:29:42 status half-configured init:arm64 1.60
2023-10-03 14:29:42 status installed init:arm64 1.60
2023-10-03 14:29:42 configure libestr0:arm64 0.1.10-2.1+b1 <none>
2023-10-03 14:29:42 status triggers-pending libc-bin:arm64 2.31-13+deb11u6
2023-10-03 14:29:42 status unpacked libestr0:arm64 0.1.10-2.1+b1
2023-10-03 14:29:42 status half-configured libestr0:arm64 0.1.10-2.1+b1
2023-10-03 14:29:42 status installed libestr0:arm64 0.1.10-2.1+b1
2023-10-03 14:29:42 configure libfastjson4:arm64 0.99.9-1 <none>
2023-10-03 14:29:42 status unpacked libfastjson4:arm64 0.99.9-1
2023-10-03 14:29:42 status half-configured libfastjson4:arm64 0.99.9-1
2023-10-03 14:29:42 status installed libfastjson4:arm64 0.99.9-1
2023-10-03 14:29:42 configure less:arm64 551-2 <none>
2023-10-03 14:29:42 status unpacked less:arm64 551-2
2023-10-03 14:29:42 status half-configured less:arm64 551-2
2023-10-03 14:29:42 status installed less:arm64 551-2
2023-10-03 14:29:42 configure kmod:arm64 28-1 <none>
2023-10-03 14:29:42 status unpacked kmod:arm64 28-1
2023-10-03 14:29:42 status half-configured kmod:arm64 28-1
2023-10-03 14:29:42 status installed kmod:arm64 28-1
2023-10-03 14:29:42 configure libtext-wrapi18n-perl:all 0.06-9 <none>
2023-10-03 14:29:42 status unpacked libtext-wrapi18n-perl:all 0.06-9
2023-10-03 14:29:42 status half-configured libtext-wrapi18n-perl:all 0.06-9
2023-10-03 14:29:42 status installed libtext-wrapi18n-perl:all 0.06-9
2023-10-03 14:29:42 configure xxd:arm64 2:8.2.2434-3+deb11u1 <none>
2023-10-03 14:29:42 status unpacked xxd:arm64 2:8.2.2434-3+deb11u1
2023-10-03 14:29:42 status half-configured xxd:arm64 2:8.2.2434-3+deb11u1
2023-10-03 14:29:42 status installed xxd:arm64 2:8.2.2434-3+deb11u1
2023-10-03 14:29:42 configure libjansson4:arm64 2.13.1-1.1 <none>
2023-10-03 14:29:42 status unpacked libjansson4:arm64 2.13.1-1.1
2023-10-03 14:29:42 status half-configured libjansson4:arm64 2.13.1-1.1
2023-10-03 14:29:42 status installed libjansson4:arm64 2.13.1-1.1
2023-10-03 14:29:42 configure libcap2-bin:arm64 1:2.44-1 <none>
2023-10-03 14:29:42 status unpacked libcap2-bin:arm64 1:2.44-1
2023-10-03 14:29:42 status half-configured libcap2-bin:arm64 1:2.44-1
2023-10-03 14:29:42 status installed libcap2-bin:arm64 1:2.44-1
2023-10-03 14:29:42 configure libisc-export1105:arm64 1:9.11.19+dfsg-2.1 <none>
2023-10-03 14:29:42 status unpacked libisc-export1105:arm64 1:9.11.19+dfsg-2.1
2023-10-03 14:29:42 status half-configured libisc-export1105:arm64 1:9.11.19+dfsg-2.1
2023-10-03 14:29:42 status installed libisc-export1105:arm64 1:9.11.19+dfsg-2.1
2023-10-03 14:29:42 configure vim-common:all 2:8.2.2434-3+deb11u1 <none>
2023-10-03 14:29:42 status unpacked vim-common:all 2:8.2.2434-3+deb11u1
2023-10-03 14:29:42 status half-configured vim-common:all 2:8.2.2434-3+deb11u1
2023-10-03 14:29:42 status installed vim-common:all 2:8.2.2434-3+deb11u1
2023-10-03 14:29:42 configure libslang2:arm64 2.3.2-5 <none>
2023-10-03 14:29:42 status unpacked libslang2:arm64 2.3.2-5
2023-10-03 14:29:42 status half-configured libslang2:arm64 2.3.2-5
2023-10-03 14:29:42 status installed libslang2:arm64 2.3.2-5
2023-10-03 14:29:42 configure libncurses6:arm64 6.2+20201114-2+deb11u1 <none>
2023-10-03 14:29:42 status unpacked libncurses6:arm64 6.2+20201114-2+deb11u1
2023-10-03 14:29:42 status half-configured libncurses6:arm64 6.2+20201114-2+deb11u1
2023-10-03 14:29:42 status installed libncurses6:arm64 6.2+20201114-2+deb11u1
2023-10-03 14:29:42 configure libmnl0:arm64 1.0.4-3 <none>
2023-10-03 14:29:42 status unpacked libmnl0:arm64 1.0.4-3
2023-10-03 14:29:42 status half-configured libmnl0:arm64 1.0.4-3
2023-10-03 14:29:42 status installed libmnl0:arm64 1.0.4-3
2023-10-03 14:29:42 configure udev:arm64 247.3-7+deb11u2 <none>
2023-10-03 14:29:42 status unpacked udev:arm64 247.3-7+deb11u2
2023-10-03 14:29:42 status half-configured udev:arm64 247.3-7+deb11u2
2023-10-03 14:29:42 status installed udev:arm64 247.3-7+deb11u2
2023-10-03 14:29:42 configure libncursesw6:arm64 6.2+20201114-2+deb11u1 <none>
2023-10-03 14:29:42 status unpacked libncursesw6:arm64 6.2+20201114-2+deb11u1
2023-10-03 14:29:42 status half-configured libncursesw6:arm64 6.2+20201114-2+deb11u1
2023-10-03 14:29:42 status installed libncursesw6:arm64 6.2+20201114-2+deb11u1
2023-10-03 14:29:42 configure libxtables12:arm64 1.8.7-1 <none>
2023-10-03 14:29:42 status unpacked libxtables12:arm64 1.8.7-1
2023-10-03 14:29:42 status half-configured libxtables12:arm64 1.8.7-1
2023-10-03 14:29:42 status installed libxtables12:arm64 1.8.7-1
2023-10-03 14:29:42 configure libfdisk1:arm64 2.36.1-8+deb11u1 <none>
2023-10-03 14:29:42 status unpacked libfdisk1:arm64 2.36.1-8+deb11u1
2023-10-03 14:29:42 status half-configured libfdisk1:arm64 2.36.1-8+deb11u1
2023-10-03 14:29:42 status installed libfdisk1:arm64 2.36.1-8+deb11u1
2023-10-03 14:29:42 configure liblognorm5:arm64 2.0.5-1.1 <none>
2023-10-03 14:29:42 status unpacked liblognorm5:arm64 2.0.5-1.1
2023-10-03 14:29:42 status half-configured liblognorm5:arm64 2.0.5-1.1
2023-10-03 14:29:42 status installed liblognorm5:arm64 2.0.5-1.1
2023-10-03 14:29:42 configure nano:arm64 5.4-2+deb11u2 <none>
2023-10-03 14:29:42 status unpacked nano:arm64 5.4-2+deb11u2
2023-10-03 14:29:42 status half-configured nano:arm64 5.4-2+deb11u2
2023-10-03 14:29:42 status installed nano:arm64 5.4-2+deb11u2
2023-10-03 14:29:42 configure libmd0:arm64 1.0.3-3 <none>
2023-10-03 14:29:42 status unpacked libmd0:arm64 1.0.3-3
2023-10-03 14:29:42 status half-configured libmd0:arm64 1.0.3-3
2023-10-03 14:29:42 status installed libmd0:arm64 1.0.3-3
2023-10-03 14:29:42 configure sensible-utils:all 0.0.14 <none>
2023-10-03 14:29:42 status unpacked sensible-utils:all 0.0.14
2023-10-03 14:29:42 status half-configured sensible-utils:all 0.0.14
2023-10-03 14:29:42 status installed sensible-utils:all 0.0.14
2023-10-03 14:29:42 configure netbase:all 6.3 <none>
2023-10-03 14:29:42 status unpacked netbase:all 6.3
2023-10-03 14:29:42 status half-configured netbase:all 6.3
2023-10-03 14:29:42 status installed netbase:all 6.3
2023-10-03 14:29:42 configure isc-dhcp-common:arm64 4.4.1-2.3+deb11u2 <none>
2023-10-03 14:29:42 status unpacked isc-dhcp-common:arm64 4.4.1-2.3+deb11u2
2023-10-03 14:29:42 status half-configured isc-dhcp-common:arm64 4.4.1-2.3+deb11u2
2023-10-03 14:29:42 status installed isc-dhcp-common:arm64 4.4.1-2.3+deb11u2
2023-10-03 14:29:42 configure dmidecode:arm64 3.3-2 <none>
2023-10-03 14:29:42 status unpacked dmidecode:arm64 3.3-2
2023-10-03 14:29:42 status half-configured dmidecode:arm64 3.3-2
2023-10-03 14:29:42 status installed dmidecode:arm64 3.3-2
2023-10-03 14:29:42 configure openssl:arm64 1.1.1n-0+deb11u4 <none>
2023-10-03 14:29:42 status unpacked openssl:arm64 1.1.1n-0+deb11u4
2023-10-03 14:29:42 status half-configured openssl:arm64 1.1.1n-0+deb11u4
2023-10-03 14:29:42 status installed openssl:arm64 1.1.1n-0+deb11u4
2023-10-03 14:29:42 configure libbsd0:arm64 0.11.3-1 <none>
2023-10-03 14:29:42 status unpacked libbsd0:arm64 0.11.3-1
2023-10-03 14:29:42 status half-configured libbsd0:arm64 0.11.3-1
2023-10-03 14:29:42 status installed libbsd0:arm64 0.11.3-1
2023-10-03 14:29:42 configure libelf1:arm64 0.183-1 <none>
2023-10-03 14:29:42 status unpacked libelf1:arm64 0.183-1
2023-10-03 14:29:42 status half-configured libelf1:arm64 0.183-1
2023-10-03 14:29:42 status installed libelf1:arm64 0.183-1
2023-10-03 14:29:42 configure iputils-ping:arm64 3:20210202-1 <none>
2023-10-03 14:29:42 status unpacked iputils-ping:arm64 3:20210202-1
2023-10-03 14:29:42 status half-configured iputils-ping:arm64 3:20210202-1
2023-10-03 14:29:42 status installed iputils-ping:arm64 3:20210202-1
2023-10-03 14:29:42 configure readline-common:all 8.1-1 <none>
2023-10-03 14:29:42 status unpacked readline-common:all 8.1-1
2023-10-03 14:29:42 status half-configured readline-common:all 8.1-1
2023-10-03 14:29:42 status installed readline-common:all 8.1-1
2023-10-03 14:29:42 configure liblocale-gettext-perl:arm64 1.07-4+b1 <none>
2023-10-03 14:29:42 status unpacked liblocale-gettext-perl:arm64 1.07-4+b1
2023-10-03 14:29:42 status half-configured liblocale-gettext-perl:arm64 1.07-4+b1
2023-10-03 14:29:42 status installed liblocale-gettext-perl:arm64 1.07-4+b1
2023-10-03 14:29:42 configure libprocps8:arm64 2:3.3.17-5 <none>
2023-10-03 14:29:42 status unpacked libprocps8:arm64 2:3.3.17-5
2023-10-03 14:29:42 status half-configured libprocps8:arm64 2:3.3.17-5
2023-10-03 14:29:42 status installed libprocps8:arm64 2:3.3.17-5
2023-10-03 14:29:42 configure libpopt0:arm64 1.18-2 <none>
2023-10-03 14:29:42 status unpacked libpopt0:arm64 1.18-2
2023-10-03 14:29:42 status half-configured libpopt0:arm64 1.18-2
2023-10-03 14:29:42 status installed libpopt0:arm64 1.18-2
2023-10-03 14:29:42 configure logrotate:arm64 3.18.0-2+deb11u1 <none>
2023-10-03 14:29:42 status unpacked logrotate:arm64 3.18.0-2+deb11u1
2023-10-03 14:29:42 status half-configured logrotate:arm64 3.18.0-2+deb11u1
2023-10-03 14:29:43 status installed logrotate:arm64 3.18.0-2+deb11u1
2023-10-03 14:29:43 configure libnewt0.52:arm64 0.52.21-4+b3 <none>
2023-10-03 14:29:43 status unpacked libnewt0.52:arm64 0.52.21-4+b3
2023-10-03 14:29:43 status half-configured libnewt0.52:arm64 0.52.21-4+b3
2023-10-03 14:29:43 status installed libnewt0.52:arm64 0.52.21-4+b3
2023-10-03 14:29:43 configure libedit2:arm64 3.1-20191231-2+b1 <none>
2023-10-03 14:29:43 status unpacked libedit2:arm64 3.1-20191231-2+b1
2023-10-03 14:29:43 status half-configured libedit2:arm64 3.1-20191231-2+b1
2023-10-03 14:29:43 status installed libedit2:arm64 3.1-20191231-2+b1
2023-10-03 14:29:43 configure libreadline8:arm64 8.1-1 <none>
2023-10-03 14:29:43 status unpacked libreadline8:arm64 8.1-1
2023-10-03 14:29:43 status half-configured libreadline8:arm64 8.1-1
2023-10-03 14:29:43 status installed libreadline8:arm64 8.1-1
2023-10-03 14:29:43 configure cron:arm64 3.0pl1-137 <none>
2023-10-03 14:29:43 status unpacked cron:arm64 3.0pl1-137
2023-10-03 14:29:43 status half-configured cron:arm64 3.0pl1-137
2023-10-03 14:29:43 status installed cron:arm64 3.0pl1-137
2023-10-03 14:29:43 configure rsyslog:arm64 8.2102.0-2+deb11u1 <none>
2023-10-03 14:29:43 status unpacked rsyslog:arm64 8.2102.0-2+deb11u1
2023-10-03 14:29:43 status half-configured rsyslog:arm64 8.2102.0-2+deb11u1
2023-10-03 14:29:43 status installed rsyslog:arm64 8.2102.0-2+deb11u1
2023-10-03 14:29:43 configure libdns-export1110:arm64 1:9.11.19+dfsg-2.1 <none>
2023-10-03 14:29:43 status unpacked libdns-export1110:arm64 1:9.11.19+dfsg-2.1
2023-10-03 14:29:43 status half-configured libdns-export1110:arm64 1:9.11.19+dfsg-2.1
2023-10-03 14:29:43 status installed libdns-export1110:arm64 1:9.11.19+dfsg-2.1
2023-10-03 14:29:43 configure debconf-i18n:all 1.5.77 <none>
2023-10-03 14:29:43 status unpacked debconf-i18n:all 1.5.77
2023-10-03 14:29:43 status half-configured debconf-i18n:all 1.5.77
2023-10-03 14:29:43 status installed debconf-i18n:all 1.5.77
2023-10-03 14:29:43 configure libnftnl11:arm64 1.1.9-1 <none>
2023-10-03 14:29:43 status unpacked libnftnl11:arm64 1.1.9-1
2023-10-03 14:29:43 status half-configured libnftnl11:arm64 1.1.9-1
2023-10-03 14:29:43 status installed libnftnl11:arm64 1.1.9-1
2023-10-03 14:29:43 configure vim-tiny:arm64 2:8.2.2434-3+deb11u1 <none>
2023-10-03 14:29:43 status unpacked vim-tiny:arm64 2:8.2.2434-3+deb11u1
2023-10-03 14:29:43 status half-configured vim-tiny:arm64 2:8.2.2434-3+deb11u1
2023-10-03 14:29:43 status installed vim-tiny:arm64 2:8.2.2434-3+deb11u1
2023-10-03 14:29:43 configure fdisk:arm64 2.36.1-8+deb11u1 <none>
2023-10-03 14:29:43 status unpacked fdisk:arm64 2.36.1-8+deb11u1
2023-10-03 14:29:43 status half-configured fdisk:arm64 2.36.1-8+deb11u1
2023-10-03 14:29:43 status installed fdisk:arm64 2.36.1-8+deb11u1
2023-10-03 14:29:43 configure ca-certificates:all 20210119 <none>
2023-10-03 14:29:43 status unpacked ca-certificates:all 20210119
2023-10-03 14:29:43 status half-configured ca-certificates:all 20210119
2023-10-03 14:29:43 status installed ca-certificates:all 20210119
2023-10-03 14:29:43 status triggers-pending ca-certificates:all 20210119
2023-10-03 14:29:43 configure whiptail:arm64 0.52.21-4+b3 <none>
2023-10-03 14:29:43 status unpacked whiptail:arm64 0.52.21-4+b3
2023-10-03 14:29:43 status half-configured whiptail:arm64 0.52.21-4+b3
2023-10-03 14:29:43 status installed whiptail:arm64 0.52.21-4+b3
2023-10-03 14:29:43 configure procps:arm64 2:3.3.17-5 <none>
2023-10-03 14:29:43 status unpacked procps:arm64 2:3.3.17-5
2023-10-03 14:29:43 status half-configured procps:arm64 2:3.3.17-5
2023-10-03 14:29:43 status installed procps:arm64 2:3.3.17-5
2023-10-03 14:29:43 configure libbpf0:arm64 1:0.3-2 <none>
2023-10-03 14:29:43 status unpacked libbpf0:arm64 1:0.3-2
2023-10-03 14:29:43 status half-configured libbpf0:arm64 1:0.3-2
2023-10-03 14:29:43 status installed libbpf0:arm64 1:0.3-2
2023-10-03 14:29:43 configure libnftables1:arm64 0.9.8-3.1+deb11u1 <none>
2023-10-03 14:29:43 status unpacked libnftables1:arm64 0.9.8-3.1+deb11u1
2023-10-03 14:29:43 status half-configured libnftables1:arm64 0.9.8-3.1+deb11u1
2023-10-03 14:29:43 status installed libnftables1:arm64 0.9.8-3.1+deb11u1
2023-10-03 14:29:43 configure nftables:arm64 0.9.8-3.1+deb11u1 <none>
2023-10-03 14:29:43 status unpacked nftables:arm64 0.9.8-3.1+deb11u1
2023-10-03 14:29:43 status half-configured nftables:arm64 0.9.8-3.1+deb11u1
2023-10-03 14:29:44 status installed nftables:arm64 0.9.8-3.1+deb11u1
2023-10-03 14:29:44 configure iproute2:arm64 5.10.0-4 <none>
2023-10-03 14:29:44 status unpacked iproute2:arm64 5.10.0-4
2023-10-03 14:29:44 status half-configured iproute2:arm64 5.10.0-4
2023-10-03 14:29:44 status installed iproute2:arm64 5.10.0-4
2023-10-03 14:29:44 configure isc-dhcp-client:arm64 4.4.1-2.3+deb11u2 <none>
2023-10-03 14:29:44 status unpacked isc-dhcp-client:arm64 4.4.1-2.3+deb11u2
2023-10-03 14:29:44 status half-configured isc-dhcp-client:arm64 4.4.1-2.3+deb11u2
2023-10-03 14:29:44 status installed isc-dhcp-client:arm64 4.4.1-2.3+deb11u2
2023-10-03 14:29:44 configure ifupdown:arm64 0.8.36 <none>
2023-10-03 14:29:44 status unpacked ifupdown:arm64 0.8.36
2023-10-03 14:29:44 status half-configured ifupdown:arm64 0.8.36
2023-10-03 14:29:44 status installed ifupdown:arm64 0.8.36
2023-10-03 14:29:44 configure tasksel-data:all 3.68+deb11u1 <none>
2023-10-03 14:29:44 status unpacked tasksel-data:all 3.68+deb11u1
2023-10-03 14:29:44 status half-configured tasksel-data:all 3.68+deb11u1
2023-10-03 14:29:44 status installed tasksel-data:all 3.68+deb11u1
2023-10-03 14:29:44 configure tasksel:all 3.68+deb11u1 <none>
2023-10-03 14:29:44 status unpacked tasksel:all 3.68+deb11u1
2023-10-03 14:29:44 status half-configured tasksel:all 3.68+deb11u1
2023-10-03 14:29:44 status installed tasksel:all 3.68+deb11u1
2023-10-03 14:29:44 trigproc libc-bin:arm64 2.31-13+deb11u6 <none>
2023-10-03 14:29:44 status half-configured libc-bin:arm64 2.31-13+deb11u6
2023-10-03 14:29:44 status installed libc-bin:arm64 2.31-13+deb11u6
2023-10-03 14:29:44 trigproc ca-certificates:all 20210119 <none>
2023-10-03 14:29:44 status half-configured ca-certificates:all 20210119
2023-10-03 14:29:44 status installed ca-certificates:all 20210119
